Configuration file: /root/LAMP/my-jekyll-project/_config.yml
            Source: /root/LAMP/my-jekyll-project
       Destination: /root/LAMP/my-jekyll-project/_site
 Incremental build: disabled. Enable with --incremental
      Generating... 
                    done in 0.914 seconds.
 Auto-regeneration: enabled for '/root/LAMP/my-jekyll-project'
    Server address: http://104.131.173.242:80/
LiveReload address: http://104.131.173.242:35729
  Server running... press ctrl-c to stop.
        LiveReload: Browser connected
[2018-07-30 11:39:45] ERROR `/member.php' not found.
[2018-07-30 11:40:53] ERROR `/memberlist.php' not found.
[2018-07-30 11:41:27] ERROR `/member.php' not found.
[2018-07-30 11:42:40] ERROR `/robots.txt' not found.
[2018-07-30 11:44:01] ERROR `/memberlist.php' not found.
[2018-07-30 11:51:08] ERROR `/member.php' not found.
[2018-07-30 11:51:29] ERROR `/member.php' not found.
[2018-07-30 11:54:39] ERROR `/robots.txt' not found.
[2018-07-30 11:55:11] ERROR `/memberlist.php' not found.
[2018-07-30 11:58:23] ERROR `/member.php' not found.
[2018-07-30 12:01:12] ERROR `/member.php' not found.
[2018-07-30 12:01:37] ERROR `/calendar.php' not found.
[2018-07-30 12:02:41] ERROR `/member.php' not found.
[2018-07-30 12:03:36] ERROR `/member.php' not found.
[2018-07-30 12:04:06] ERROR `/search.php' not found.
[2018-07-30 12:04:46] ERROR `/member.php' not found.
[2018-07-30 12:06:11] ERROR `/member.php' not found.
[2018-07-30 12:06:12] ERROR `/member.php' not found.
[2018-07-30 12:06:14] ERROR `/memberlist.php' not found.
[2018-07-30 12:06:14] ERROR `/member.php' not found.
[2018-07-30 12:06:15] ERROR `/member.php' not found.
[2018-07-30 12:06:16] ERROR `/member.php' not found.
[2018-07-30 12:06:18] ERROR `/member.php' not found.
[2018-07-30 12:06:19] ERROR `/member.php' not found.
[2018-07-30 12:06:20] ERROR `/member.php' not found.
[2018-07-30 12:08:11] ERROR `/memberlist.php' not found.
[2018-07-30 12:09:20] ERROR `/robots.txt' not found.
[2018-07-30 12:09:20] ERROR `/search.php' not found.
[2018-07-30 12:11:13] ERROR `/memberlist.php' not found.
[2018-07-30 12:11:32] ERROR `/memberlist.php' not found.
[2018-07-30 12:11:46] ERROR `/calendar.php' not found.
[2018-07-30 12:11:48] ERROR `/memberlist.php' not found.
[2018-07-30 12:17:10] ERROR `/memberlist.php' not found.
[2018-07-30 12:18:45] ERROR `/member.php' not found.
[2018-07-30 12:21:18] ERROR `/member.php' not found.
[2018-07-30 12:24:09] ERROR `/user/register' not found.
[2018-07-30 12:24:09] ERROR `/36ba085810ea79483a0a0fe718983088' not found.
[2018-07-30 12:24:46] ERROR `/member.php' not found.
[2018-07-30 12:24:52] ERROR `/member.php' not found.
[2018-07-30 12:25:35] ERROR `/robots.txt' not found.
[2018-07-30 12:27:03] ERROR `/memberlist.php' not found.
[2018-07-30 12:28:40] ERROR `/memberlist.php' not found.
[2018-07-30 12:29:48] ERROR `/showthread.php' not found.
[2018-07-30 12:32:57] ERROR `/memberlist.php' not found.
[2018-07-30 12:33:03] ERROR `/member.php' not found.
[2018-07-30 12:34:25] ERROR `/member.php' not found.
[2018-07-30 12:35:44] ERROR `/member.php' not found.
[2018-07-30 12:37:24] ERROR `/member.php' not found.
[2018-07-30 12:38:09] ERROR `/member.php' not found.
[2018-07-30 12:38:13] ERROR `/robots.txt' not found.
[2018-07-30 12:39:52] ERROR `/member.php' not found.
[2018-07-30 12:41:01] ERROR `/memberlist.php' not found.
[2018-07-30 12:45:13] ERROR `/robots.txt' not found.
[2018-07-30 12:45:13] ERROR `/member.php' not found.
[2018-07-30 12:48:55] ERROR `/search.php' not found.
[2018-07-30 12:49:04] ERROR `/member.php' not found.
[2018-07-30 12:49:43] ERROR `/member.php' not found.
[2018-07-30 12:49:46] ERROR `/member.php' not found.
[2018-07-30 12:52:06] ERROR `/memberlist.php' not found.
[2018-07-30 12:57:00] ERROR Errno::ECONNRESET: Connection reset by peer @ io_fillbuf - fd:15 
	/root/LAMP/ruby/install/ruby-2.5.1/lib/ruby/2.5.0/webrick/httpserver.rb:82:in `eof?'
	/root/LAMP/ruby/install/ruby-2.5.1/lib/ruby/2.5.0/webrick/httpserver.rb:82:in `run'
	/root/LAMP/ruby/install/ruby-2.5.1/lib/ruby/2.5.0/webrick/server.rb:307:in `block in start_thread'
[2018-07-30 12:57:07] ERROR `/member.php' not found.
[2018-07-30 13:01:10] ERROR `/member.php' not found.
[2018-07-30 13:01:30] ERROR `/memberlist.php' not found.
[2018-07-30 13:03:42] ERROR `/member.php' not found.
[2018-07-30 13:04:42] ERROR `/memberlist.php' not found.
[2018-07-30 13:08:26] ERROR `/robots.txt' not found.
[2018-07-30 13:16:14] ERROR `/memberlist.php' not found.
[2018-07-30 13:17:03] ERROR `/member.php' not found.
[2018-07-30 13:20:08] ERROR `/search.php' not found.
[2018-07-30 13:20:19] ERROR `/memberlist.php' not found.
[2018-07-30 13:20:46] ERROR `/member.php' not found.
[2018-07-30 13:21:45] ERROR `/robots.txt' not found.
[2018-07-30 13:25:07] ERROR `/search.php' not found.
[2018-07-30 13:25:17] ERROR `/showthread.php' not found.
[2018-07-30 13:26:32] ERROR `/member.php' not found.
[2018-07-30 13:26:35] ERROR `/member.php' not found.
[2018-07-30 13:27:22] ERROR `/member.php' not found.
[2018-07-30 13:28:15] ERROR `/robots.txt' not found.
[2018-07-30 13:28:17] ERROR `/memberlist.php' not found.
[2018-07-30 13:28:18] ERROR `/member.php' not found.
[2018-07-30 13:28:19] ERROR `/memberlist.php' not found.
[2018-07-30 13:28:20] ERROR `/memberlist.php' not found.
[2018-07-30 13:28:22] ERROR `/memberlist.php' not found.
[2018-07-30 13:28:24] ERROR `/memberlist.php' not found.
[2018-07-30 13:28:25] ERROR `/memberlist.php' not found.
[2018-07-30 13:28:27] ERROR `/memberlist.php' not found.
[2018-07-30 13:28:28] ERROR `/memberlist.php' not found.
[2018-07-30 13:28:30] ERROR `/memberlist.php' not found.
[2018-07-30 13:28:32] ERROR `/memberlist.php' not found.
[2018-07-30 13:28:34] ERROR `/memberlist.php' not found.
[2018-07-30 13:28:35] ERROR `/memberlist.php' not found.
[2018-07-30 13:28:37] ERROR `/memberlist.php' not found.
[2018-07-30 13:28:39] ERROR `/memberlist.php' not found.
[2018-07-30 13:28:40] ERROR `/memberlist.php' not found.
[2018-07-30 13:28:42] ERROR `/memberlist.php' not found.
[2018-07-30 13:28:44] ERROR `/memberlist.php' not found.
[2018-07-30 13:28:45] ERROR `/memberlist.php' not found.
[2018-07-30 13:28:47] ERROR `/memberlist.php' not found.
[2018-07-30 13:28:49] ERROR `/memberlist.php' not found.
[2018-07-30 13:28:51] ERROR `/memberlist.php' not found.
[2018-07-30 13:28:53] ERROR `/memberlist.php' not found.
[2018-07-30 13:28:54] ERROR `/memberlist.php' not found.
[2018-07-30 13:28:56] ERROR `/memberlist.php' not found.
[2018-07-30 13:28:57] ERROR `/memberlist.php' not found.
[2018-07-30 13:28:59] ERROR `/memberlist.php' not found.
[2018-07-30 13:29:01] ERROR `/memberlist.php' not found.
[2018-07-30 13:29:02] ERROR `/memberlist.php' not found.
[2018-07-30 13:29:04] ERROR `/memberlist.php' not found.
[2018-07-30 13:29:05] ERROR `/memberlist.php' not found.
[2018-07-30 13:29:07] ERROR `/memberlist.php' not found.
[2018-07-30 13:29:09] ERROR `/memberlist.php' not found.
[2018-07-30 13:29:11] ERROR `/memberlist.php' not found.
[2018-07-30 13:29:12] ERROR `/memberlist.php' not found.
[2018-07-30 13:29:14] ERROR `/memberlist.php' not found.
[2018-07-30 13:29:16] ERROR `/memberlist.php' not found.
[2018-07-30 13:29:17] ERROR `/memberlist.php' not found.
[2018-07-30 13:29:19] ERROR `/memberlist.php' not found.
[2018-07-30 13:29:21] ERROR `/memberlist.php' not found.
[2018-07-30 13:29:22] ERROR `/memberlist.php' not found.
[2018-07-30 13:29:24] ERROR `/memberlist.php' not found.
[2018-07-30 13:29:26] ERROR `/memberlist.php' not found.
[2018-07-30 13:29:27] ERROR `/memberlist.php' not found.
[2018-07-30 13:29:29] ERROR `/memberlist.php' not found.
[2018-07-30 13:29:30] ERROR `/memberlist.php' not found.
[2018-07-30 13:29:32] ERROR `/memberlist.php' not found.
[2018-07-30 13:29:34] ERROR `/memberlist.php' not found.
[2018-07-30 13:29:35] ERROR `/memberlist.php' not found.
[2018-07-30 13:29:37] ERROR `/memberlist.php' not found.
[2018-07-30 13:29:39] ERROR `/memberlist.php' not found.
[2018-07-30 13:29:40] ERROR `/memberlist.php' not found.
[2018-07-30 13:29:42] ERROR `/memberlist.php' not found.
[2018-07-30 13:29:44] ERROR `/memberlist.php' not found.
[2018-07-30 13:29:45] ERROR `/memberlist.php' not found.
[2018-07-30 13:29:47] ERROR `/memberlist.php' not found.
[2018-07-30 13:29:49] ERROR `/memberlist.php' not found.
[2018-07-30 13:29:50] ERROR `/memberlist.php' not found.
[2018-07-30 13:29:52] ERROR `/memberlist.php' not found.
[2018-07-30 13:29:54] ERROR `/memberlist.php' not found.
[2018-07-30 13:30:54] ERROR `/member.php' not found.
[2018-07-30 13:31:54] ERROR `/member.php' not found.
[2018-07-30 13:31:56] ERROR `/member.php' not found.
[2018-07-30 13:32:17] ERROR `/memberlist.php' not found.
[2018-07-30 13:32:57] ERROR `/member.php' not found.
[2018-07-30 13:34:13] ERROR `/member.php' not found.
[2018-07-30 13:37:51] ERROR `/member.php' not found.
[2018-07-30 13:38:49] ERROR `/search.php' not found.
[2018-07-30 13:38:55] ERROR `/member.php' not found.
[2018-07-30 13:41:10] ERROR `/member.php' not found.
[2018-07-30 13:41:12] ERROR `/member.php' not found.
[2018-07-30 13:41:44] ERROR `/member.php' not found.
[2018-07-30 13:42:33] ERROR `/member.php' not found.
[2018-07-30 13:47:52] ERROR `/memberlist.php' not found.
[2018-07-30 13:49:42] ERROR `/member.php' not found.
[2018-07-30 13:50:23] ERROR `/calendar.php' not found.
[2018-07-30 13:51:08] ERROR `/member.php' not found.
[2018-07-30 13:51:29] ERROR `/robots.txt' not found.
[2018-07-30 13:57:34] ERROR `/memberlist.php' not found.
[2018-07-30 13:59:31] ERROR `/calendar.php' not found.
[2018-07-30 14:03:03] ERROR `/favicon.ico' not found.
[2018-07-30 14:03:20] ERROR `/css.php' not found.
[2018-07-30 14:03:47] ERROR `/memberlist.php' not found.
[2018-07-30 14:04:55] ERROR `/robots.txt' not found.
[2018-07-30 14:04:59] ERROR `/memberlist.php' not found.
[2018-07-30 14:09:47] ERROR `/member.php' not found.
[2018-07-30 14:10:02] ERROR `/member.php' not found.
[2018-07-30 14:10:07] ERROR `/member.php' not found.
[2018-07-30 14:14:26] ERROR `/member.php' not found.
[2018-07-30 14:15:19] ERROR `/member.php' not found.
[2018-07-30 14:18:30] ERROR `/member.php' not found.
[2018-07-30 14:20:45] ERROR `/memberlist.php' not found.
[2018-07-30 14:20:48] ERROR `/wp-login.php' not found.
[2018-07-30 14:20:48] ERROR `/wp-login.php' not found.
[2018-07-30 14:21:02] ERROR `/member.php' not found.
[2018-07-30 14:21:29] ERROR `/calendar.php' not found.
[2018-07-30 14:21:39] ERROR `/memberlist.php' not found.
[2018-07-30 14:23:09] ERROR `/member.php' not found.
[2018-07-30 14:25:47] ERROR `/member.php' not found.
[2018-07-30 14:26:00] ERROR `/memberlist.php' not found.
[2018-07-30 14:29:46] ERROR `/robots.txt' not found.
[2018-07-30 14:29:48] ERROR `/memberlist.php' not found.
[2018-07-30 14:29:50] ERROR `/memberlist.php' not found.
[2018-07-30 14:29:52] ERROR `/memberlist.php' not found.
[2018-07-30 14:29:53] ERROR `/memberlist.php' not found.
[2018-07-30 14:29:55] ERROR `/memberlist.php' not found.
[2018-07-30 14:29:57] ERROR `/memberlist.php' not found.
[2018-07-30 14:29:58] ERROR `/memberlist.php' not found.
[2018-07-30 14:30:00] ERROR `/memberlist.php' not found.
[2018-07-30 14:30:01] ERROR `/memberlist.php' not found.
[2018-07-30 14:30:03] ERROR `/memberlist.php' not found.
[2018-07-30 14:30:05] ERROR `/memberlist.php' not found.
[2018-07-30 14:30:07] ERROR `/memberlist.php' not found.
[2018-07-30 14:30:08] ERROR `/memberlist.php' not found.
[2018-07-30 14:30:10] ERROR `/memberlist.php' not found.
[2018-07-30 14:30:12] ERROR `/memberlist.php' not found.
[2018-07-30 14:30:13] ERROR `/memberlist.php' not found.
[2018-07-30 14:30:15] ERROR `/memberlist.php' not found.
[2018-07-30 14:30:17] ERROR `/memberlist.php' not found.
[2018-07-30 14:30:18] ERROR `/memberlist.php' not found.
[2018-07-30 14:30:20] ERROR `/memberlist.php' not found.
[2018-07-30 14:30:21] ERROR `/memberlist.php' not found.
[2018-07-30 14:30:23] ERROR `/memberlist.php' not found.
[2018-07-30 14:30:25] ERROR `/memberlist.php' not found.
[2018-07-30 14:30:26] ERROR `/memberlist.php' not found.
[2018-07-30 14:30:28] ERROR `/memberlist.php' not found.
[2018-07-30 14:30:30] ERROR `/memberlist.php' not found.
[2018-07-30 14:30:31] ERROR `/memberlist.php' not found.
[2018-07-30 14:30:33] ERROR `/memberlist.php' not found.
[2018-07-30 14:30:35] ERROR `/memberlist.php' not found.
[2018-07-30 14:30:36] ERROR `/memberlist.php' not found.
[2018-07-30 14:30:38] ERROR `/memberlist.php' not found.
[2018-07-30 14:30:40] ERROR `/memberlist.php' not found.
[2018-07-30 14:30:41] ERROR `/memberlist.php' not found.
[2018-07-30 14:30:43] ERROR `/memberlist.php' not found.
[2018-07-30 14:30:45] ERROR `/memberlist.php' not found.
[2018-07-30 14:30:46] ERROR `/memberlist.php' not found.
[2018-07-30 14:30:48] ERROR `/memberlist.php' not found.
[2018-07-30 14:30:50] ERROR `/memberlist.php' not found.
[2018-07-30 14:30:51] ERROR `/memberlist.php' not found.
[2018-07-30 14:30:53] ERROR `/memberlist.php' not found.
[2018-07-30 14:30:55] ERROR `/memberlist.php' not found.
[2018-07-30 14:30:56] ERROR `/memberlist.php' not found.
[2018-07-30 14:30:58] ERROR `/memberlist.php' not found.
[2018-07-30 14:31:00] ERROR `/memberlist.php' not found.
[2018-07-30 14:31:01] ERROR `/memberlist.php' not found.
[2018-07-30 14:31:03] ERROR `/memberlist.php' not found.
[2018-07-30 14:31:05] ERROR `/memberlist.php' not found.
[2018-07-30 14:31:06] ERROR `/memberlist.php' not found.
[2018-07-30 14:31:08] ERROR `/memberlist.php' not found.
[2018-07-30 14:31:10] ERROR `/memberlist.php' not found.
[2018-07-30 14:31:11] ERROR `/memberlist.php' not found.
[2018-07-30 14:31:13] ERROR `/memberlist.php' not found.
[2018-07-30 14:31:15] ERROR `/memberlist.php' not found.
[2018-07-30 14:31:17] ERROR `/memberlist.php' not found.
[2018-07-30 14:31:18] ERROR `/memberlist.php' not found.
[2018-07-30 14:31:20] ERROR `/memberlist.php' not found.
[2018-07-30 14:31:21] ERROR `/memberlist.php' not found.
[2018-07-30 14:31:23] ERROR `/memberlist.php' not found.
[2018-07-30 14:31:25] ERROR `/memberlist.php' not found.
[2018-07-30 14:31:27] ERROR `/memberlist.php' not found.
[2018-07-30 14:31:28] ERROR `/memberlist.php' not found.
[2018-07-30 14:31:30] ERROR `/memberlist.php' not found.
[2018-07-30 14:31:32] ERROR `/memberlist.php' not found.
[2018-07-30 14:31:33] ERROR `/memberlist.php' not found.
[2018-07-30 14:31:35] ERROR `/memberlist.php' not found.
[2018-07-30 14:31:37] ERROR `/memberlist.php' not found.
[2018-07-30 14:31:39] ERROR `/memberlist.php' not found.
[2018-07-30 14:31:40] ERROR `/memberlist.php' not found.
[2018-07-30 14:31:42] ERROR `/memberlist.php' not found.
[2018-07-30 14:31:44] ERROR `/memberlist.php' not found.
[2018-07-30 14:31:45] ERROR `/memberlist.php' not found.
[2018-07-30 14:31:47] ERROR `/memberlist.php' not found.
[2018-07-30 14:31:49] ERROR `/memberlist.php' not found.
[2018-07-30 14:31:50] ERROR `/memberlist.php' not found.
[2018-07-30 14:31:52] ERROR `/memberlist.php' not found.
[2018-07-30 14:31:54] ERROR `/memberlist.php' not found.
[2018-07-30 14:31:55] ERROR `/search.php' not found.
[2018-07-30 14:31:55] ERROR `/memberlist.php' not found.
[2018-07-30 14:31:56] ERROR `/search.php' not found.
[2018-07-30 14:31:57] ERROR `/memberlist.php' not found.
[2018-07-30 14:31:58] ERROR `/search.php' not found.
[2018-07-30 14:31:59] ERROR `/memberlist.php' not found.
[2018-07-30 14:32:00] ERROR `/memberlist.php' not found.
[2018-07-30 14:32:02] ERROR `/memberlist.php' not found.
[2018-07-30 14:32:03] ERROR `/memberlist.php' not found.
[2018-07-30 14:32:05] ERROR `/memberlist.php' not found.
[2018-07-30 14:32:07] ERROR `/memberlist.php' not found.
[2018-07-30 14:32:08] ERROR `/member.php' not found.
[2018-07-30 14:32:09] ERROR `/memberlist.php' not found.
[2018-07-30 14:32:10] ERROR `/memberlist.php' not found.
[2018-07-30 14:32:12] ERROR `/memberlist.php' not found.
[2018-07-30 14:32:14] ERROR `/memberlist.php' not found.
[2018-07-30 14:32:15] ERROR `/memberlist.php' not found.
[2018-07-30 14:32:17] ERROR `/memberlist.php' not found.
[2018-07-30 14:32:19] ERROR `/memberlist.php' not found.
[2018-07-30 14:32:20] ERROR `/memberlist.php' not found.
[2018-07-30 14:32:22] ERROR `/memberlist.php' not found.
[2018-07-30 14:32:24] ERROR `/memberlist.php' not found.
[2018-07-30 14:32:25] ERROR `/memberlist.php' not found.
[2018-07-30 14:32:27] ERROR `/memberlist.php' not found.
[2018-07-30 14:32:29] ERROR `/memberlist.php' not found.
[2018-07-30 14:32:30] ERROR `/memberlist.php' not found.
[2018-07-30 14:32:32] ERROR `/memberlist.php' not found.
[2018-07-30 14:32:34] ERROR `/memberlist.php' not found.
[2018-07-30 14:32:35] ERROR `/memberlist.php' not found.
[2018-07-30 14:32:37] ERROR `/memberlist.php' not found.
[2018-07-30 14:32:39] ERROR `/memberlist.php' not found.
[2018-07-30 14:32:40] ERROR `/memberlist.php' not found.
[2018-07-30 14:32:42] ERROR `/memberlist.php' not found.
[2018-07-30 14:32:44] ERROR `/memberlist.php' not found.
[2018-07-30 14:32:45] ERROR `/memberlist.php' not found.
[2018-07-30 14:32:47] ERROR `/memberlist.php' not found.
[2018-07-30 14:32:49] ERROR `/memberlist.php' not found.
[2018-07-30 14:32:51] ERROR `/memberlist.php' not found.
[2018-07-30 14:32:52] ERROR `/memberlist.php' not found.
[2018-07-30 14:32:54] ERROR `/memberlist.php' not found.
[2018-07-30 14:32:56] ERROR `/memberlist.php' not found.
[2018-07-30 14:32:57] ERROR `/memberlist.php' not found.
[2018-07-30 14:32:59] ERROR `/memberlist.php' not found.
[2018-07-30 14:33:01] ERROR `/memberlist.php' not found.
[2018-07-30 14:33:02] ERROR `/memberlist.php' not found.
[2018-07-30 14:33:04] ERROR `/memberlist.php' not found.
[2018-07-30 14:33:06] ERROR `/memberlist.php' not found.
[2018-07-30 14:33:07] ERROR `/memberlist.php' not found.
[2018-07-30 14:33:09] ERROR `/memberlist.php' not found.
[2018-07-30 14:33:11] ERROR `/memberlist.php' not found.
[2018-07-30 14:33:13] ERROR `/memberlist.php' not found.
[2018-07-30 14:33:14] ERROR `/memberlist.php' not found.
[2018-07-30 14:33:16] ERROR `/memberlist.php' not found.
[2018-07-30 14:33:18] ERROR `/memberlist.php' not found.
[2018-07-30 14:33:19] ERROR `/memberlist.php' not found.
[2018-07-30 14:33:21] ERROR `/memberlist.php' not found.
[2018-07-30 14:33:23] ERROR `/memberlist.php' not found.
[2018-07-30 14:33:25] ERROR `/memberlist.php' not found.
[2018-07-30 14:33:26] ERROR `/memberlist.php' not found.
[2018-07-30 14:33:28] ERROR `/memberlist.php' not found.
[2018-07-30 14:33:30] ERROR `/memberlist.php' not found.
[2018-07-30 14:33:31] ERROR `/memberlist.php' not found.
[2018-07-30 14:33:33] ERROR `/memberlist.php' not found.
[2018-07-30 14:33:35] ERROR `/memberlist.php' not found.
[2018-07-30 14:33:36] ERROR `/memberlist.php' not found.
[2018-07-30 14:33:38] ERROR `/memberlist.php' not found.
[2018-07-30 14:33:40] ERROR `/memberlist.php' not found.
[2018-07-30 14:33:41] ERROR `/memberlist.php' not found.
[2018-07-30 14:33:43] ERROR `/memberlist.php' not found.
[2018-07-30 14:33:45] ERROR `/memberlist.php' not found.
[2018-07-30 14:33:47] ERROR `/memberlist.php' not found.
[2018-07-30 14:33:48] ERROR `/memberlist.php' not found.
[2018-07-30 14:33:50] ERROR `/memberlist.php' not found.
[2018-07-30 14:33:50] ERROR `/memberlist.php' not found.
[2018-07-30 14:33:52] ERROR `/memberlist.php' not found.
[2018-07-30 14:34:20] ERROR `/robots.txt' not found.
[2018-07-30 14:34:21] ERROR `/memberlist.php' not found.
[2018-07-30 14:36:28] ERROR `/memberlist.php' not found.
[2018-07-30 14:36:47] ERROR `/member.php' not found.
[2018-07-30 14:40:54] ERROR `/search.php' not found.
[2018-07-30 14:45:11] ERROR `/member.php' not found.
[2018-07-30 14:47:37] ERROR `/member.php' not found.
[2018-07-30 14:47:49] ERROR `/robots.txt' not found.
[2018-07-30 14:49:54] ERROR `/member.php' not found.
[2018-07-30 14:54:28] ERROR `/member.php' not found.
[2018-07-30 14:55:03] ERROR Errno::ECONNRESET: Connection reset by peer @ io_fillbuf - fd:15 
	/root/LAMP/ruby/install/ruby-2.5.1/lib/ruby/2.5.0/webrick/httpserver.rb:82:in `eof?'
	/root/LAMP/ruby/install/ruby-2.5.1/lib/ruby/2.5.0/webrick/httpserver.rb:82:in `run'
	/root/LAMP/ruby/install/ruby-2.5.1/lib/ruby/2.5.0/webrick/server.rb:307:in `block in start_thread'
[2018-07-30 14:56:17] ERROR `/member.php' not found.
[2018-07-30 14:56:18] ERROR `/member.php' not found.
[2018-07-30 14:56:20] ERROR `/member.php' not found.
[2018-07-30 14:56:22] ERROR `/member.php' not found.
[2018-07-30 14:56:23] ERROR `/member.php' not found.
[2018-07-30 14:56:35] ERROR `/index.php' not found.
[2018-07-30 14:57:33] ERROR `/memberlist.php' not found.
[2018-07-30 14:57:59] ERROR `/memberlist.php' not found.
[2018-07-30 14:59:15] ERROR `/memberlist.php' not found.
[2018-07-30 15:00:56] ERROR `/member.php' not found.
[2018-07-30 15:07:10] ERROR `/search.php' not found.
[2018-07-30 15:07:11] ERROR `/search.php' not found.
[2018-07-30 15:07:12] ERROR `/search.php' not found.
[2018-07-30 15:07:29] ERROR `/member.php' not found.
[2018-07-30 15:08:53] ERROR `/member.php' not found.
[2018-07-30 15:09:04] ERROR `/member.php' not found.
[2018-07-30 15:10:51] ERROR `/memberlist.php' not found.
[2018-07-30 15:11:54] ERROR `/memberlist.php' not found.
[2018-07-30 15:12:51] ERROR `/index.php' not found.
[2018-07-30 15:15:01] ERROR `/memberlist.php' not found.
[2018-07-30 15:17:05] ERROR `/robots.txt' not found.
[2018-07-30 15:18:10] ERROR `/member.php' not found.
[2018-07-30 15:20:04] ERROR `/memberlist.php' not found.
[2018-07-30 15:20:28] ERROR `/memberlist.php' not found.
[2018-07-30 15:21:55] ERROR `/member.php' not found.
[2018-07-30 15:23:30] ERROR `/member.php' not found.
[2018-07-30 15:24:56] ERROR `/memberlist.php' not found.
[2018-07-30 15:26:39] ERROR `/search.php' not found.
[2018-07-30 15:29:40] ERROR `/memberlist.php' not found.
[2018-07-30 15:30:46] ERROR `/robots.txt' not found.
[2018-07-30 15:31:55] ERROR `/index.php' not found.
[2018-07-30 15:32:39] ERROR `/member.php' not found.
[2018-07-30 15:37:08] ERROR `/memberlist.php' not found.
[2018-07-30 15:39:29] ERROR `/member.php' not found.
[2018-07-30 15:39:31] ERROR `/member.php' not found.
[2018-07-30 15:39:33] ERROR `/member.php' not found.
[2018-07-30 15:39:48] ERROR `/usercp2.php' not found.
[2018-07-30 15:40:32] ERROR `/member.php' not found.
[2018-07-30 15:43:03] ERROR `/member.php' not found.
[2018-07-30 15:43:08] ERROR `/member.php' not found.
[2018-07-30 15:46:20] ERROR `/search.php' not found.
[2018-07-30 15:46:22] ERROR `/search.php' not found.
[2018-07-30 15:46:23] ERROR `/search.php' not found.
[2018-07-30 15:50:11] ERROR `/robots.txt' not found.
[2018-07-30 15:50:11] ERROR `/calendar.php' not found.
[2018-07-30 15:50:12] ERROR `/calendar.php' not found.
[2018-07-30 15:50:13] ERROR `/calendar.php' not found.
[2018-07-30 15:50:17] ERROR `/calendar.php' not found.
[2018-07-30 15:50:17] ERROR `/calendar.php' not found.
[2018-07-30 15:50:17] ERROR `/calendar.php' not found.
[2018-07-30 15:50:20] ERROR `/calendar.php' not found.
[2018-07-30 15:50:21] ERROR `/calendar.php' not found.
[2018-07-30 15:50:21] ERROR `/calendar.php' not found.
[2018-07-30 15:50:22] ERROR `/calendar.php' not found.
[2018-07-30 15:50:24] ERROR `/calendar.php' not found.
[2018-07-30 15:50:25] ERROR `/calendar.php' not found.
[2018-07-30 15:50:26] ERROR `/calendar.php' not found.
[2018-07-30 15:50:29] ERROR `/calendar.php' not found.
[2018-07-30 15:50:30] ERROR `/calendar.php' not found.
[2018-07-30 15:50:31] ERROR `/calendar.php' not found.
[2018-07-30 15:50:33] ERROR `/calendar.php' not found.
[2018-07-30 15:50:34] ERROR `/calendar.php' not found.
[2018-07-30 15:50:35] ERROR `/calendar.php' not found.
[2018-07-30 15:50:36] ERROR `/calendar.php' not found.
[2018-07-30 15:50:37] ERROR `/calendar.php' not found.
[2018-07-30 15:50:40] ERROR `/calendar.php' not found.
[2018-07-30 15:50:42] ERROR `/calendar.php' not found.
[2018-07-30 15:50:44] ERROR `/calendar.php' not found.
[2018-07-30 15:50:46] ERROR `/calendar.php' not found.
[2018-07-30 15:50:46] ERROR `/calendar.php' not found.
[2018-07-30 15:50:48] ERROR `/calendar.php' not found.
[2018-07-30 15:50:51] ERROR `/calendar.php' not found.
[2018-07-30 15:50:53] ERROR `/calendar.php' not found.
[2018-07-30 15:50:54] ERROR `/calendar.php' not found.
[2018-07-30 15:50:55] ERROR `/calendar.php' not found.
[2018-07-30 15:50:56] ERROR `/calendar.php' not found.
[2018-07-30 15:50:58] ERROR `/calendar.php' not found.
[2018-07-30 15:50:59] ERROR `/calendar.php' not found.
[2018-07-30 15:51:00] ERROR `/calendar.php' not found.
[2018-07-30 15:51:02] ERROR `/calendar.php' not found.
[2018-07-30 15:51:03] ERROR `/calendar.php' not found.
[2018-07-30 15:51:04] ERROR `/calendar.php' not found.
[2018-07-30 15:51:05] ERROR `/calendar.php' not found.
[2018-07-30 15:51:06] ERROR `/calendar.php' not found.
[2018-07-30 15:51:08] ERROR `/calendar.php' not found.
[2018-07-30 15:51:09] ERROR `/calendar.php' not found.
[2018-07-30 15:51:10] ERROR `/calendar.php' not found.
[2018-07-30 15:51:11] ERROR `/calendar.php' not found.
[2018-07-30 15:51:12] ERROR `/calendar.php' not found.
[2018-07-30 15:51:14] ERROR `/calendar.php' not found.
[2018-07-30 15:51:15] ERROR `/calendar.php' not found.
[2018-07-30 15:51:16] ERROR `/calendar.php' not found.
[2018-07-30 15:51:32] ERROR `/calendar.php' not found.
[2018-07-30 15:51:43] ERROR `/memberlist.php' not found.
[2018-07-30 15:51:44] ERROR `/memberlist.php' not found.
[2018-07-30 15:51:46] ERROR `/memberlist.php' not found.
[2018-07-30 15:51:47] ERROR `/memberlist.php' not found.
[2018-07-30 15:51:47] ERROR `/memberlist.php' not found.
[2018-07-30 15:51:48] ERROR `/memberlist.php' not found.
[2018-07-30 15:51:49] ERROR `/calendar.php' not found.
[2018-07-30 15:51:50] ERROR `/calendar.php' not found.
[2018-07-30 15:51:51] ERROR `/memberlist.php' not found.
[2018-07-30 15:51:52] ERROR `/calendar.php' not found.
[2018-07-30 15:51:53] ERROR `/memberlist.php' not found.
[2018-07-30 15:51:55] ERROR `/memberlist.php' not found.
[2018-07-30 15:51:56] ERROR `/memberlist.php' not found.
[2018-07-30 15:51:57] ERROR `/calendar.php' not found.
[2018-07-30 15:51:58] ERROR `/memberlist.php' not found.
[2018-07-30 15:52:00] ERROR `/memberlist.php' not found.
[2018-07-30 15:52:01] ERROR `/calendar.php' not found.
[2018-07-30 15:52:03] ERROR `/calendar.php' not found.
[2018-07-30 15:52:11] ERROR `/calendar.php' not found.
[2018-07-30 15:52:12] ERROR `/memberlist.php' not found.
[2018-07-30 15:52:13] ERROR `/calendar.php' not found.
[2018-07-30 15:52:14] ERROR `/memberlist.php' not found.
[2018-07-30 15:52:18] ERROR `/calendar.php' not found.
[2018-07-30 15:52:19] ERROR `/memberlist.php' not found.
[2018-07-30 15:52:20] ERROR `/memberlist.php' not found.
[2018-07-30 15:52:22] ERROR `/memberlist.php' not found.
[2018-07-30 15:52:23] ERROR `/calendar.php' not found.
[2018-07-30 15:52:24] ERROR `/calendar.php' not found.
[2018-07-30 15:52:25] ERROR `/memberlist.php' not found.
[2018-07-30 15:52:27] ERROR `/memberlist.php' not found.
[2018-07-30 15:52:28] ERROR `/calendar.php' not found.
[2018-07-30 15:52:30] ERROR `/calendar.php' not found.
[2018-07-30 15:52:31] ERROR `/calendar.php' not found.
[2018-07-30 15:52:33] ERROR `/calendar.php' not found.
[2018-07-30 15:52:36] ERROR `/calendar.php' not found.
[2018-07-30 15:52:37] ERROR `/calendar.php' not found.
[2018-07-30 15:52:39] ERROR `/memberlist.php' not found.
[2018-07-30 15:52:41] ERROR `/calendar.php' not found.
[2018-07-30 15:52:42] ERROR `/calendar.php' not found.
[2018-07-30 15:52:45] ERROR `/calendar.php' not found.
[2018-07-30 15:52:46] ERROR `/calendar.php' not found.
[2018-07-30 15:52:50] ERROR `/calendar.php' not found.
[2018-07-30 15:52:52] ERROR `/calendar.php' not found.
[2018-07-30 15:52:58] ERROR `/calendar.php' not found.
[2018-07-30 15:53:05] ERROR `/calendar.php' not found.
[2018-07-30 15:53:07] ERROR `/calendar.php' not found.
[2018-07-30 15:53:12] ERROR `/calendar.php' not found.
[2018-07-30 15:53:13] ERROR `/calendar.php' not found.
[2018-07-30 15:53:15] ERROR `/calendar.php' not found.
[2018-07-30 15:53:17] ERROR `/calendar.php' not found.
[2018-07-30 15:53:19] ERROR `/memberlist.php' not found.
[2018-07-30 15:53:26] ERROR `/calendar.php' not found.
[2018-07-30 15:53:27] ERROR `/calendar.php' not found.
[2018-07-30 15:53:29] ERROR `/calendar.php' not found.
[2018-07-30 15:53:30] ERROR `/calendar.php' not found.
[2018-07-30 15:53:31] ERROR `/memberlist.php' not found.
[2018-07-30 15:53:33] ERROR `/calendar.php' not found.
[2018-07-30 15:53:34] ERROR `/calendar.php' not found.
[2018-07-30 15:53:35] ERROR `/calendar.php' not found.
[2018-07-30 15:53:37] ERROR `/calendar.php' not found.
[2018-07-30 15:53:38] ERROR `/calendar.php' not found.
[2018-07-30 15:53:39] ERROR `/calendar.php' not found.
[2018-07-30 15:53:41] ERROR `/calendar.php' not found.
[2018-07-30 15:53:42] ERROR `/calendar.php' not found.
[2018-07-30 15:53:43] ERROR `/calendar.php' not found.
[2018-07-30 15:53:45] ERROR `/calendar.php' not found.
[2018-07-30 15:53:46] ERROR `/calendar.php' not found.
[2018-07-30 15:53:48] ERROR `/calendar.php' not found.
[2018-07-30 15:53:49] ERROR `/calendar.php' not found.
[2018-07-30 15:53:50] ERROR `/calendar.php' not found.
[2018-07-30 15:53:52] ERROR `/calendar.php' not found.
[2018-07-30 15:53:53] ERROR `/calendar.php' not found.
[2018-07-30 15:53:54] ERROR `/calendar.php' not found.
[2018-07-30 15:53:56] ERROR `/memberlist.php' not found.
[2018-07-30 15:53:57] ERROR `/calendar.php' not found.
[2018-07-30 15:53:58] ERROR `/calendar.php' not found.
[2018-07-30 15:54:00] ERROR `/calendar.php' not found.
[2018-07-30 15:54:01] ERROR `/calendar.php' not found.
[2018-07-30 15:54:02] ERROR `/calendar.php' not found.
[2018-07-30 15:54:03] ERROR `/calendar.php' not found.
[2018-07-30 15:54:05] ERROR `/calendar.php' not found.
[2018-07-30 15:54:06] ERROR `/calendar.php' not found.
[2018-07-30 15:54:07] ERROR `/calendar.php' not found.
[2018-07-30 15:54:08] ERROR `/calendar.php' not found.
[2018-07-30 15:54:09] ERROR `/memberlist.php' not found.
[2018-07-30 15:54:11] ERROR `/calendar.php' not found.
[2018-07-30 15:54:12] ERROR `/calendar.php' not found.
[2018-07-30 15:54:13] ERROR `/calendar.php' not found.
[2018-07-30 15:54:15] ERROR `/calendar.php' not found.
[2018-07-30 15:54:52] ERROR `/search.php' not found.
[2018-07-30 15:54:53] ERROR `/search.php' not found.
[2018-07-30 15:54:55] ERROR `/search.php' not found.
[2018-07-30 15:54:55] ERROR `/calendar.php' not found.
[2018-07-30 15:54:56] ERROR `/search.php' not found.
[2018-07-30 15:54:56] ERROR `/calendar.php' not found.
[2018-07-30 15:54:57] ERROR `/search.php' not found.
[2018-07-30 15:55:09] ERROR `/calendar.php' not found.
[2018-07-30 15:55:13] ERROR `/calendar.php' not found.
[2018-07-30 15:55:14] ERROR `/calendar.php' not found.
[2018-07-30 15:55:15] ERROR `/memberlist.php' not found.
[2018-07-30 15:55:15] ERROR `/calendar.php' not found.
[2018-07-30 15:55:16] ERROR `/memberlist.php' not found.
[2018-07-30 15:55:17] ERROR `/memberlist.php' not found.
[2018-07-30 15:55:17] ERROR `/calendar.php' not found.
[2018-07-30 15:55:18] ERROR `/memberlist.php' not found.
[2018-07-30 15:55:18] ERROR `/calendar.php' not found.
[2018-07-30 15:55:19] ERROR `/memberlist.php' not found.
[2018-07-30 15:55:19] ERROR `/memberlist.php' not found.
[2018-07-30 15:55:21] ERROR `/calendar.php' not found.
[2018-07-30 15:55:23] ERROR `/calendar.php' not found.
[2018-07-30 15:55:24] ERROR `/calendar.php' not found.
[2018-07-30 15:55:26] ERROR `/calendar.php' not found.
[2018-07-30 15:55:28] ERROR `/calendar.php' not found.
[2018-07-30 15:55:31] ERROR `/calendar.php' not found.
[2018-07-30 15:55:33] ERROR `/calendar.php' not found.
[2018-07-30 15:55:35] ERROR `/calendar.php' not found.
[2018-07-30 15:55:38] ERROR `/calendar.php' not found.
[2018-07-30 15:55:42] ERROR `/calendar.php' not found.
[2018-07-30 15:55:45] ERROR `/calendar.php' not found.
[2018-07-30 15:55:48] ERROR `/calendar.php' not found.
[2018-07-30 15:55:49] ERROR `/calendar.php' not found.
[2018-07-30 15:55:52] ERROR `/calendar.php' not found.
[2018-07-30 15:55:54] ERROR `/calendar.php' not found.
[2018-07-30 15:55:55] ERROR `/calendar.php' not found.
[2018-07-30 15:55:55] ERROR `/calendar.php' not found.
[2018-07-30 15:55:56] ERROR `/calendar.php' not found.
[2018-07-30 15:55:59] ERROR `/calendar.php' not found.
[2018-07-30 15:56:00] ERROR `/calendar.php' not found.
[2018-07-30 15:56:02] ERROR `/calendar.php' not found.
[2018-07-30 15:56:03] ERROR `/calendar.php' not found.
[2018-07-30 15:56:06] ERROR `/calendar.php' not found.
[2018-07-30 15:56:07] ERROR `/calendar.php' not found.
[2018-07-30 15:56:09] ERROR `/calendar.php' not found.
[2018-07-30 15:56:10] ERROR `/calendar.php' not found.
[2018-07-30 15:56:11] ERROR `/calendar.php' not found.
[2018-07-30 15:56:13] ERROR `/calendar.php' not found.
[2018-07-30 15:56:14] ERROR `/calendar.php' not found.
[2018-07-30 15:56:18] ERROR `/calendar.php' not found.
[2018-07-30 15:56:22] ERROR `/calendar.php' not found.
[2018-07-30 15:56:23] ERROR `/calendar.php' not found.
[2018-07-30 15:56:25] ERROR `/calendar.php' not found.
[2018-07-30 15:56:25] ERROR `/calendar.php' not found.
[2018-07-30 15:56:26] ERROR `/calendar.php' not found.
[2018-07-30 15:56:27] ERROR `/calendar.php' not found.
[2018-07-30 15:56:30] ERROR `/calendar.php' not found.
[2018-07-30 15:56:35] ERROR `/calendar.php' not found.
[2018-07-30 15:56:36] ERROR `/calendar.php' not found.
[2018-07-30 15:56:39] ERROR `/calendar.php' not found.
[2018-07-30 15:56:41] ERROR `/search.php' not found.
[2018-07-30 15:56:41] ERROR `/calendar.php' not found.
[2018-07-30 15:56:43] ERROR `/calendar.php' not found.
[2018-07-30 15:56:44] ERROR `/memberlist.php' not found.
[2018-07-30 15:56:47] ERROR `/calendar.php' not found.
[2018-07-30 15:56:48] ERROR `/calendar.php' not found.
[2018-07-30 15:56:51] ERROR `/calendar.php' not found.
[2018-07-30 15:56:53] ERROR `/calendar.php' not found.
[2018-07-30 15:56:57] ERROR `/calendar.php' not found.
[2018-07-30 15:56:59] ERROR `/calendar.php' not found.
[2018-07-30 15:57:02] ERROR `/calendar.php' not found.
[2018-07-30 15:57:07] ERROR `/memberlist.php' not found.
[2018-07-30 15:57:12] ERROR `/calendar.php' not found.
[2018-07-30 15:57:13] ERROR `/memberlist.php' not found.
[2018-07-30 15:57:16] ERROR `/calendar.php' not found.
[2018-07-30 15:57:17] ERROR `/calendar.php' not found.
[2018-07-30 15:57:17] ERROR `/calendar.php' not found.
[2018-07-30 15:57:18] ERROR `/calendar.php' not found.
[2018-07-30 15:57:19] ERROR `/calendar.php' not found.
[2018-07-30 15:57:20] ERROR `/calendar.php' not found.
[2018-07-30 15:57:22] ERROR `/calendar.php' not found.
[2018-07-30 15:57:23] ERROR `/memberlist.php' not found.
[2018-07-30 15:57:26] ERROR `/calendar.php' not found.
[2018-07-30 15:57:29] ERROR `/calendar.php' not found.
[2018-07-30 15:57:33] ERROR `/calendar.php' not found.
[2018-07-30 15:57:36] ERROR `/calendar.php' not found.
[2018-07-30 15:57:42] ERROR `/calendar.php' not found.
[2018-07-30 15:57:44] ERROR `/calendar.php' not found.
[2018-07-30 15:57:49] ERROR `/calendar.php' not found.
[2018-07-30 15:57:56] ERROR `/calendar.php' not found.
[2018-07-30 15:58:03] ERROR `/calendar.php' not found.
[2018-07-30 15:58:09] ERROR `/calendar.php' not found.
[2018-07-30 15:58:16] ERROR `/calendar.php' not found.
[2018-07-30 15:58:23] ERROR `/calendar.php' not found.
[2018-07-30 15:58:30] ERROR `/calendar.php' not found.
[2018-07-30 15:58:36] ERROR `/calendar.php' not found.
[2018-07-30 15:58:43] ERROR `/calendar.php' not found.
[2018-07-30 15:58:50] ERROR `/calendar.php' not found.
[2018-07-30 15:58:57] ERROR `/calendar.php' not found.
[2018-07-30 15:59:00] ERROR `/member.php' not found.
[2018-07-30 15:59:03] ERROR `/memberlist.php' not found.
[2018-07-30 15:59:10] ERROR `/calendar.php' not found.
[2018-07-30 15:59:17] ERROR `/calendar.php' not found.
[2018-07-30 15:59:24] ERROR `/calendar.php' not found.
[2018-07-30 15:59:31] ERROR `/calendar.php' not found.
[2018-07-30 15:59:37] ERROR `/calendar.php' not found.
[2018-07-30 15:59:44] ERROR `/calendar.php' not found.
[2018-07-30 15:59:52] ERROR `/calendar.php' not found.
[2018-07-30 15:59:53] ERROR `/robots.txt' not found.
[2018-07-30 15:59:59] ERROR `/calendar.php' not found.
[2018-07-30 16:00:03] ERROR `/memberlist.php' not found.
[2018-07-30 16:00:06] ERROR `/calendar.php' not found.
[2018-07-30 16:04:38] ERROR `/memberlist.php' not found.
[2018-07-30 16:05:36] ERROR `/member.php' not found.
[2018-07-30 16:07:14] ERROR `/memberlist.php' not found.
[2018-07-30 16:11:36] ERROR `/member.php' not found.
[2018-07-30 16:11:53] ERROR `/memberlist.php' not found.
[2018-07-30 16:12:27] ERROR `/memberlist.php' not found.
[2018-07-30 16:13:47] ERROR `/robots.txt' not found.
[2018-07-30 16:20:40] ERROR `/member.php' not found.
[2018-07-30 16:21:38] ERROR `/member.php' not found.
[2018-07-30 16:21:40] ERROR `/member.php' not found.
[2018-07-30 16:21:42] ERROR `/member.php' not found.
[2018-07-30 16:21:44] ERROR `/member.php' not found.
[2018-07-30 16:21:45] ERROR `/calendar.php' not found.
[2018-07-30 16:23:49] ERROR `/member.php' not found.
[2018-07-30 16:25:36] ERROR `/search.php' not found.
[2018-07-30 16:26:37] ERROR `/login.cgi' not found.
[2018-07-30 16:26:38] ERROR `/memberlist.php' not found.
[2018-07-30 16:29:21] ERROR `/search.php' not found.
[2018-07-30 16:32:18] ERROR `/memberlist.php' not found.
[2018-07-30 16:32:22] ERROR `/member.php' not found.
[2018-07-30 16:32:57] ERROR `/member.php' not found.
[2018-07-30 16:34:55] ERROR `/member.php' not found.
[2018-07-30 16:35:55] ERROR `/member.php' not found.
[2018-07-30 16:39:50] ERROR `/search.php' not found.
[2018-07-30 16:40:27] ERROR `/memberlist.php' not found.
[2018-07-30 16:42:50] ERROR `/robots.txt' not found.
[2018-07-30 16:43:25] ERROR `/member.php' not found.
[2018-07-30 16:44:18] ERROR `/archive/index.php' not found.
[2018-07-30 16:46:48] ERROR `/member.php' not found.
[2018-07-30 16:48:41] ERROR `/memberlist.php' not found.
[2018-07-30 16:49:37] ERROR `/index.php' not found.
[2018-07-30 16:50:25] ERROR `/memberlist.php' not found.
[2018-07-30 16:50:39] ERROR `/member.php' not found.
[2018-07-30 16:54:34] ERROR Errno::ECONNRESET: Connection reset by peer @ io_fillbuf - fd:15 
	/root/LAMP/ruby/install/ruby-2.5.1/lib/ruby/2.5.0/webrick/httpserver.rb:82:in `eof?'
	/root/LAMP/ruby/install/ruby-2.5.1/lib/ruby/2.5.0/webrick/httpserver.rb:82:in `run'
	/root/LAMP/ruby/install/ruby-2.5.1/lib/ruby/2.5.0/webrick/server.rb:307:in `block in start_thread'
[2018-07-30 16:56:54] ERROR `/robots.txt' not found.
[2018-07-30 16:58:09] ERROR `/memberlist.php' not found.
[2018-07-30 16:59:01] ERROR `/member.php' not found.
[2018-07-30 16:59:46] ERROR `/member.php' not found.
[2018-07-30 17:05:41] ERROR `/memberlist.php' not found.
[2018-07-30 17:06:41] ERROR `/member.php' not found.
[2018-07-30 17:12:28] ERROR `/search.php' not found.
[2018-07-30 17:13:57] ERROR `/search.php' not found.
[2018-07-30 17:14:41] ERROR `/member.php' not found.
[2018-07-30 17:14:42] ERROR `/memberlist.php' not found.
[2018-07-30 17:18:31] ERROR `/member.php' not found.
[2018-07-30 17:25:56] ERROR `/robots.txt' not found.
[2018-07-30 17:29:06] ERROR `/ratethread.php' not found.
[2018-07-30 17:29:16] ERROR `/showthread.php' not found.
[2018-07-30 17:33:28] ERROR `/member.php' not found.
[2018-07-30 17:34:02] ERROR `/member.php' not found.
[2018-07-30 17:38:28] ERROR `/search.php' not found.
[2018-07-30 17:39:58] ERROR `/robots.txt' not found.
[2018-07-30 17:40:35] ERROR `/memberlist.php' not found.
[2018-07-30 17:41:49] ERROR `/calendar.php' not found.
[2018-07-30 17:42:06] ERROR `/member.php' not found.
[2018-07-30 17:43:43] ERROR `/member.php' not found.
[2018-07-30 17:46:28] ERROR `/member.php' not found.
[2018-07-30 17:47:31] ERROR `/member.php' not found.
[2018-07-30 17:47:32] ERROR `/member.php' not found.
[2018-07-30 17:47:34] ERROR `/member.php' not found.
[2018-07-30 17:47:36] ERROR `/member.php' not found.
[2018-07-30 17:48:02] ERROR `/newreply.php' not found.
[2018-07-30 17:48:18] ERROR `/calendar.php' not found.
[2018-07-30 17:53:45] ERROR `/member.php' not found.
[2018-07-30 17:57:09] ERROR `/memberlist.php' not found.
[2018-07-30 17:59:19] ERROR `/showthread.php' not found.
[2018-07-30 18:00:07] ERROR `/search.php' not found.
[2018-07-30 18:03:37] ERROR `/index.php' not found.
[2018-07-30 18:03:53] ERROR `/index.php' not found.
[2018-07-30 18:04:18] ERROR `/memberlist.php' not found.
[2018-07-30 18:09:22] ERROR `/robots.txt' not found.
[2018-07-30 18:11:20] ERROR `/memberlist.php' not found.
[2018-07-30 18:11:24] ERROR `/member.php' not found.
[2018-07-30 18:11:53] ERROR `/member.php' not found.
[2018-07-30 18:12:53] ERROR `/memberlist.php' not found.
[2018-07-30 18:13:55] ERROR `/calendar.php' not found.
[2018-07-30 18:14:02] ERROR `/calendar.php' not found.
[2018-07-30 18:14:05] ERROR `/member.php' not found.
[2018-07-30 18:18:22] ERROR `/memberlist.php' not found.
[2018-07-30 18:22:03] ERROR `/member.php' not found.
[2018-07-30 18:23:16] ERROR `/robots.txt' not found.
[2018-07-30 18:26:23] ERROR `/member.php' not found.
[2018-07-30 18:27:24] ERROR `/member.php' not found.
[2018-07-30 18:28:15] ERROR `/search.php' not found.
[2018-07-30 18:28:44] ERROR `/search.php' not found.
[2018-07-30 18:30:12] ERROR `/memberlist.php' not found.
[2018-07-30 18:31:33] ERROR `/member.php' not found.
[2018-07-30 18:31:36] ERROR `/member.php' not found.
[2018-07-30 18:33:04] ERROR `/member.php' not found.
[2018-07-30 18:36:56] ERROR `/memberlist.php' not found.
[2018-07-30 18:37:20] ERROR `/memberlist.php' not found.
[2018-07-30 18:37:45] ERROR `/memberlist.php' not found.
[2018-07-30 18:38:04] ERROR `/search.php' not found.
[2018-07-30 18:38:09] ERROR `/memberlist.php' not found.
[2018-07-30 18:40:01] ERROR `/memberlist.php' not found.
[2018-07-30 18:41:55] ERROR `/member.php' not found.
[2018-07-30 18:44:00] ERROR `/member.php' not found.
[2018-07-30 18:44:43] ERROR `/memberlist.php' not found.
[2018-07-30 18:45:28] ERROR `/memberlist.php' not found.
[2018-07-30 18:45:29] ERROR `/memberlist.php' not found.
[2018-07-30 18:45:41] ERROR `/member.php' not found.
[2018-07-30 18:46:16] ERROR `/member.php' not found.
[2018-07-30 18:46:54] ERROR `/search.php' not found.
[2018-07-30 18:47:19] ERROR `/search.php' not found.
[2018-07-30 18:47:21] ERROR `/search.php' not found.
[2018-07-30 18:47:22] ERROR `/search.php' not found.
[2018-07-30 18:47:56] ERROR `/memberlist.php' not found.
[2018-07-30 18:52:24] ERROR `/robots.txt' not found.
[2018-07-30 18:57:49] ERROR `/showthread.php' not found.
[2018-07-30 19:00:17] ERROR `/calendar.php' not found.
[2018-07-30 19:00:19] ERROR `/memberlist.php' not found.
[2018-07-30 19:00:21] ERROR `/memberlist.php' not found.
[2018-07-30 19:01:11] ERROR `/memberlist.php' not found.
[2018-07-30 19:01:11] ERROR `/member.php' not found.
[2018-07-30 19:02:57] ERROR `/calendar.php' not found.
[2018-07-30 19:04:07] ERROR `/memberlist.php' not found.
[2018-07-30 19:04:14] ERROR `/memberlist.php' not found.
[2018-07-30 19:06:20] ERROR `/robots.txt' not found.
[2018-07-30 19:07:19] ERROR `/calendar.php' not found.
[2018-07-30 19:10:44] ERROR `/memberlist.php' not found.
[2018-07-30 19:11:44] ERROR `/index.php' not found.
[2018-07-30 19:11:54] ERROR `/member.php' not found.
[2018-07-30 19:14:25] ERROR `/member.php' not found.
[2018-07-30 19:14:28] ERROR `/member.php' not found.
[2018-07-30 19:16:53] ERROR `/memberlist.php' not found.
[2018-07-30 19:17:19] ERROR `/index.php' not found.
[2018-07-30 19:18:19] ERROR `/member.php' not found.
[2018-07-30 19:18:20] ERROR `/search.php' not found.
[2018-07-30 19:18:22] ERROR `/search.php' not found.
[2018-07-30 19:19:19] ERROR `/calendar.php' not found.
[2018-07-30 19:20:04] ERROR `/member.php' not found.
[2018-07-30 19:20:23] ERROR `/search.php' not found.
[2018-07-30 19:20:24] ERROR `/search.php' not found.
[2018-07-30 19:20:56] ERROR `/member.php' not found.
[2018-07-30 19:23:58] ERROR `/member.php' not found.
[2018-07-30 19:24:35] ERROR `/member.php' not found.
[2018-07-30 19:24:37] ERROR `/member.php' not found.
[2018-07-30 19:24:38] ERROR `/member.php' not found.
[2018-07-30 19:24:39] ERROR `/member.php' not found.
[2018-07-30 19:24:40] ERROR `/memberlist.php' not found.
[2018-07-30 19:25:37] ERROR `/memberlist.php' not found.
[2018-07-30 19:31:13] ERROR `/member.php' not found.
[2018-07-30 19:35:21] ERROR `/robots.txt' not found.
[2018-07-30 19:40:40] ERROR `/memberlist.php' not found.
[2018-07-30 19:41:06] ERROR `/index.php' not found.
[2018-07-30 19:43:11] ERROR `/index.php' not found.
[2018-07-30 19:43:12] ERROR `/member.php' not found.
[2018-07-30 19:43:56] ERROR `/memberlist.php' not found.
[2018-07-30 19:44:02] ERROR `/search.php' not found.
[2018-07-30 19:44:20] ERROR `/memberlist.php' not found.
[2018-07-30 19:44:22] ERROR `/calendar.php' not found.
[2018-07-30 19:47:06] ERROR `/memberlist.php' not found.
[2018-07-30 19:49:38] ERROR `/robots.txt' not found.
[2018-07-30 19:50:28] ERROR `/memberlist.php' not found.
[2018-07-30 19:53:52] ERROR `/calendar.php' not found.
[2018-07-30 19:55:51] ERROR `/memberlist.php' not found.
[2018-07-30 20:00:53] ERROR `/search.php' not found.
[2018-07-30 20:00:55] ERROR `/search.php' not found.
[2018-07-30 20:00:56] ERROR `/search.php' not found.
[2018-07-30 20:00:58] ERROR `/search.php' not found.
[2018-07-30 20:01:00] ERROR `/search.php' not found.
[2018-07-30 20:01:39] ERROR `/member.php' not found.
[2018-07-30 20:01:56] ERROR `/index.php' not found.
[2018-07-30 20:02:42] ERROR `/search.php' not found.
[2018-07-30 20:02:50] ERROR `/showthread.php' not found.
[2018-07-30 20:03:12] ERROR `/search.php' not found.
[2018-07-30 20:03:13] ERROR `/search.php' not found.
[2018-07-30 20:04:01] ERROR `/member.php' not found.
[2018-07-30 20:04:23] ERROR `/memberlist.php' not found.
[2018-07-30 20:04:32] ERROR `/memberlist.php' not found.
[2018-07-30 20:07:49] ERROR `/member.php' not found.
[2018-07-30 20:07:50] ERROR `/member.php' not found.
[2018-07-30 20:07:51] ERROR `/member.php' not found.
[2018-07-30 20:08:12] ERROR `/member.php' not found.
[2018-07-30 20:08:38] ERROR `/calendar.php' not found.
[2018-07-30 20:09:06] ERROR NoMethodError: undefined method `force_encoding' for nil:NilClass
	/root/LAMP/ruby/install/ruby-2.5.1/lib/ruby/2.5.0/webrick/httpservlet/filehandler.rb:285:in `prevent_directory_traversal'
	/root/LAMP/ruby/install/ruby-2.5.1/lib/ruby/2.5.0/webrick/httpservlet/filehandler.rb:232:in `service'
	/root/LAMP/ruby/install/ruby-2.5.1/lib/ruby/2.5.0/webrick/httpserver.rb:140:in `service'
	/root/LAMP/ruby/install/ruby-2.5.1/lib/ruby/2.5.0/webrick/httpserver.rb:96:in `run'
	/root/LAMP/ruby/install/ruby-2.5.1/lib/ruby/2.5.0/webrick/server.rb:307:in `block in start_thread'
[2018-07-30 20:11:22] ERROR `/memberlist.php' not found.
[2018-07-30 20:12:32] ERROR `/index.php' not found.
[2018-07-30 20:15:00] ERROR `/member.php' not found.
[2018-07-30 20:18:03] ERROR `/robots.txt' not found.
[2018-07-30 20:18:34] ERROR `/memberlist.php' not found.
[2018-07-30 20:24:10] ERROR `/member.php' not found.
[2018-07-30 20:25:22] ERROR `/memberlist.php' not found.
[2018-07-30 20:26:50] ERROR `/memberlist.php' not found.
[2018-07-30 20:29:49] ERROR `/member.php' not found.
[2018-07-30 20:31:40] ERROR `/member.php' not found.
[2018-07-30 20:32:50] ERROR `/css.php' not found.
[2018-07-30 20:32:51] ERROR `/jscripts/inline_edit.js' not found.
[2018-07-30 20:32:58] ERROR `/robots.txt' not found.
[2018-07-30 20:41:14] ERROR `/memberlist.php' not found.
[2018-07-30 20:42:52] ERROR `/member.php' not found.
[2018-07-30 20:43:55] ERROR `/search.php' not found.
[2018-07-30 20:43:57] ERROR `/search.php' not found.
[2018-07-30 20:46:09] ERROR `/memberlist.php' not found.
[2018-07-30 20:46:44] ERROR `/index.php' not found.
[2018-07-30 20:46:52] ERROR `/search.php' not found.
[2018-07-30 20:46:53] ERROR `/search.php' not found.
[2018-07-30 20:47:36] ERROR `/member.php' not found.
[2018-07-30 20:51:43] ERROR `/memberlist.php' not found.
[2018-07-30 20:53:39] ERROR `/index.php' not found.
[2018-07-30 20:56:02] ERROR `/member.php' not found.
[2018-07-30 20:56:03] ERROR `/member.php' not found.
[2018-07-30 20:56:05] ERROR `/member.php' not found.
[2018-07-30 20:56:06] ERROR `/member.php' not found.
[2018-07-30 20:57:43] ERROR `/memberlist.php' not found.
[2018-07-30 20:58:32] ERROR `/member.php' not found.
[2018-07-30 20:59:21] ERROR `/memberlist.php' not found.
[2018-07-30 20:59:51] ERROR `/search.php' not found.
[2018-07-30 21:00:00] ERROR `/member.php' not found.
[2018-07-30 21:00:56] ERROR `/robots.txt' not found.
[2018-07-30 21:02:35] ERROR `/member.php' not found.
[2018-07-30 21:03:06] ERROR `/index.php' not found.
[2018-07-30 21:05:31] ERROR `/calendar.php' not found.
[2018-07-30 21:05:51] ERROR `/index.php' not found.
[2018-07-30 21:06:40] ERROR `/member.php' not found.
[2018-07-30 21:06:51] ERROR `/index.php' not found.
[2018-07-30 21:06:51] ERROR `/showthread.php' not found.
[2018-07-30 21:07:41] ERROR `/calendar.php' not found.
[2018-07-30 21:07:46] ERROR `/member.php' not found.
[2018-07-30 21:09:35] ERROR `/memberlist.php' not found.
[2018-07-30 21:10:30] ERROR `/memberlist.php' not found.
[2018-07-30 21:10:40] ERROR `/memberlist.php' not found.
[2018-07-30 21:11:18] ERROR `/member.php' not found.
[2018-07-30 21:13:32] ERROR `/member.php' not found.
[2018-07-30 21:13:58] ERROR `/member.php' not found.
[2018-07-30 21:15:06] ERROR `/member.php' not found.
[2018-07-30 21:16:20] ERROR `/index.php' not found.
[2018-07-30 21:16:20] ERROR `/robots.txt' not found.
[2018-07-30 21:18:11] ERROR `/memberlist.php' not found.
[2018-07-30 21:18:21] ERROR `/member.php' not found.
[2018-07-30 21:18:34] ERROR `/member.php' not found.
[2018-07-30 21:19:32] ERROR `/memberlist.php' not found.
[2018-07-30 21:29:11] ERROR `/member.php' not found.
[2018-07-30 21:29:13] ERROR `/memberlist.php' not found.
[2018-07-30 21:30:03] ERROR `/member.php' not found.
[2018-07-30 21:30:18] ERROR `/memberlist.php' not found.
[2018-07-30 21:30:32] ERROR `/memberlist.php' not found.
[2018-07-30 21:32:22] ERROR `/member.php' not found.
[2018-07-30 21:34:58] ERROR `/member.php' not found.
[2018-07-30 21:35:06] ERROR `/member.php' not found.
[2018-07-30 21:35:22] ERROR `/member.php' not found.
[2018-07-30 21:36:51] ERROR `/memberlist.php' not found.
[2018-07-30 21:39:08] ERROR `/calendar.php' not found.
[2018-07-30 21:39:12] ERROR `/showteam.php' not found.
[2018-07-30 21:41:53] ERROR `/member.php' not found.
[2018-07-30 21:42:11] ERROR `/member.php' not found.
[2018-07-30 21:43:40] ERROR `/robots.txt' not found.
[2018-07-30 21:45:46] ERROR `/member.php' not found.
[2018-07-30 21:45:49] ERROR `/memberlist.php' not found.
[2018-07-30 21:47:29] ERROR `/search.php' not found.
[2018-07-30 21:47:31] ERROR `/member.php' not found.
[2018-07-30 21:48:39] ERROR `/memberlist.php' not found.
[2018-07-30 21:49:38] ERROR `/memberlist.php' not found.
[2018-07-30 21:50:02] ERROR `/memberlist.php' not found.
[2018-07-30 21:50:02] ERROR `/index.php' not found.
[2018-07-30 21:51:31] ERROR `/memberlist.php' not found.
[2018-07-30 21:53:16] ERROR `/member.php' not found.
[2018-07-30 21:59:45] ERROR `/member.php' not found.
[2018-07-30 21:59:58] ERROR `/robots.txt' not found.
[2018-07-30 22:02:39] ERROR `/memberlist.php' not found.
[2018-07-30 22:04:15] ERROR `/search.php' not found.
[2018-07-30 22:04:18] ERROR `/member.php' not found.
[2018-07-30 22:06:01] ERROR `/member.php' not found.
[2018-07-30 22:07:05] ERROR `/memberlist.php' not found.
[2018-07-30 22:07:55] ERROR `/memberlist.php' not found.
[2018-07-30 22:09:08] ERROR `/member.php' not found.
[2018-07-30 22:09:10] ERROR `/search.php' not found.
[2018-07-30 22:09:12] ERROR `/search.php' not found.
[2018-07-30 22:09:37] ERROR `/member.php' not found.
[2018-07-30 22:11:08] ERROR `/member.php' not found.
[2018-07-30 22:11:22] ERROR `/showthread.php' not found.
[2018-07-30 22:11:51] ERROR `/search.php' not found.
[2018-07-30 22:11:53] ERROR `/search.php' not found.
[2018-07-30 22:11:56] ERROR `/member.php' not found.
[2018-07-30 22:14:49] ERROR `/member.php' not found.
[2018-07-30 22:15:35] ERROR `/member.php' not found.
[2018-07-30 22:15:36] ERROR `/search.php' not found.
[2018-07-30 22:17:43] ERROR `/member.php' not found.
[2018-07-30 22:17:44] ERROR `/member.php' not found.
[2018-07-30 22:17:45] ERROR `/member.php' not found.
[2018-07-30 22:17:47] ERROR `/member.php' not found.
[2018-07-30 22:17:48] ERROR `/member.php' not found.
[2018-07-30 22:18:26] ERROR `/memberlist.php' not found.
[2018-07-30 22:19:51] ERROR `/showthread.php' not found.
[2018-07-30 22:21:49] ERROR `/member.php' not found.
[2018-07-30 22:24:36] ERROR `/memberlist.php' not found.
[2018-07-30 22:27:03] ERROR `/robots.txt' not found.
[2018-07-30 22:27:17] ERROR `/memberlist.php' not found.
[2018-07-30 22:28:36] ERROR `/member.php' not found.
[2018-07-30 22:29:59] ERROR `/member.php' not found.
[2018-07-30 22:32:46] ERROR `/member.php' not found.
[2018-07-30 22:34:13] ERROR `/memberlist.php' not found.
[2018-07-30 22:34:57] ERROR `/member.php' not found.
[2018-07-30 22:36:07] ERROR `/index.php' not found.
[2018-07-30 22:39:00] ERROR `/index.php' not found.
[2018-07-30 22:39:38] ERROR `/member.php' not found.
[2018-07-30 22:39:46] ERROR `/memberlist.php' not found.
[2018-07-30 22:45:38] ERROR `/memberlist.php' not found.
[2018-07-30 22:47:30] ERROR `/member.php' not found.
[2018-07-30 22:47:57] ERROR `/memberlist.php' not found.
[2018-07-30 22:48:21] ERROR `/member.php' not found.
[2018-07-30 22:48:24] ERROR `/member.php' not found.
[2018-07-30 22:48:26] ERROR `/index.php' not found.
[2018-07-30 22:51:04] ERROR `/index.php' not found.
[2018-07-30 22:51:49] ERROR `/search.php' not found.
[2018-07-30 22:51:50] ERROR `/search.php' not found.
[2018-07-30 22:51:52] ERROR `/search.php' not found.
[2018-07-30 22:53:30] ERROR `/search.php' not found.
[2018-07-30 22:54:16] ERROR `/member.php' not found.
[2018-07-30 22:56:33] ERROR `/memberlist.php' not found.
[2018-07-30 22:56:33] ERROR `/member.php' not found.
[2018-07-30 22:56:35] ERROR `/member.php' not found.
[2018-07-30 22:56:36] ERROR `/member.php' not found.
[2018-07-30 22:56:37] ERROR `/member.php' not found.
[2018-07-30 22:56:39] ERROR `/member.php' not found.
[2018-07-30 22:58:48] ERROR `/memberlist.php' not found.
[2018-07-30 23:01:58] ERROR `/memberlist.php' not found.
[2018-07-30 23:02:20] ERROR `/member.php' not found.
[2018-07-30 23:02:45] ERROR `/memberlist.php' not found.
[2018-07-30 23:07:25] ERROR `/index.php' not found.
[2018-07-30 23:09:48] ERROR `/robots.txt' not found.
[2018-07-30 23:14:07] ERROR `/member.php' not found.
[2018-07-30 23:14:17] ERROR `/member.php' not found.
[2018-07-30 23:14:22] ERROR `/member.php' not found.
[2018-07-30 23:16:17] ERROR `/member.php' not found.
[2018-07-30 23:17:14] ERROR `/member.php' not found.
[2018-07-30 23:19:10] ERROR `/robots.txt' not found.
[2018-07-30 23:29:17] ERROR `/memberlist.php' not found.
[2018-07-30 23:31:23] ERROR `/search.php' not found.
[2018-07-30 23:32:49] ERROR `/memberlist.php' not found.
[2018-07-30 23:33:16] ERROR `/memberlist.php' not found.
[2018-07-30 23:33:22] ERROR `/index.php' not found.
[2018-07-30 23:33:26] ERROR `/index.php' not found.
[2018-07-30 23:33:28] ERROR `/index.php' not found.
[2018-07-30 23:33:49] ERROR `/search.php' not found.
[2018-07-30 23:33:52] ERROR `/search.php' not found.
[2018-07-30 23:34:06] ERROR `/memberlist.php' not found.
[2018-07-30 23:34:30] ERROR `/member.php' not found.
[2018-07-30 23:34:40] ERROR `/index.php' not found.
[2018-07-30 23:35:31] ERROR `/search.php' not found.
[2018-07-30 23:35:33] ERROR `/search.php' not found.
[2018-07-30 23:35:34] ERROR `/search.php' not found.
[2018-07-30 23:36:31] ERROR `/index.php' not found.
[2018-07-30 23:38:37] ERROR `/member.php' not found.
[2018-07-30 23:38:39] ERROR `/member.php' not found.
[2018-07-30 23:38:40] ERROR `/member.php' not found.
[2018-07-30 23:38:41] ERROR `/member.php' not found.
[2018-07-30 23:38:42] ERROR `/member.php' not found.
[2018-07-30 23:38:43] ERROR `/member.php' not found.
[2018-07-30 23:38:45] ERROR `/member.php' not found.
[2018-07-30 23:39:41] ERROR `/member.php' not found.
[2018-07-30 23:42:36] ERROR `/calendar.php' not found.
[2018-07-30 23:45:02] ERROR `/memberlist.php' not found.
[2018-07-30 23:46:15] ERROR Errno::ECONNRESET: Connection reset by peer @ io_fillbuf - fd:15 
	/root/LAMP/ruby/install/ruby-2.5.1/lib/ruby/2.5.0/webrick/httpserver.rb:82:in `eof?'
	/root/LAMP/ruby/install/ruby-2.5.1/lib/ruby/2.5.0/webrick/httpserver.rb:82:in `run'
	/root/LAMP/ruby/install/ruby-2.5.1/lib/ruby/2.5.0/webrick/server.rb:307:in `block in start_thread'
[2018-07-30 23:51:16] ERROR `/member.php' not found.
[2018-07-30 23:51:37] ERROR `/member.php' not found.
[2018-07-30 23:52:39] ERROR `/robots.txt' not found.
[2018-07-30 23:54:44] ERROR `/calendar.php' not found.
[2018-07-30 23:55:02] ERROR `/index.php' not found.
[2018-07-30 23:57:30] ERROR `/memberlist.php' not found.
[2018-07-30 23:57:54] ERROR `/index.php' not found.
[2018-07-30 23:59:02] ERROR `/index.php' not found.
[2018-07-30 23:59:26] ERROR `/memberlist.php' not found.
[2018-07-31 00:00:03] ERROR `/robots.txt' not found.
[2018-07-31 00:00:37] ERROR `/calendar.php' not found.
[2018-07-31 00:02:52] ERROR `/robots.txt' not found.
[2018-07-31 00:03:20] ERROR `/member.php' not found.
[2018-07-31 00:03:23] ERROR `/misc.php' not found.
[2018-07-31 00:06:24] ERROR `/memberlist.php' not found.
[2018-07-31 00:06:29] ERROR `/member.php' not found.
[2018-07-31 00:10:08] ERROR `/member.php' not found.
[2018-07-31 00:13:53] ERROR `/memberlist.php' not found.
[2018-07-31 00:14:16] ERROR `/member.php' not found.
[2018-07-31 00:14:21] ERROR `/forumdisplay.php' not found.
[2018-07-31 00:14:34] ERROR `/index.php' not found.
[2018-07-31 00:17:07] ERROR `/search.php' not found.
[2018-07-31 00:17:08] ERROR `/memberlist.php' not found.
[2018-07-31 00:17:09] ERROR `/search.php' not found.
[2018-07-31 00:17:11] ERROR `/search.php' not found.
[2018-07-31 00:17:27] ERROR `/index.php' not found.
[2018-07-31 00:17:31] ERROR `/index.php' not found.
[2018-07-31 00:17:58] ERROR `/member.php' not found.
[2018-07-31 00:19:20] ERROR `/search.php' not found.
[2018-07-31 00:21:27] ERROR `/member.php' not found.
[2018-07-31 00:22:04] ERROR `/archive/index.php' not found.
[2018-07-31 00:23:14] ERROR `/calendar.php' not found.
[2018-07-31 00:23:16] ERROR `/calendar.php' not found.
[2018-07-31 00:23:17] ERROR `/member.php' not found.
[2018-07-31 00:23:18] ERROR `/member.php' not found.
[2018-07-31 00:23:20] ERROR `/member.php' not found.
[2018-07-31 00:23:42] ERROR `/memberlist.php' not found.
[2018-07-31 00:25:54] ERROR `/member.php' not found.
[2018-07-31 00:29:29] ERROR `/member.php' not found.
[2018-07-31 00:33:53] ERROR `/member.php' not found.
[2018-07-31 00:34:06] ERROR `/memberlist.php' not found.
[2018-07-31 00:35:32] ERROR `/robots.txt' not found.
[2018-07-31 00:36:06] ERROR `/index.php' not found.
[2018-07-31 00:36:13] ERROR `/member.php' not found.
[2018-07-31 00:36:37] ERROR `/member.php' not found.
[2018-07-31 00:38:03] ERROR `/member.php' not found.
[2018-07-31 00:38:48] ERROR `/member.php' not found.
[2018-07-31 00:40:23] ERROR `/index.php' not found.
[2018-07-31 00:42:17] ERROR `/index.php' not found.
[2018-07-31 00:42:24] ERROR `/index.php' not found.
[2018-07-31 00:42:26] ERROR `/index.php' not found.
[2018-07-31 00:42:27] ERROR `/index.php' not found.
[2018-07-31 00:44:41] ERROR `/memberlist.php' not found.
[2018-07-31 00:46:09] ERROR `/robots.txt' not found.
[2018-07-31 00:47:10] ERROR `/robots.txt' not found.
[2018-07-31 00:47:10] ERROR `/search.php' not found.
[2018-07-31 00:52:35] ERROR `/index.php' not found.
[2018-07-31 00:55:39] ERROR `/member.php' not found.
[2018-07-31 00:56:25] ERROR `/member.php' not found.
[2018-07-31 00:57:37] ERROR `/member.php' not found.
[2018-07-31 00:59:34] ERROR `/memberlist.php' not found.
[2018-07-31 00:59:53] ERROR `/member.php' not found.
[2018-07-31 01:01:25] ERROR `/search.php' not found.
[2018-07-31 01:01:44] ERROR `/member.php' not found.
[2018-07-31 01:02:51] ERROR `/index.php' not found.
[2018-07-31 01:03:39] ERROR `/memberlist.php' not found.
[2018-07-31 01:03:53] ERROR `/search.php' not found.
[2018-07-31 01:06:21] ERROR `/search.php' not found.
[2018-07-31 01:08:10] ERROR `/memberlist.php' not found.
[2018-07-31 01:08:41] ERROR `/robots.txt' not found.
[2018-07-31 01:08:41] ERROR `/robots.txt' not found.
[2018-07-31 01:08:42] ERROR `/robots.txt' not found.
[2018-07-31 01:08:42] ERROR `/robots.txt' not found.
[2018-07-31 01:10:04] ERROR `/memberlist.php' not found.
[2018-07-31 01:10:27] ERROR `/member.php' not found.
[2018-07-31 01:10:29] ERROR `/member.php' not found.
[2018-07-31 01:10:31] ERROR `/member.php' not found.
[2018-07-31 01:11:37] ERROR `/member.php' not found.
[2018-07-31 01:12:12] ERROR `/search.php' not found.
[2018-07-31 01:13:55] ERROR `/memberlist.php' not found.
[2018-07-31 01:14:06] ERROR `/member.php' not found.
[2018-07-31 01:14:47] ERROR `/member.php' not found.
[2018-07-31 01:15:22] ERROR `/index.php' not found.
[2018-07-31 01:16:47] ERROR `/calendar.php' not found.
[2018-07-31 01:17:06] ERROR `/member.php' not found.
[2018-07-31 01:18:21] ERROR `/search.php' not found.
[2018-07-31 01:18:44] ERROR `/robots.txt' not found.
[2018-07-31 01:22:12] ERROR `/member.php' not found.
[2018-07-31 01:22:20] ERROR `/member.php' not found.
[2018-07-31 01:23:59] ERROR `/calendar.php' not found.
[2018-07-31 01:24:52] ERROR `/showthread.php' not found.
[2018-07-31 01:25:38] ERROR `/index.php' not found.
[2018-07-31 01:28:07] ERROR `/index.php' not found.
[2018-07-31 01:30:07] ERROR `/member.php' not found.
[2018-07-31 01:30:41] ERROR `/robots.txt' not found.
[2018-07-31 01:30:54] ERROR `/index.php' not found.
[2018-07-31 01:32:09] ERROR `/showthread.php' not found.
[2018-07-31 01:33:06] ERROR `/kcdndhhaicubm.html' not found.
[2018-07-31 01:38:58] ERROR `/member.php' not found.
[2018-07-31 01:39:48] ERROR `/index.php' not found.
[2018-07-31 01:41:33] ERROR `/member.php' not found.
[2018-07-31 01:41:35] ERROR `/member.php' not found.
[2018-07-31 01:41:36] ERROR `/member.php' not found.
[2018-07-31 01:41:38] ERROR `/member.php' not found.
[2018-07-31 01:41:40] ERROR `/member.php' not found.
[2018-07-31 01:41:41] ERROR `/memberlist.php' not found.
[2018-07-31 01:43:16] ERROR `/calendar.php' not found.
[2018-07-31 01:44:18] ERROR `/index.php' not found.
[2018-07-31 01:45:00] ERROR `/member.php' not found.
[2018-07-31 01:48:03] ERROR `/member.php' not found.
[2018-07-31 01:48:05] ERROR `/search.php' not found.
[2018-07-31 01:48:55] ERROR `/search.php' not found.
[2018-07-31 01:50:20] ERROR `/memberlist.php' not found.
[2018-07-31 01:51:06] ERROR `/index.php' not found.
[2018-07-31 01:53:41] ERROR `/index.php' not found.
[2018-07-31 01:55:36] ERROR `/index.php' not found.
[2018-07-31 01:55:47] ERROR `/memberlist.php' not found.
[2018-07-31 01:57:34] ERROR `/calendar.php' not found.
[2018-07-31 01:57:35] ERROR `/search.php' not found.
[2018-07-31 01:57:37] ERROR `/search.php' not found.
[2018-07-31 01:58:15] ERROR `/index.php' not found.
[2018-07-31 01:58:29] ERROR `/memberlist.php' not found.
[2018-07-31 01:58:33] ERROR `/memberlist.php' not found.
[2018-07-31 02:01:25] ERROR `/member.php' not found.
[2018-07-31 02:01:33] ERROR `/calendar.php' not found.
[2018-07-31 02:01:46] ERROR `/memberlist.php' not found.
[2018-07-31 02:01:49] ERROR `/robots.txt' not found.
[2018-07-31 02:03:37] ERROR `/member.php' not found.
[2018-07-31 02:04:12] ERROR `/member.php' not found.
[2018-07-31 02:04:19] ERROR `/memberlist.php' not found.
[2018-07-31 02:05:30] ERROR `/calendar.php' not found.
[2018-07-31 02:05:45] ERROR `/index.php' not found.
[2018-07-31 02:06:50] ERROR `/member.php' not found.
[2018-07-31 02:08:24] ERROR `/index.php' not found.
[2018-07-31 02:13:02] ERROR `/index.php' not found.
[2018-07-31 02:13:33] ERROR `/robots.txt' not found.
[2018-07-31 02:13:41] ERROR `/member.php' not found.
[2018-07-31 02:14:04] ERROR `/member.php' not found.
[2018-07-31 02:16:49] ERROR `/member.php' not found.
[2018-07-31 02:18:28] ERROR `/member.php' not found.
[2018-07-31 02:21:08] ERROR `/member.php' not found.
[2018-07-31 02:23:02] ERROR `/member.php' not found.
[2018-07-31 02:24:23] ERROR `/member.php' not found.
[2018-07-31 02:24:25] ERROR `/member.php' not found.
[2018-07-31 02:24:27] ERROR `/member.php' not found.
[2018-07-31 02:24:55] ERROR `/memberlist.php' not found.
[2018-07-31 02:25:33] ERROR `/member.php' not found.
[2018-07-31 02:29:53] ERROR `/showthread.php' not found.
[2018-07-31 02:31:10] ERROR `/index.php' not found.
[2018-07-31 02:34:09] ERROR `/member.php' not found.
[2018-07-31 02:35:37] ERROR `/search.php' not found.
[2018-07-31 02:35:45] ERROR `/memberlist.php' not found.
[2018-07-31 02:36:04] ERROR `/search.php' not found.
[2018-07-31 02:36:06] ERROR `/search.php' not found.
[2018-07-31 02:36:08] ERROR `/search.php' not found.
[2018-07-31 02:36:09] ERROR `/search.php' not found.
[2018-07-31 02:36:27] ERROR `/index.php' not found.
[2018-07-31 02:39:40] ERROR `/member.php' not found.
[2018-07-31 02:41:36] ERROR `/member.php' not found.
[2018-07-31 02:42:09] ERROR `/member.php' not found.
[2018-07-31 02:42:14] ERROR `/index.php' not found.
[2018-07-31 02:43:06] ERROR `/index.php' not found.
[2018-07-31 02:47:24] ERROR `/member.php' not found.
[2018-07-31 02:53:18] ERROR `/index.php' not found.
[2018-07-31 02:53:47] ERROR `/index.php' not found.
[2018-07-31 02:53:49] ERROR `/printthread.php' not found.
[2018-07-31 02:54:48] ERROR `/memberlist.php' not found.
[2018-07-31 02:55:00] ERROR `/memberlist.php' not found.
[2018-07-31 02:55:09] ERROR `/memberlist.php' not found.
[2018-07-31 02:56:41] ERROR `/robots.txt' not found.
[2018-07-31 02:58:38] ERROR `/member.php' not found.
[2018-07-31 03:00:33] ERROR `/member.php' not found.
[2018-07-31 03:00:35] ERROR `/member.php' not found.
[2018-07-31 03:00:37] ERROR `/member.php' not found.
[2018-07-31 03:01:45] ERROR `/memberlist.php' not found.
[2018-07-31 03:03:52] ERROR `/index.php' not found.
[2018-07-31 03:03:54] ERROR `/index.php' not found.
[2018-07-31 03:04:27] ERROR `/search.php' not found.
[2018-07-31 03:08:34] ERROR `/member.php' not found.
[2018-07-31 03:09:54] ERROR `/index.php' not found.
[2018-07-31 03:12:19] ERROR `/search.php' not found.
[2018-07-31 03:12:20] ERROR `/search.php' not found.
[2018-07-31 03:12:22] ERROR `/search.php' not found.
[2018-07-31 03:12:23] ERROR `/search.php' not found.
[2018-07-31 03:12:34] ERROR `/memberlist.php' not found.
[2018-07-31 03:12:58] ERROR `/memberlist.php' not found.
[2018-07-31 03:13:05] ERROR `/calendar.php' not found.
[2018-07-31 03:13:16] ERROR `/member.php' not found.
[2018-07-31 03:17:24] ERROR `/index.php' not found.
[2018-07-31 03:20:30] ERROR `/memberlist.php' not found.
[2018-07-31 03:20:32] ERROR `/memberlist.php' not found.
[2018-07-31 03:20:51] ERROR `/robots.txt' not found.
[2018-07-31 03:22:25] ERROR `/calendar.php' not found.
[2018-07-31 03:23:23] ERROR `/member.php' not found.
[2018-07-31 03:24:00] ERROR `/index.php' not found.
[2018-07-31 03:25:21] ERROR `/search.php' not found.
[2018-07-31 03:27:12] ERROR `/memberlist.php' not found.
[2018-07-31 03:32:10] ERROR `/index.php' not found.
[2018-07-31 03:32:29] ERROR `/index.php' not found.
[2018-07-31 03:33:22] ERROR `/index.php' not found.
[2018-07-31 03:33:33] ERROR `/index.php' not found.
[2018-07-31 03:33:39] ERROR `/index.php' not found.
[2018-07-31 03:35:23] ERROR `/member.php' not found.
[2018-07-31 03:35:34] ERROR `/memberlist.php' not found.
[2018-07-31 03:38:43] ERROR `/member.php' not found.
[2018-07-31 03:38:45] ERROR `/member.php' not found.
[2018-07-31 03:39:44] ERROR `/robots.txt' not found.
[2018-07-31 03:40:49] ERROR `/memberlist.php' not found.
[2018-07-31 03:42:39] ERROR `/member.php' not found.
[2018-07-31 03:42:41] ERROR `/member.php' not found.
[2018-07-31 03:44:46] ERROR `/memberlist.php' not found.
[2018-07-31 03:45:38] ERROR `/member.php' not found.
[2018-07-31 03:46:27] ERROR `/calendar.php' not found.
[2018-07-31 03:47:56] ERROR `/member.php' not found.
[2018-07-31 03:47:58] ERROR `/search.php' not found.
[2018-07-31 03:47:59] ERROR `/search.php' not found.
[2018-07-31 03:48:00] ERROR `/search.php' not found.
[2018-07-31 03:48:02] ERROR `/search.php' not found.
[2018-07-31 03:48:03] ERROR `/search.php' not found.
[2018-07-31 03:48:34] ERROR `/member.php' not found.
[2018-07-31 03:51:24] ERROR `/search.php' not found.
[2018-07-31 03:53:38] ERROR `/memberlist.php' not found.
[2018-07-31 03:53:52] ERROR `/member.php' not found.
[2018-07-31 03:53:54] ERROR `/search.php' not found.
[2018-07-31 03:53:55] ERROR `/search.php' not found.
[2018-07-31 03:54:13] ERROR `/member.php' not found.
[2018-07-31 03:55:18] ERROR `/member.php' not found.
[2018-07-31 03:55:48] ERROR `/member.php' not found.
[2018-07-31 03:56:20] ERROR `/member.php' not found.
[2018-07-31 03:58:25] ERROR `/member.php' not found.
[2018-07-31 03:58:31] ERROR `/index.php' not found.
[2018-07-31 04:01:11] ERROR `/member.php' not found.
[2018-07-31 04:02:27] ERROR `/memberlist.php' not found.
[2018-07-31 04:03:34] ERROR `/robots.txt' not found.
[2018-07-31 04:04:58] ERROR `/member.php' not found.
[2018-07-31 04:05:50] ERROR `/memberlist.php' not found.
[2018-07-31 04:09:38] ERROR `/member.php' not found.
[2018-07-31 04:09:40] ERROR `/index.php' not found.
[2018-07-31 04:11:41] ERROR `/search.php' not found.
[2018-07-31 04:13:29] ERROR `/member.php' not found.
[2018-07-31 04:13:52] ERROR `/jscripts/jquery.js' not found.
[2018-07-31 04:17:47] ERROR `/search.php' not found.
[2018-07-31 04:18:14] ERROR `/calendar.php' not found.
[2018-07-31 04:18:16] ERROR `/memberlist.php' not found.
[2018-07-31 04:18:19] ERROR `/search.php' not found.
[2018-07-31 04:18:44] ERROR `/memberlist.php' not found.
[2018-07-31 04:19:57] ERROR `/member.php' not found.
[2018-07-31 04:21:30] ERROR `/member.php' not found.
[2018-07-31 04:22:25] ERROR `/index.php' not found.
[2018-07-31 04:22:44] ERROR `/robots.txt' not found.
[2018-07-31 04:22:45] ERROR `/member.php' not found.
[2018-07-31 04:22:47] ERROR `/member.php' not found.
[2018-07-31 04:24:24] ERROR `/memberlist.php' not found.
[2018-07-31 04:25:05] ERROR `/member.php' not found.
[2018-07-31 04:25:30] ERROR `/member.php' not found.
[2018-07-31 04:25:32] ERROR `/cgi-bin/php' not found.
[2018-07-31 04:27:10] ERROR `/search.php' not found.
[2018-07-31 04:27:11] ERROR `/search.php' not found.
[2018-07-31 04:27:53] ERROR `/member.php' not found.
[2018-07-31 04:32:09] ERROR `/search.php' not found.
[2018-07-31 04:35:41] ERROR `/memberlist.php' not found.
[2018-07-31 04:36:03] ERROR `/memberlist.php' not found.
[2018-07-31 04:40:56] ERROR `/memberlist.php' not found.
[2018-07-31 04:41:37] ERROR `/index.php' not found.
[2018-07-31 04:41:51] ERROR `/memberlist.php' not found.
[2018-07-31 04:42:58] ERROR `/showthread.php' not found.
[2018-07-31 04:43:13] ERROR `/member.php' not found.
[2018-07-31 04:45:29] ERROR `/member.php' not found.
[2018-07-31 04:45:55] ERROR `/memberlist.php' not found.
[2018-07-31 04:46:21] ERROR `/memberlist.php' not found.
[2018-07-31 04:46:23] ERROR `/robots.txt' not found.
[2018-07-31 04:47:54] ERROR `/member.php' not found.
[2018-07-31 04:47:56] ERROR `/member.php' not found.
[2018-07-31 04:48:37] ERROR `/index.php' not found.
[2018-07-31 04:50:04] ERROR `/member.php' not found.
[2018-07-31 04:51:01] ERROR `/member.php' not found.
[2018-07-31 04:52:44] ERROR `/index.php' not found.
[2018-07-31 04:52:47] ERROR `/index.php' not found.
[2018-07-31 04:52:47] ERROR `/index.php' not found.
[2018-07-31 04:52:51] ERROR `/index.php' not found.
[2018-07-31 04:55:30] ERROR `/index.php' not found.
[2018-07-31 05:03:37] ERROR `/memberlist.php' not found.
[2018-07-31 05:04:04] ERROR `/memberlist.php' not found.
[2018-07-31 05:05:22] ERROR `/member.php' not found.
[2018-07-31 05:05:24] ERROR `/member.php' not found.
[2018-07-31 05:05:24] ERROR `/member.php' not found.
[2018-07-31 05:05:26] ERROR `/member.php' not found.
[2018-07-31 05:05:28] ERROR `/member.php' not found.
[2018-07-31 05:06:01] ERROR `/robots.txt' not found.
[2018-07-31 05:06:05] ERROR `/index.php' not found.
[2018-07-31 05:07:05] ERROR `/calendar.php' not found.
[2018-07-31 05:07:11] ERROR `/search.php' not found.
[2018-07-31 05:09:34] ERROR `/search.php' not found.
[2018-07-31 05:09:36] ERROR `/search.php' not found.
[2018-07-31 05:12:06] ERROR `/member.php' not found.
[2018-07-31 05:14:24] ERROR `/search.php' not found.
[2018-07-31 05:15:13] ERROR `/memberlist.php' not found.
[2018-07-31 05:21:09] ERROR `/memberlist.php' not found.
[2018-07-31 05:22:00] ERROR `/index.php' not found.
[2018-07-31 05:23:30] ERROR `/search.php' not found.
[2018-07-31 05:26:09] ERROR `/calendar.php' not found.
[2018-07-31 05:27:12] ERROR `/memberlist.php' not found.
[2018-07-31 05:27:32] ERROR `/member.php' not found.
[2018-07-31 05:28:58] ERROR `/robots.txt' not found.
[2018-07-31 05:29:00] ERROR `/memberlist.php' not found.
[2018-07-31 05:29:39] ERROR `/memberlist.php' not found.
[2018-07-31 05:30:55] ERROR `/index.php' not found.
[2018-07-31 05:37:01] ERROR `/member.php' not found.
[2018-07-31 05:37:09] ERROR `/memberlist.php' not found.
[2018-07-31 05:38:24] ERROR `/calendar.php' not found.
[2018-07-31 05:40:08] ERROR `/index.php' not found.
[2018-07-31 05:41:18] ERROR `/ratethread.php' not found.
[2018-07-31 05:47:21] ERROR `/robots.txt' not found.
[2018-07-31 05:47:21] ERROR `/calendar.php' not found.
[2018-07-31 05:49:22] ERROR `/robots.txt' not found.
[2018-07-31 05:49:26] ERROR `/index.php' not found.
[2018-07-31 05:53:04] ERROR `/member.php' not found.
[2018-07-31 05:53:07] ERROR `/member.php' not found.
[2018-07-31 05:55:24] ERROR `/member.php' not found.
[2018-07-31 05:58:57] ERROR `/calendar.php' not found.
[2018-07-31 05:59:51] ERROR `/search.php' not found.
[2018-07-31 05:59:53] ERROR `/search.php' not found.
[2018-07-31 05:59:54] ERROR `/search.php' not found.
[2018-07-31 06:00:56] ERROR `/member.php' not found.
[2018-07-31 06:01:17] ERROR `/memberlist.php' not found.
[2018-07-31 06:02:14] ERROR `/member.php' not found.
[2018-07-31 06:02:19] ERROR `/index.php' not found.
[2018-07-31 06:05:46] ERROR `/member.php' not found.
[2018-07-31 06:06:25] ERROR `/member.php' not found.
[2018-07-31 06:06:50] ERROR `/memberlist.php' not found.
[2018-07-31 06:09:09] ERROR `/member.php' not found.
[2018-07-31 06:09:11] ERROR `/search.php' not found.
[2018-07-31 06:09:12] ERROR `/search.php' not found.
[2018-07-31 06:09:13] ERROR `/search.php' not found.
[2018-07-31 06:09:14] ERROR `/search.php' not found.
[2018-07-31 06:09:16] ERROR `/search.php' not found.
[2018-07-31 06:09:22] ERROR `/memberlist.php' not found.
[2018-07-31 06:11:41] ERROR `/robots.txt' not found.
[2018-07-31 06:17:00] ERROR `/memberlist.php' not found.
[2018-07-31 06:20:23] ERROR `/index.php' not found.
[2018-07-31 06:20:59] ERROR `/calendar.php' not found.
[2018-07-31 06:22:58] ERROR `/search.php' not found.
[2018-07-31 06:29:43] ERROR `/index.php' not found.
[2018-07-31 06:30:20] ERROR `/member.php' not found.
[2018-07-31 06:32:37] ERROR `/search.php' not found.
[2018-07-31 06:32:56] ERROR `/robots.txt' not found.
[2018-07-31 06:33:20] ERROR `/memberlist.php' not found.
[2018-07-31 06:34:49] ERROR `/index.php' not found.
[2018-07-31 06:35:09] ERROR `/member.php' not found.
[2018-07-31 06:37:39] ERROR `/calendar.php' not found.
[2018-07-31 06:38:52] ERROR `/member.php' not found.
[2018-07-31 06:40:29] ERROR `/memberlist.php' not found.
[2018-07-31 06:40:35] ERROR `/member.php' not found.
[2018-07-31 06:41:55] ERROR `/search.php' not found.
[2018-07-31 06:41:56] ERROR `/search.php' not found.
[2018-07-31 06:41:57] ERROR `/search.php' not found.
[2018-07-31 06:41:59] ERROR `/search.php' not found.
[2018-07-31 06:42:00] ERROR `/search.php' not found.
[2018-07-31 06:42:02] ERROR `/search.php' not found.
[2018-07-31 06:42:05] ERROR `/member.php' not found.
[2018-07-31 06:48:37] ERROR `/member.php' not found.
[2018-07-31 06:48:51] ERROR `/memberlist.php' not found.
[2018-07-31 06:50:54] ERROR `/member.php' not found.
[2018-07-31 06:51:03] ERROR `/search.php' not found.
[2018-07-31 06:51:06] ERROR `/search.php' not found.
[2018-07-31 06:51:07] ERROR `/search.php' not found.
[2018-07-31 06:51:08] ERROR `/search.php' not found.
[2018-07-31 06:51:10] ERROR `/search.php' not found.
[2018-07-31 06:51:28] ERROR `/member.php' not found.
[2018-07-31 06:54:59] ERROR `/robots.txt' not found.
[2018-07-31 06:55:08] ERROR `/memberlist.php' not found.
[2018-07-31 06:56:37] ERROR `/member.php' not found.
[2018-07-31 06:57:53] ERROR `/calendar.php' not found.
[2018-07-31 06:58:27] ERROR `/memberlist.php' not found.
[2018-07-31 06:59:28] ERROR `/index.php' not found.
[2018-07-31 07:03:23] ERROR `/mini_project_summary' not found.
[2018-07-31 07:04:04] ERROR `/memberlist.php' not found.
[2018-07-31 07:05:25] ERROR `/member.php' not found.
[2018-07-31 07:05:52] ERROR `/index.php' not found.
[2018-07-31 07:06:19] ERROR `/index.php' not found.
[2018-07-31 07:08:35] ERROR `/calendar.php' not found.
[2018-07-31 07:08:53] ERROR `/memberlist.php' not found.
[2018-07-31 07:11:17] ERROR `/memberlist.php' not found.
[2018-07-31 07:12:55] ERROR `/member.php' not found.
[2018-07-31 07:13:45] ERROR `/muieblackcat' not found.
[2018-07-31 07:13:45] ERROR `/phpMyAdmin/scripts/setup.php' not found.
[2018-07-31 07:13:45] ERROR `/phpmyadmin/scripts/setup.php' not found.
[2018-07-31 07:13:45] ERROR `/pma/scripts/setup.php' not found.
[2018-07-31 07:13:45] ERROR `/myadmin/scripts/setup.php' not found.
[2018-07-31 07:13:45] ERROR `/MyAdmin/scripts/setup.php' not found.
[2018-07-31 07:14:16] ERROR `/member.php' not found.
[2018-07-31 07:14:37] ERROR `/w00tw00t.at.blackhats.romanian.anti-sec:)' not found.
[2018-07-31 07:14:37] ERROR `/phpmyadmin/scripts/setup.php' not found.
[2018-07-31 07:14:37] ERROR `/phpMyAdmin/scripts/setup.php' not found.
[2018-07-31 07:14:37] ERROR `/mysqlmanager/scripts/setup.php' not found.
[2018-07-31 07:14:38] ERROR `/p/m/a/scripts/setup.php' not found.
[2018-07-31 07:14:38] ERROR `/phpmanager/scripts/setup.php' not found.
[2018-07-31 07:14:38] ERROR `/mysql-admin/scripts/setup.php' not found.
[2018-07-31 07:14:38] ERROR `/mysqladmin/scripts/setup.php' not found.
[2018-07-31 07:14:38] ERROR `/webdb/scripts/setup.php' not found.
[2018-07-31 07:14:40] ERROR `/webadmin/scripts/setup.php' not found.
[2018-07-31 07:14:40] ERROR `/phpmy-admin/scripts/setup.php' not found.
[2018-07-31 07:14:41] ERROR `/php-myadmin/scripts/setup.php' not found.
[2018-07-31 07:14:41] ERROR `/my/scripts/setup.php' not found.
[2018-07-31 07:14:41] ERROR `/MyAdmin/scripts/setup.php' not found.
[2018-07-31 07:14:41] ERROR `/phpMyAdmin-2.10.0/scripts/setup.php' not found.
[2018-07-31 07:14:41] ERROR `/myAdmin/scripts/setup.php' not found.
[2018-07-31 07:14:42] ERROR `/mysql/scripts/setup.php' not found.
[2018-07-31 07:14:42] ERROR `/sqladmin/scripts/setup.php' not found.
[2018-07-31 07:14:42] ERROR `/dbadmin/scripts/setup.php' not found.
[2018-07-31 07:14:42] ERROR `/sqladm/scripts/setup.php' not found.
[2018-07-31 07:14:42] ERROR `/scripts/setup.php' not found.
[2018-07-31 07:14:43] ERROR `/pma/scripts/setup.php' not found.
[2018-07-31 07:14:43] ERROR `/PMA/scripts/setup.php' not found.
[2018-07-31 07:14:43] ERROR `/db/scripts/setup.php' not found.
[2018-07-31 07:14:43] ERROR `/myadmin/scripts/setup.php' not found.
[2018-07-31 07:14:43] ERROR `/PMA2005/' not found.
[2018-07-31 07:17:29] ERROR `/robots.txt' not found.
[2018-07-31 07:19:29] ERROR `/memberlist.php' not found.
[2018-07-31 07:20:43] ERROR `/memberlist.php' not found.
[2018-07-31 07:21:52] ERROR `/index.php' not found.
[2018-07-31 07:23:24] ERROR `/search.php' not found.
[2018-07-31 07:27:31] ERROR `/memberlist.php' not found.
[2018-07-31 07:27:36] ERROR `/search.php' not found.
[2018-07-31 07:27:38] ERROR `/search.php' not found.
[2018-07-31 07:27:44] ERROR `/memberlist.php' not found.
[2018-07-31 07:28:55] ERROR `/memberlist.php' not found.
[2018-07-31 07:29:25] ERROR `/index.php' not found.
[2018-07-31 07:29:30] ERROR `/index.php' not found.
[2018-07-31 07:31:19] ERROR `/memberlist.php' not found.
[2018-07-31 07:31:57] ERROR `/index.php' not found.
[2018-07-31 07:34:22] ERROR `/index.php' not found.
[2018-07-31 07:36:20] ERROR `/index.php' not found.
[2018-07-31 07:38:45] ERROR `/search.php' not found.
[2018-07-31 07:39:25] ERROR `/mini_project_summary' not found.
[2018-07-31 07:40:32] ERROR `/index.php' not found.
[2018-07-31 07:48:59] ERROR `/memberlist.php' not found.
[2018-07-31 07:50:04] ERROR `/member.php' not found.
[2018-07-31 07:56:30] ERROR `/memberlist.php' not found.
[2018-07-31 07:57:45] ERROR `/memberlist.php' not found.
[2018-07-31 07:57:50] ERROR `/calendar.php' not found.
[2018-07-31 07:58:10] ERROR `/member.php' not found.
[2018-07-31 07:58:50] ERROR `/search.php' not found.
[2018-07-31 07:59:58] ERROR `/memberlist.php' not found.
[2018-07-31 08:01:16] ERROR `/robots.txt' not found.
[2018-07-31 08:01:16] ERROR `/index.php' not found.
[2018-07-31 08:02:01] ERROR `/search.php' not found.
[2018-07-31 08:02:03] ERROR `/search.php' not found.
[2018-07-31 08:02:25] ERROR `/forumdisplay.php' not found.
[2018-07-31 08:06:48] ERROR `/memberlist.php' not found.
[2018-07-31 08:09:19] ERROR `/index.php' not found.
[2018-07-31 08:09:31] ERROR `/index.php' not found.
[2018-07-31 08:11:11] ERROR `/member.php' not found.
[2018-07-31 08:11:12] ERROR `/member.php' not found.
[2018-07-31 08:11:12] ERROR `/member.php' not found.
[2018-07-31 08:11:13] ERROR `/member.php' not found.
[2018-07-31 08:11:15] ERROR `/member.php' not found.
[2018-07-31 08:11:16] ERROR `/member.php' not found.
[2018-07-31 08:11:17] ERROR `/member.php' not found.
[2018-07-31 08:12:31] ERROR `/index.php' not found.
[2018-07-31 08:14:16] ERROR `/robots.txt' not found.
[2018-07-31 08:15:49] ERROR `/memberlist.php' not found.
[2018-07-31 08:18:06] ERROR `/robots.txt' not found.
[2018-07-31 08:20:24] ERROR `/search.php' not found.
[2018-07-31 08:24:25] ERROR `/calendar.php' not found.
[2018-07-31 08:24:49] ERROR `/memberlist.php' not found.
[2018-07-31 08:27:10] ERROR `/member.php' not found.
[2018-07-31 08:27:46] ERROR `/index.php' not found.
[2018-07-31 08:28:48] ERROR `/index.php' not found.
[2018-07-31 08:31:10] ERROR `/memberlist.php' not found.
[2018-07-31 08:36:10] ERROR `/member.php' not found.
[2018-07-31 08:38:15] ERROR `/index.php' not found.
[2018-07-31 08:38:52] ERROR `/member.php' not found.
[2018-07-31 08:40:53] ERROR `/member.php' not found.
[2018-07-31 08:41:58] ERROR `/member.php' not found.
[2018-07-31 08:42:46] ERROR `/index.php' not found.
[2018-07-31 08:43:17] ERROR `/memberlist.php' not found.
[2018-07-31 08:43:46] ERROR `/search.php' not found.
[2018-07-31 08:43:48] ERROR `/search.php' not found.
[2018-07-31 08:44:32] ERROR `/robots.txt' not found.
[2018-07-31 08:45:27] ERROR `/memberlist.php' not found.
[2018-07-31 08:46:00] ERROR `/memberlist.php' not found.
[2018-07-31 08:47:04] ERROR `/search.php' not found.
[2018-07-31 08:47:06] ERROR `/search.php' not found.
[2018-07-31 08:49:40] ERROR `/member.php' not found.
[2018-07-31 08:49:45] ERROR `/memberlist.php' not found.
[2018-07-31 08:49:53] ERROR `/index.php' not found.
[2018-07-31 08:51:01] ERROR `/member.php' not found.
[2018-07-31 08:51:10] ERROR `/memberlist.php' not found.
Configuration file: /root/LAMP/my-jekyll-project/_config.yml
            Source: /root/LAMP/my-jekyll-project
       Destination: /root/LAMP/my-jekyll-project/_site
 Incremental build: disabled. Enable with --incremental
      Generating... 
                    done in 1.093 seconds.
 Auto-regeneration: disabled when running server detached.
LiveReload address: http://104.131.173.242:35729
    Server address: http://104.131.173.242:80/
Server detached with pid '14105'. Run `pkill -f jekyll' or `kill -9 14105' to stop the server.
[2018-07-31 08:53:23] ERROR `/index.php' not found.
[2018-07-31 08:53:49] FATAL SignalException: SIGTERM
	/root/LAMP/ruby/install/ruby-2.5.1/lib/ruby/2.5.0/webrick/server.rb:170:in `select'
	/root/LAMP/ruby/install/ruby-2.5.1/lib/ruby/2.5.0/webrick/server.rb:170:in `block in start'
	/root/LAMP/ruby/install/ruby-2.5.1/lib/ruby/2.5.0/webrick/server.rb:32:in `start'
	/root/LAMP/ruby/install/ruby-2.5.1/lib/ruby/2.5.0/webrick/server.rb:157:in `start'
	/root/LAMP/ruby/install/ruby-2.5.1/lib/ruby/gems/2.5.0/gems/jekyll-3.8.3/lib/jekyll/commands/serve.rb:302:in `block in boot_or_detach'
	/root/LAMP/ruby/install/ruby-2.5.1/lib/ruby/gems/2.5.0/gems/jekyll-3.8.3/lib/jekyll/commands/serve.rb:301:in `fork'
	/root/LAMP/ruby/install/ruby-2.5.1/lib/ruby/gems/2.5.0/gems/jekyll-3.8.3/lib/jekyll/commands/serve.rb:301:in `boot_or_detach'
	/root/LAMP/ruby/install/ruby-2.5.1/lib/ruby/gems/2.5.0/gems/jekyll-3.8.3/lib/jekyll/commands/serve.rb:233:in `start_up_webrick'
	/root/LAMP/ruby/install/ruby-2.5.1/lib/ruby/gems/2.5.0/gems/jekyll-3.8.3/lib/jekyll/commands/serve.rb:104:in `process'
	/root/LAMP/ruby/install/ruby-2.5.1/lib/ruby/gems/2.5.0/gems/jekyll-3.8.3/lib/jekyll/commands/serve.rb:93:in `block in start'
	/root/LAMP/ruby/install/ruby-2.5.1/lib/ruby/gems/2.5.0/gems/jekyll-3.8.3/lib/jekyll/commands/serve.rb:93:in `each'
	/root/LAMP/ruby/install/ruby-2.5.1/lib/ruby/gems/2.5.0/gems/jekyll-3.8.3/lib/jekyll/commands/serve.rb:93:in `start'
	/root/LAMP/ruby/install/ruby-2.5.1/lib/ruby/gems/2.5.0/gems/jekyll-3.8.3/lib/jekyll/commands/serve.rb:75:in `block (2 levels) in init_with_program'
	/root/LAMP/ruby/install/ruby-2.5.1/lib/ruby/gems/2.5.0/gems/mercenary-0.3.6/lib/mercenary/command.rb:220:in `block in execute'
	/root/LAMP/ruby/install/ruby-2.5.1/lib/ruby/gems/2.5.0/gems/mercenary-0.3.6/lib/mercenary/command.rb:220:in `each'
	/root/LAMP/ruby/install/ruby-2.5.1/lib/ruby/gems/2.5.0/gems/mercenary-0.3.6/lib/mercenary/command.rb:220:in `execute'
	/root/LAMP/ruby/install/ruby-2.5.1/lib/ruby/gems/2.5.0/gems/mercenary-0.3.6/lib/mercenary/program.rb:42:in `go'
	/root/LAMP/ruby/install/ruby-2.5.1/lib/ruby/gems/2.5.0/gems/mercenary-0.3.6/lib/mercenary.rb:19:in `program'
	/root/LAMP/ruby/install/ruby-2.5.1/lib/ruby/gems/2.5.0/gems/jekyll-3.8.3/exe/jekyll:15:in `<top (required)>'
	/root/LAMP/ruby/install/ruby-2.5.1/bin/jekyll:23:in `load'
	/root/LAMP/ruby/install/ruby-2.5.1/bin/jekyll:23:in `<top (required)>'
	/root/LAMP/ruby/install/ruby-2.5.1/lib/ruby/gems/2.5.0/gems/bundler-1.16.3/lib/bundler/cli/exec.rb:74:in `load'
	/root/LAMP/ruby/install/ruby-2.5.1/lib/ruby/gems/2.5.0/gems/bundler-1.16.3/lib/bundler/cli/exec.rb:74:in `kernel_load'
	/root/LAMP/ruby/install/ruby-2.5.1/lib/ruby/gems/2.5.0/gems/bundler-1.16.3/lib/bundler/cli/exec.rb:28:in `run'
	/root/LAMP/ruby/install/ruby-2.5.1/lib/ruby/gems/2.5.0/gems/bundler-1.16.3/lib/bundler/cli.rb:424:in `exec'
	/root/LAMP/ruby/install/ruby-2.5.1/lib/ruby/gems/2.5.0/gems/bundler-1.16.3/lib/bundler/vendor/thor/lib/thor/command.rb:27:in `run'
	/root/LAMP/ruby/install/ruby-2.5.1/lib/ruby/gems/2.5.0/gems/bundler-1.16.3/lib/bundler/vendor/thor/lib/thor/invocation.rb:126:in `invoke_command'
	/root/LAMP/ruby/install/ruby-2.5.1/lib/ruby/gems/2.5.0/gems/bundler-1.16.3/lib/bundler/vendor/thor/lib/thor.rb:387:in `dispatch'
	/root/LAMP/ruby/install/ruby-2.5.1/lib/ruby/gems/2.5.0/gems/bundler-1.16.3/lib/bundler/cli.rb:27:in `dispatch'
	/root/LAMP/ruby/install/ruby-2.5.1/lib/ruby/gems/2.5.0/gems/bundler-1.16.3/lib/bundler/vendor/thor/lib/thor/base.rb:466:in `start'
	/root/LAMP/ruby/install/ruby-2.5.1/lib/ruby/gems/2.5.0/gems/bundler-1.16.3/lib/bundler/cli.rb:18:in `start'
	/root/LAMP/ruby/install/ruby-2.5.1/lib/ruby/gems/2.5.0/gems/bundler-1.16.3/exe/bundle:30:in `block in <top (required)>'
	/root/LAMP/ruby/install/ruby-2.5.1/lib/ruby/gems/2.5.0/gems/bundler-1.16.3/lib/bundler/friendly_errors.rb:124:in `with_friendly_errors'
	/root/LAMP/ruby/install/ruby-2.5.1/lib/ruby/gems/2.5.0/gems/bundler-1.16.3/exe/bundle:22:in `<top (required)>'
	/root/LAMP/ruby/install/ruby-2.5.1/bin/bundle:23:in `load'
	/root/LAMP/ruby/install/ruby-2.5.1/bin/bundle:23:in `<main>'
Configuration file: /root/LAMP/my-jekyll-project/_config.yml
            Source: /root/LAMP/my-jekyll-project
       Destination: /root/LAMP/my-jekyll-project/_site
 Incremental build: disabled. Enable with --incremental
      Generating... 
                    done in 0.979 seconds.
 Auto-regeneration: disabled when running server detached.
    Server address: http://104.131.173.242:80/
LiveReload address: http://104.131.173.242:35729
Server detached with pid '14231'. Run `pkill -f jekyll' or `kill -9 14231' to stop the server.
[2018-07-31 08:56:38] FATAL SignalException: SIGTERM
	/root/LAMP/ruby/install/ruby-2.5.1/lib/ruby/2.5.0/webrick/server.rb:170:in `select'
	/root/LAMP/ruby/install/ruby-2.5.1/lib/ruby/2.5.0/webrick/server.rb:170:in `block in start'
	/root/LAMP/ruby/install/ruby-2.5.1/lib/ruby/2.5.0/webrick/server.rb:32:in `start'
	/root/LAMP/ruby/install/ruby-2.5.1/lib/ruby/2.5.0/webrick/server.rb:157:in `start'
	/root/LAMP/ruby/install/ruby-2.5.1/lib/ruby/gems/2.5.0/gems/jekyll-3.8.3/lib/jekyll/commands/serve.rb:302:in `block in boot_or_detach'
	/root/LAMP/ruby/install/ruby-2.5.1/lib/ruby/gems/2.5.0/gems/jekyll-3.8.3/lib/jekyll/commands/serve.rb:301:in `fork'
	/root/LAMP/ruby/install/ruby-2.5.1/lib/ruby/gems/2.5.0/gems/jekyll-3.8.3/lib/jekyll/commands/serve.rb:301:in `boot_or_detach'
	/root/LAMP/ruby/install/ruby-2.5.1/lib/ruby/gems/2.5.0/gems/jekyll-3.8.3/lib/jekyll/commands/serve.rb:233:in `start_up_webrick'
	/root/LAMP/ruby/install/ruby-2.5.1/lib/ruby/gems/2.5.0/gems/jekyll-3.8.3/lib/jekyll/commands/serve.rb:104:in `process'
	/root/LAMP/ruby/install/ruby-2.5.1/lib/ruby/gems/2.5.0/gems/jekyll-3.8.3/lib/jekyll/commands/serve.rb:93:in `block in start'
	/root/LAMP/ruby/install/ruby-2.5.1/lib/ruby/gems/2.5.0/gems/jekyll-3.8.3/lib/jekyll/commands/serve.rb:93:in `each'
	/root/LAMP/ruby/install/ruby-2.5.1/lib/ruby/gems/2.5.0/gems/jekyll-3.8.3/lib/jekyll/commands/serve.rb:93:in `start'
	/root/LAMP/ruby/install/ruby-2.5.1/lib/ruby/gems/2.5.0/gems/jekyll-3.8.3/lib/jekyll/commands/serve.rb:75:in `block (2 levels) in init_with_program'
	/root/LAMP/ruby/install/ruby-2.5.1/lib/ruby/gems/2.5.0/gems/mercenary-0.3.6/lib/mercenary/command.rb:220:in `block in execute'
	/root/LAMP/ruby/install/ruby-2.5.1/lib/ruby/gems/2.5.0/gems/mercenary-0.3.6/lib/mercenary/command.rb:220:in `each'
	/root/LAMP/ruby/install/ruby-2.5.1/lib/ruby/gems/2.5.0/gems/mercenary-0.3.6/lib/mercenary/command.rb:220:in `execute'
	/root/LAMP/ruby/install/ruby-2.5.1/lib/ruby/gems/2.5.0/gems/mercenary-0.3.6/lib/mercenary/program.rb:42:in `go'
	/root/LAMP/ruby/install/ruby-2.5.1/lib/ruby/gems/2.5.0/gems/mercenary-0.3.6/lib/mercenary.rb:19:in `program'
	/root/LAMP/ruby/install/ruby-2.5.1/lib/ruby/gems/2.5.0/gems/jekyll-3.8.3/exe/jekyll:15:in `<top (required)>'
	/root/LAMP/ruby/install/ruby-2.5.1/bin/jekyll:23:in `load'
	/root/LAMP/ruby/install/ruby-2.5.1/bin/jekyll:23:in `<top (required)>'
	/root/LAMP/ruby/install/ruby-2.5.1/lib/ruby/gems/2.5.0/gems/bundler-1.16.3/lib/bundler/cli/exec.rb:74:in `load'
	/root/LAMP/ruby/install/ruby-2.5.1/lib/ruby/gems/2.5.0/gems/bundler-1.16.3/lib/bundler/cli/exec.rb:74:in `kernel_load'
	/root/LAMP/ruby/install/ruby-2.5.1/lib/ruby/gems/2.5.0/gems/bundler-1.16.3/lib/bundler/cli/exec.rb:28:in `run'
	/root/LAMP/ruby/install/ruby-2.5.1/lib/ruby/gems/2.5.0/gems/bundler-1.16.3/lib/bundler/cli.rb:424:in `exec'
	/root/LAMP/ruby/install/ruby-2.5.1/lib/ruby/gems/2.5.0/gems/bundler-1.16.3/lib/bundler/vendor/thor/lib/thor/command.rb:27:in `run'
	/root/LAMP/ruby/install/ruby-2.5.1/lib/ruby/gems/2.5.0/gems/bundler-1.16.3/lib/bundler/vendor/thor/lib/thor/invocation.rb:126:in `invoke_command'
	/root/LAMP/ruby/install/ruby-2.5.1/lib/ruby/gems/2.5.0/gems/bundler-1.16.3/lib/bundler/vendor/thor/lib/thor.rb:387:in `dispatch'
	/root/LAMP/ruby/install/ruby-2.5.1/lib/ruby/gems/2.5.0/gems/bundler-1.16.3/lib/bundler/cli.rb:27:in `dispatch'
	/root/LAMP/ruby/install/ruby-2.5.1/lib/ruby/gems/2.5.0/gems/bundler-1.16.3/lib/bundler/vendor/thor/lib/thor/base.rb:466:in `start'
	/root/LAMP/ruby/install/ruby-2.5.1/lib/ruby/gems/2.5.0/gems/bundler-1.16.3/lib/bundler/cli.rb:18:in `start'
	/root/LAMP/ruby/install/ruby-2.5.1/lib/ruby/gems/2.5.0/gems/bundler-1.16.3/exe/bundle:30:in `block in <top (required)>'
	/root/LAMP/ruby/install/ruby-2.5.1/lib/ruby/gems/2.5.0/gems/bundler-1.16.3/lib/bundler/friendly_errors.rb:124:in `with_friendly_errors'
	/root/LAMP/ruby/install/ruby-2.5.1/lib/ruby/gems/2.5.0/gems/bundler-1.16.3/exe/bundle:22:in `<top (required)>'
	/root/LAMP/ruby/install/ruby-2.5.1/bin/bundle:23:in `load'
	/root/LAMP/ruby/install/ruby-2.5.1/bin/bundle:23:in `<main>'
Configuration file: /root/LAMP/my-jekyll-project/_config.yml
            Source: /root/LAMP/my-jekyll-project
       Destination: /root/LAMP/my-jekyll-project/_site
 Incremental build: disabled. Enable with --incremental
      Generating... 
                    done in 0.947 seconds.
 Auto-regeneration: disabled when running server detached.
    Server address: http://104.131.173.242:80/
LiveReload address: http://104.131.173.242:35729
Server detached with pid '14321'. Run `pkill -f jekyll' or `kill -9 14321' to stop the server.
[2018-07-31 08:57:43] FATAL SignalException: SIGTERM
	/root/LAMP/ruby/install/ruby-2.5.1/lib/ruby/2.5.0/webrick/server.rb:170:in `select'
	/root/LAMP/ruby/install/ruby-2.5.1/lib/ruby/2.5.0/webrick/server.rb:170:in `block in start'
	/root/LAMP/ruby/install/ruby-2.5.1/lib/ruby/2.5.0/webrick/server.rb:32:in `start'
	/root/LAMP/ruby/install/ruby-2.5.1/lib/ruby/2.5.0/webrick/server.rb:157:in `start'
	/root/LAMP/ruby/install/ruby-2.5.1/lib/ruby/gems/2.5.0/gems/jekyll-3.8.3/lib/jekyll/commands/serve.rb:302:in `block in boot_or_detach'
	/root/LAMP/ruby/install/ruby-2.5.1/lib/ruby/gems/2.5.0/gems/jekyll-3.8.3/lib/jekyll/commands/serve.rb:301:in `fork'
	/root/LAMP/ruby/install/ruby-2.5.1/lib/ruby/gems/2.5.0/gems/jekyll-3.8.3/lib/jekyll/commands/serve.rb:301:in `boot_or_detach'
	/root/LAMP/ruby/install/ruby-2.5.1/lib/ruby/gems/2.5.0/gems/jekyll-3.8.3/lib/jekyll/commands/serve.rb:233:in `start_up_webrick'
	/root/LAMP/ruby/install/ruby-2.5.1/lib/ruby/gems/2.5.0/gems/jekyll-3.8.3/lib/jekyll/commands/serve.rb:104:in `process'
	/root/LAMP/ruby/install/ruby-2.5.1/lib/ruby/gems/2.5.0/gems/jekyll-3.8.3/lib/jekyll/commands/serve.rb:93:in `block in start'
	/root/LAMP/ruby/install/ruby-2.5.1/lib/ruby/gems/2.5.0/gems/jekyll-3.8.3/lib/jekyll/commands/serve.rb:93:in `each'
	/root/LAMP/ruby/install/ruby-2.5.1/lib/ruby/gems/2.5.0/gems/jekyll-3.8.3/lib/jekyll/commands/serve.rb:93:in `start'
	/root/LAMP/ruby/install/ruby-2.5.1/lib/ruby/gems/2.5.0/gems/jekyll-3.8.3/lib/jekyll/commands/serve.rb:75:in `block (2 levels) in init_with_program'
	/root/LAMP/ruby/install/ruby-2.5.1/lib/ruby/gems/2.5.0/gems/mercenary-0.3.6/lib/mercenary/command.rb:220:in `block in execute'
	/root/LAMP/ruby/install/ruby-2.5.1/lib/ruby/gems/2.5.0/gems/mercenary-0.3.6/lib/mercenary/command.rb:220:in `each'
	/root/LAMP/ruby/install/ruby-2.5.1/lib/ruby/gems/2.5.0/gems/mercenary-0.3.6/lib/mercenary/command.rb:220:in `execute'
	/root/LAMP/ruby/install/ruby-2.5.1/lib/ruby/gems/2.5.0/gems/mercenary-0.3.6/lib/mercenary/program.rb:42:in `go'
	/root/LAMP/ruby/install/ruby-2.5.1/lib/ruby/gems/2.5.0/gems/mercenary-0.3.6/lib/mercenary.rb:19:in `program'
	/root/LAMP/ruby/install/ruby-2.5.1/lib/ruby/gems/2.5.0/gems/jekyll-3.8.3/exe/jekyll:15:in `<top (required)>'
	/root/LAMP/ruby/install/ruby-2.5.1/bin/jekyll:23:in `load'
	/root/LAMP/ruby/install/ruby-2.5.1/bin/jekyll:23:in `<top (required)>'
	/root/LAMP/ruby/install/ruby-2.5.1/lib/ruby/gems/2.5.0/gems/bundler-1.16.3/lib/bundler/cli/exec.rb:74:in `load'
	/root/LAMP/ruby/install/ruby-2.5.1/lib/ruby/gems/2.5.0/gems/bundler-1.16.3/lib/bundler/cli/exec.rb:74:in `kernel_load'
	/root/LAMP/ruby/install/ruby-2.5.1/lib/ruby/gems/2.5.0/gems/bundler-1.16.3/lib/bundler/cli/exec.rb:28:in `run'
	/root/LAMP/ruby/install/ruby-2.5.1/lib/ruby/gems/2.5.0/gems/bundler-1.16.3/lib/bundler/cli.rb:424:in `exec'
	/root/LAMP/ruby/install/ruby-2.5.1/lib/ruby/gems/2.5.0/gems/bundler-1.16.3/lib/bundler/vendor/thor/lib/thor/command.rb:27:in `run'
	/root/LAMP/ruby/install/ruby-2.5.1/lib/ruby/gems/2.5.0/gems/bundler-1.16.3/lib/bundler/vendor/thor/lib/thor/invocation.rb:126:in `invoke_command'
	/root/LAMP/ruby/install/ruby-2.5.1/lib/ruby/gems/2.5.0/gems/bundler-1.16.3/lib/bundler/vendor/thor/lib/thor.rb:387:in `dispatch'
	/root/LAMP/ruby/install/ruby-2.5.1/lib/ruby/gems/2.5.0/gems/bundler-1.16.3/lib/bundler/cli.rb:27:in `dispatch'
	/root/LAMP/ruby/install/ruby-2.5.1/lib/ruby/gems/2.5.0/gems/bundler-1.16.3/lib/bundler/vendor/thor/lib/thor/base.rb:466:in `start'
	/root/LAMP/ruby/install/ruby-2.5.1/lib/ruby/gems/2.5.0/gems/bundler-1.16.3/lib/bundler/cli.rb:18:in `start'
	/root/LAMP/ruby/install/ruby-2.5.1/lib/ruby/gems/2.5.0/gems/bundler-1.16.3/exe/bundle:30:in `block in <top (required)>'
	/root/LAMP/ruby/install/ruby-2.5.1/lib/ruby/gems/2.5.0/gems/bundler-1.16.3/lib/bundler/friendly_errors.rb:124:in `with_friendly_errors'
	/root/LAMP/ruby/install/ruby-2.5.1/lib/ruby/gems/2.5.0/gems/bundler-1.16.3/exe/bundle:22:in `<top (required)>'
	/root/LAMP/ruby/install/ruby-2.5.1/bin/bundle:23:in `load'
	/root/LAMP/ruby/install/ruby-2.5.1/bin/bundle:23:in `<main>'
Configuration file: /root/LAMP/my-jekyll-project/_config.yml
            Source: /root/LAMP/my-jekyll-project
       Destination: /root/LAMP/my-jekyll-project/_site
 Incremental build: disabled. Enable with --incremental
      Generating... 
                    done in 0.914 seconds.
 Auto-regeneration: disabled when running server detached.
LiveReload address: http://104.131.173.242:35729
    Server address: http://104.131.173.242:80/
Server detached with pid '14370'. Run `pkill -f jekyll' or `kill -9 14370' to stop the server.
[2018-07-31 08:58:01] ERROR `/index.php' not found.
[2018-07-31 08:58:49] ERROR `/memberlist.php' not found.
[2018-07-31 09:00:49] ERROR `/cgi-bin/wx_interface_v2.php' not found.
[2018-07-31 09:00:56] ERROR `/showthread.php' not found.
[2018-07-31 09:04:29] ERROR `/index.php' not found.
[2018-07-31 09:06:03] ERROR `/index.php' not found.
[2018-07-31 09:07:32] ERROR `/memberlist.php' not found.
[2018-07-31 09:09:24] ERROR `/memberlist.php' not found.
[2018-07-31 09:09:51] ERROR `/member.php' not found.
[2018-07-31 09:11:29] ERROR `/calendar.php' not found.
[2018-07-31 09:12:41] ERROR `/member.php' not found.
[2018-07-31 09:13:31] ERROR `/showthread.php' not found.
[2018-07-31 09:13:31] ERROR `/robots.txt' not found.
[2018-07-31 09:14:17] ERROR `/index.php' not found.
[2018-07-31 09:20:43] ERROR `/calendar.php' not found.
[2018-07-31 09:20:47] ERROR `/index.php' not found.
[2018-07-31 09:23:32] FATAL SignalException: SIGTERM
	/root/LAMP/ruby/install/ruby-2.5.1/lib/ruby/2.5.0/webrick/server.rb:170:in `select'
	/root/LAMP/ruby/install/ruby-2.5.1/lib/ruby/2.5.0/webrick/server.rb:170:in `block in start'
	/root/LAMP/ruby/install/ruby-2.5.1/lib/ruby/2.5.0/webrick/server.rb:32:in `start'
	/root/LAMP/ruby/install/ruby-2.5.1/lib/ruby/2.5.0/webrick/server.rb:157:in `start'
	/root/LAMP/ruby/install/ruby-2.5.1/lib/ruby/gems/2.5.0/gems/jekyll-3.8.3/lib/jekyll/commands/serve.rb:302:in `block in boot_or_detach'
	/root/LAMP/ruby/install/ruby-2.5.1/lib/ruby/gems/2.5.0/gems/jekyll-3.8.3/lib/jekyll/commands/serve.rb:301:in `fork'
	/root/LAMP/ruby/install/ruby-2.5.1/lib/ruby/gems/2.5.0/gems/jekyll-3.8.3/lib/jekyll/commands/serve.rb:301:in `boot_or_detach'
	/root/LAMP/ruby/install/ruby-2.5.1/lib/ruby/gems/2.5.0/gems/jekyll-3.8.3/lib/jekyll/commands/serve.rb:233:in `start_up_webrick'
	/root/LAMP/ruby/install/ruby-2.5.1/lib/ruby/gems/2.5.0/gems/jekyll-3.8.3/lib/jekyll/commands/serve.rb:104:in `process'
	/root/LAMP/ruby/install/ruby-2.5.1/lib/ruby/gems/2.5.0/gems/jekyll-3.8.3/lib/jekyll/commands/serve.rb:93:in `block in start'
	/root/LAMP/ruby/install/ruby-2.5.1/lib/ruby/gems/2.5.0/gems/jekyll-3.8.3/lib/jekyll/commands/serve.rb:93:in `each'
	/root/LAMP/ruby/install/ruby-2.5.1/lib/ruby/gems/2.5.0/gems/jekyll-3.8.3/lib/jekyll/commands/serve.rb:93:in `start'
	/root/LAMP/ruby/install/ruby-2.5.1/lib/ruby/gems/2.5.0/gems/jekyll-3.8.3/lib/jekyll/commands/serve.rb:75:in `block (2 levels) in init_with_program'
	/root/LAMP/ruby/install/ruby-2.5.1/lib/ruby/gems/2.5.0/gems/mercenary-0.3.6/lib/mercenary/command.rb:220:in `block in execute'
	/root/LAMP/ruby/install/ruby-2.5.1/lib/ruby/gems/2.5.0/gems/mercenary-0.3.6/lib/mercenary/command.rb:220:in `each'
	/root/LAMP/ruby/install/ruby-2.5.1/lib/ruby/gems/2.5.0/gems/mercenary-0.3.6/lib/mercenary/command.rb:220:in `execute'
	/root/LAMP/ruby/install/ruby-2.5.1/lib/ruby/gems/2.5.0/gems/mercenary-0.3.6/lib/mercenary/program.rb:42:in `go'
	/root/LAMP/ruby/install/ruby-2.5.1/lib/ruby/gems/2.5.0/gems/mercenary-0.3.6/lib/mercenary.rb:19:in `program'
	/root/LAMP/ruby/install/ruby-2.5.1/lib/ruby/gems/2.5.0/gems/jekyll-3.8.3/exe/jekyll:15:in `<top (required)>'
	/root/LAMP/ruby/install/ruby-2.5.1/bin/jekyll:23:in `load'
	/root/LAMP/ruby/install/ruby-2.5.1/bin/jekyll:23:in `<top (required)>'
	/root/LAMP/ruby/install/ruby-2.5.1/lib/ruby/gems/2.5.0/gems/bundler-1.16.3/lib/bundler/cli/exec.rb:74:in `load'
	/root/LAMP/ruby/install/ruby-2.5.1/lib/ruby/gems/2.5.0/gems/bundler-1.16.3/lib/bundler/cli/exec.rb:74:in `kernel_load'
	/root/LAMP/ruby/install/ruby-2.5.1/lib/ruby/gems/2.5.0/gems/bundler-1.16.3/lib/bundler/cli/exec.rb:28:in `run'
	/root/LAMP/ruby/install/ruby-2.5.1/lib/ruby/gems/2.5.0/gems/bundler-1.16.3/lib/bundler/cli.rb:424:in `exec'
	/root/LAMP/ruby/install/ruby-2.5.1/lib/ruby/gems/2.5.0/gems/bundler-1.16.3/lib/bundler/vendor/thor/lib/thor/command.rb:27:in `run'
	/root/LAMP/ruby/install/ruby-2.5.1/lib/ruby/gems/2.5.0/gems/bundler-1.16.3/lib/bundler/vendor/thor/lib/thor/invocation.rb:126:in `invoke_command'
	/root/LAMP/ruby/install/ruby-2.5.1/lib/ruby/gems/2.5.0/gems/bundler-1.16.3/lib/bundler/vendor/thor/lib/thor.rb:387:in `dispatch'
	/root/LAMP/ruby/install/ruby-2.5.1/lib/ruby/gems/2.5.0/gems/bundler-1.16.3/lib/bundler/cli.rb:27:in `dispatch'
	/root/LAMP/ruby/install/ruby-2.5.1/lib/ruby/gems/2.5.0/gems/bundler-1.16.3/lib/bundler/vendor/thor/lib/thor/base.rb:466:in `start'
	/root/LAMP/ruby/install/ruby-2.5.1/lib/ruby/gems/2.5.0/gems/bundler-1.16.3/lib/bundler/cli.rb:18:in `start'
	/root/LAMP/ruby/install/ruby-2.5.1/lib/ruby/gems/2.5.0/gems/bundler-1.16.3/exe/bundle:30:in `block in <top (required)>'
	/root/LAMP/ruby/install/ruby-2.5.1/lib/ruby/gems/2.5.0/gems/bundler-1.16.3/lib/bundler/friendly_errors.rb:124:in `with_friendly_errors'
	/root/LAMP/ruby/install/ruby-2.5.1/lib/ruby/gems/2.5.0/gems/bundler-1.16.3/exe/bundle:22:in `<top (required)>'
	/root/LAMP/ruby/install/ruby-2.5.1/bin/bundle:23:in `load'
	/root/LAMP/ruby/install/ruby-2.5.1/bin/bundle:23:in `<main>'
Configuration file: /root/LAMP/my-jekyll-project/_config.yml
            Source: /root/LAMP/my-jekyll-project
       Destination: /root/LAMP/my-jekyll-project/_site
 Incremental build: disabled. Enable with --incremental
      Generating... 
                    done in 0.98 seconds.
 Auto-regeneration: disabled when running server detached.
LiveReload address: http://104.131.173.242:35729
    Server address: http://104.131.173.242:80/
Server detached with pid '15704'. Run `pkill -f jekyll' or `kill -9 15704' to stop the server.
[2018-07-31 09:24:58] ERROR `/index.php' not found.
[2018-07-31 09:25:22] ERROR `/index.php' not found.
[2018-07-31 09:26:10] ERROR `/index.php' not found.
[2018-07-31 09:26:53] FATAL SignalException: SIGTERM
	/root/LAMP/ruby/install/ruby-2.5.1/lib/ruby/2.5.0/webrick/server.rb:170:in `select'
	/root/LAMP/ruby/install/ruby-2.5.1/lib/ruby/2.5.0/webrick/server.rb:170:in `block in start'
	/root/LAMP/ruby/install/ruby-2.5.1/lib/ruby/2.5.0/webrick/server.rb:32:in `start'
	/root/LAMP/ruby/install/ruby-2.5.1/lib/ruby/2.5.0/webrick/server.rb:157:in `start'
	/root/LAMP/ruby/install/ruby-2.5.1/lib/ruby/gems/2.5.0/gems/jekyll-3.8.3/lib/jekyll/commands/serve.rb:302:in `block in boot_or_detach'
	/root/LAMP/ruby/install/ruby-2.5.1/lib/ruby/gems/2.5.0/gems/jekyll-3.8.3/lib/jekyll/commands/serve.rb:301:in `fork'
	/root/LAMP/ruby/install/ruby-2.5.1/lib/ruby/gems/2.5.0/gems/jekyll-3.8.3/lib/jekyll/commands/serve.rb:301:in `boot_or_detach'
	/root/LAMP/ruby/install/ruby-2.5.1/lib/ruby/gems/2.5.0/gems/jekyll-3.8.3/lib/jekyll/commands/serve.rb:233:in `start_up_webrick'
	/root/LAMP/ruby/install/ruby-2.5.1/lib/ruby/gems/2.5.0/gems/jekyll-3.8.3/lib/jekyll/commands/serve.rb:104:in `process'
	/root/LAMP/ruby/install/ruby-2.5.1/lib/ruby/gems/2.5.0/gems/jekyll-3.8.3/lib/jekyll/commands/serve.rb:93:in `block in start'
	/root/LAMP/ruby/install/ruby-2.5.1/lib/ruby/gems/2.5.0/gems/jekyll-3.8.3/lib/jekyll/commands/serve.rb:93:in `each'
	/root/LAMP/ruby/install/ruby-2.5.1/lib/ruby/gems/2.5.0/gems/jekyll-3.8.3/lib/jekyll/commands/serve.rb:93:in `start'
	/root/LAMP/ruby/install/ruby-2.5.1/lib/ruby/gems/2.5.0/gems/jekyll-3.8.3/lib/jekyll/commands/serve.rb:75:in `block (2 levels) in init_with_program'
	/root/LAMP/ruby/install/ruby-2.5.1/lib/ruby/gems/2.5.0/gems/mercenary-0.3.6/lib/mercenary/command.rb:220:in `block in execute'
	/root/LAMP/ruby/install/ruby-2.5.1/lib/ruby/gems/2.5.0/gems/mercenary-0.3.6/lib/mercenary/command.rb:220:in `each'
	/root/LAMP/ruby/install/ruby-2.5.1/lib/ruby/gems/2.5.0/gems/mercenary-0.3.6/lib/mercenary/command.rb:220:in `execute'
	/root/LAMP/ruby/install/ruby-2.5.1/lib/ruby/gems/2.5.0/gems/mercenary-0.3.6/lib/mercenary/program.rb:42:in `go'
	/root/LAMP/ruby/install/ruby-2.5.1/lib/ruby/gems/2.5.0/gems/mercenary-0.3.6/lib/mercenary.rb:19:in `program'
	/root/LAMP/ruby/install/ruby-2.5.1/lib/ruby/gems/2.5.0/gems/jekyll-3.8.3/exe/jekyll:15:in `<top (required)>'
	/root/LAMP/ruby/install/ruby-2.5.1/bin/jekyll:23:in `load'
	/root/LAMP/ruby/install/ruby-2.5.1/bin/jekyll:23:in `<top (required)>'
	/root/LAMP/ruby/install/ruby-2.5.1/lib/ruby/gems/2.5.0/gems/bundler-1.16.3/lib/bundler/cli/exec.rb:74:in `load'
	/root/LAMP/ruby/install/ruby-2.5.1/lib/ruby/gems/2.5.0/gems/bundler-1.16.3/lib/bundler/cli/exec.rb:74:in `kernel_load'
	/root/LAMP/ruby/install/ruby-2.5.1/lib/ruby/gems/2.5.0/gems/bundler-1.16.3/lib/bundler/cli/exec.rb:28:in `run'
	/root/LAMP/ruby/install/ruby-2.5.1/lib/ruby/gems/2.5.0/gems/bundler-1.16.3/lib/bundler/cli.rb:424:in `exec'
	/root/LAMP/ruby/install/ruby-2.5.1/lib/ruby/gems/2.5.0/gems/bundler-1.16.3/lib/bundler/vendor/thor/lib/thor/command.rb:27:in `run'
	/root/LAMP/ruby/install/ruby-2.5.1/lib/ruby/gems/2.5.0/gems/bundler-1.16.3/lib/bundler/vendor/thor/lib/thor/invocation.rb:126:in `invoke_command'
	/root/LAMP/ruby/install/ruby-2.5.1/lib/ruby/gems/2.5.0/gems/bundler-1.16.3/lib/bundler/vendor/thor/lib/thor.rb:387:in `dispatch'
	/root/LAMP/ruby/install/ruby-2.5.1/lib/ruby/gems/2.5.0/gems/bundler-1.16.3/lib/bundler/cli.rb:27:in `dispatch'
	/root/LAMP/ruby/install/ruby-2.5.1/lib/ruby/gems/2.5.0/gems/bundler-1.16.3/lib/bundler/vendor/thor/lib/thor/base.rb:466:in `start'
	/root/LAMP/ruby/install/ruby-2.5.1/lib/ruby/gems/2.5.0/gems/bundler-1.16.3/lib/bundler/cli.rb:18:in `start'
	/root/LAMP/ruby/install/ruby-2.5.1/lib/ruby/gems/2.5.0/gems/bundler-1.16.3/exe/bundle:30:in `block in <top (required)>'
	/root/LAMP/ruby/install/ruby-2.5.1/lib/ruby/gems/2.5.0/gems/bundler-1.16.3/lib/bundler/friendly_errors.rb:124:in `with_friendly_errors'
	/root/LAMP/ruby/install/ruby-2.5.1/lib/ruby/gems/2.5.0/gems/bundler-1.16.3/exe/bundle:22:in `<top (required)>'
	/root/LAMP/ruby/install/ruby-2.5.1/bin/bundle:23:in `load'
	/root/LAMP/ruby/install/ruby-2.5.1/bin/bundle:23:in `<main>'
Configuration file: /root/LAMP/my-jekyll-project/_config.yml
            Source: /root/LAMP/my-jekyll-project
       Destination: /root/LAMP/my-jekyll-project/_site
 Incremental build: disabled. Enable with --incremental
      Generating... 
                    done in 0.903 seconds.
 Auto-regeneration: disabled when running server detached.
    Server address: http://104.131.173.242:80/
Server detached with pid '15862'. Run `pkill -f jekyll' or `kill -9 15862' to stop the server.
[2018-07-31 09:27:25] ERROR Errno::ECONNRESET: Connection reset by peer @ io_fillbuf - fd:14 
	/root/LAMP/ruby/install/ruby-2.5.1/lib/ruby/2.5.0/webrick/httpserver.rb:82:in `eof?'
	/root/LAMP/ruby/install/ruby-2.5.1/lib/ruby/2.5.0/webrick/httpserver.rb:82:in `run'
	/root/LAMP/ruby/install/ruby-2.5.1/lib/ruby/2.5.0/webrick/server.rb:307:in `block in start_thread'
[2018-07-31 09:27:25] ERROR Errno::ECONNRESET: Connection reset by peer @ io_fillbuf - fd:15 
	/root/LAMP/ruby/install/ruby-2.5.1/lib/ruby/2.5.0/webrick/httpserver.rb:82:in `eof?'
	/root/LAMP/ruby/install/ruby-2.5.1/lib/ruby/2.5.0/webrick/httpserver.rb:82:in `run'
	/root/LAMP/ruby/install/ruby-2.5.1/lib/ruby/2.5.0/webrick/server.rb:307:in `block in start_thread'
[2018-07-31 09:27:59] ERROR `/member.php' not found.
[2018-07-31 09:28:03] ERROR Errno::ECONNRESET: Connection reset by peer @ io_fillbuf - fd:10 
	/root/LAMP/ruby/install/ruby-2.5.1/lib/ruby/2.5.0/webrick/httpserver.rb:82:in `eof?'
	/root/LAMP/ruby/install/ruby-2.5.1/lib/ruby/2.5.0/webrick/httpserver.rb:82:in `run'
	/root/LAMP/ruby/install/ruby-2.5.1/lib/ruby/2.5.0/webrick/server.rb:307:in `block in start_thread'
[2018-07-31 09:28:33] ERROR Errno::ECONNRESET: Connection reset by peer @ io_fillbuf - fd:10 
	/root/LAMP/ruby/install/ruby-2.5.1/lib/ruby/2.5.0/webrick/httpserver.rb:82:in `eof?'
	/root/LAMP/ruby/install/ruby-2.5.1/lib/ruby/2.5.0/webrick/httpserver.rb:82:in `run'
	/root/LAMP/ruby/install/ruby-2.5.1/lib/ruby/2.5.0/webrick/server.rb:307:in `block in start_thread'
[2018-07-31 09:28:33] ERROR Errno::ECONNRESET: Connection reset by peer @ io_fillbuf - fd:11 
	/root/LAMP/ruby/install/ruby-2.5.1/lib/ruby/2.5.0/webrick/httpserver.rb:82:in `eof?'
	/root/LAMP/ruby/install/ruby-2.5.1/lib/ruby/2.5.0/webrick/httpserver.rb:82:in `run'
	/root/LAMP/ruby/install/ruby-2.5.1/lib/ruby/2.5.0/webrick/server.rb:307:in `block in start_thread'
[2018-07-31 09:28:46] ERROR `/robots.txt' not found.
[2018-07-31 09:31:09] ERROR `/cgi-bin/wx_interface_v2.php' not found.
[2018-07-31 09:34:08] ERROR `/index.php' not found.
[2018-07-31 09:36:37] ERROR `/member.php' not found.
[2018-07-31 09:38:35] FATAL SignalException: SIGTERM
	/root/LAMP/ruby/install/ruby-2.5.1/lib/ruby/2.5.0/webrick/server.rb:170:in `select'
	/root/LAMP/ruby/install/ruby-2.5.1/lib/ruby/2.5.0/webrick/server.rb:170:in `block in start'
	/root/LAMP/ruby/install/ruby-2.5.1/lib/ruby/2.5.0/webrick/server.rb:32:in `start'
	/root/LAMP/ruby/install/ruby-2.5.1/lib/ruby/2.5.0/webrick/server.rb:157:in `start'
	/root/LAMP/ruby/install/ruby-2.5.1/lib/ruby/gems/2.5.0/gems/jekyll-3.8.3/lib/jekyll/commands/serve.rb:302:in `block in boot_or_detach'
	/root/LAMP/ruby/install/ruby-2.5.1/lib/ruby/gems/2.5.0/gems/jekyll-3.8.3/lib/jekyll/commands/serve.rb:301:in `fork'
	/root/LAMP/ruby/install/ruby-2.5.1/lib/ruby/gems/2.5.0/gems/jekyll-3.8.3/lib/jekyll/commands/serve.rb:301:in `boot_or_detach'
	/root/LAMP/ruby/install/ruby-2.5.1/lib/ruby/gems/2.5.0/gems/jekyll-3.8.3/lib/jekyll/commands/serve.rb:233:in `start_up_webrick'
	/root/LAMP/ruby/install/ruby-2.5.1/lib/ruby/gems/2.5.0/gems/jekyll-3.8.3/lib/jekyll/commands/serve.rb:104:in `process'
	/root/LAMP/ruby/install/ruby-2.5.1/lib/ruby/gems/2.5.0/gems/jekyll-3.8.3/lib/jekyll/commands/serve.rb:93:in `block in start'
	/root/LAMP/ruby/install/ruby-2.5.1/lib/ruby/gems/2.5.0/gems/jekyll-3.8.3/lib/jekyll/commands/serve.rb:93:in `each'
	/root/LAMP/ruby/install/ruby-2.5.1/lib/ruby/gems/2.5.0/gems/jekyll-3.8.3/lib/jekyll/commands/serve.rb:93:in `start'
	/root/LAMP/ruby/install/ruby-2.5.1/lib/ruby/gems/2.5.0/gems/jekyll-3.8.3/lib/jekyll/commands/serve.rb:75:in `block (2 levels) in init_with_program'
	/root/LAMP/ruby/install/ruby-2.5.1/lib/ruby/gems/2.5.0/gems/mercenary-0.3.6/lib/mercenary/command.rb:220:in `block in execute'
	/root/LAMP/ruby/install/ruby-2.5.1/lib/ruby/gems/2.5.0/gems/mercenary-0.3.6/lib/mercenary/command.rb:220:in `each'
	/root/LAMP/ruby/install/ruby-2.5.1/lib/ruby/gems/2.5.0/gems/mercenary-0.3.6/lib/mercenary/command.rb:220:in `execute'
	/root/LAMP/ruby/install/ruby-2.5.1/lib/ruby/gems/2.5.0/gems/mercenary-0.3.6/lib/mercenary/program.rb:42:in `go'
	/root/LAMP/ruby/install/ruby-2.5.1/lib/ruby/gems/2.5.0/gems/mercenary-0.3.6/lib/mercenary.rb:19:in `program'
	/root/LAMP/ruby/install/ruby-2.5.1/lib/ruby/gems/2.5.0/gems/jekyll-3.8.3/exe/jekyll:15:in `<top (required)>'
	/root/LAMP/ruby/install/ruby-2.5.1/bin/jekyll:23:in `load'
	/root/LAMP/ruby/install/ruby-2.5.1/bin/jekyll:23:in `<top (required)>'
	/root/LAMP/ruby/install/ruby-2.5.1/lib/ruby/gems/2.5.0/gems/bundler-1.16.3/lib/bundler/cli/exec.rb:74:in `load'
	/root/LAMP/ruby/install/ruby-2.5.1/lib/ruby/gems/2.5.0/gems/bundler-1.16.3/lib/bundler/cli/exec.rb:74:in `kernel_load'
	/root/LAMP/ruby/install/ruby-2.5.1/lib/ruby/gems/2.5.0/gems/bundler-1.16.3/lib/bundler/cli/exec.rb:28:in `run'
	/root/LAMP/ruby/install/ruby-2.5.1/lib/ruby/gems/2.5.0/gems/bundler-1.16.3/lib/bundler/cli.rb:424:in `exec'
	/root/LAMP/ruby/install/ruby-2.5.1/lib/ruby/gems/2.5.0/gems/bundler-1.16.3/lib/bundler/vendor/thor/lib/thor/command.rb:27:in `run'
	/root/LAMP/ruby/install/ruby-2.5.1/lib/ruby/gems/2.5.0/gems/bundler-1.16.3/lib/bundler/vendor/thor/lib/thor/invocation.rb:126:in `invoke_command'
	/root/LAMP/ruby/install/ruby-2.5.1/lib/ruby/gems/2.5.0/gems/bundler-1.16.3/lib/bundler/vendor/thor/lib/thor.rb:387:in `dispatch'
	/root/LAMP/ruby/install/ruby-2.5.1/lib/ruby/gems/2.5.0/gems/bundler-1.16.3/lib/bundler/cli.rb:27:in `dispatch'
	/root/LAMP/ruby/install/ruby-2.5.1/lib/ruby/gems/2.5.0/gems/bundler-1.16.3/lib/bundler/vendor/thor/lib/thor/base.rb:466:in `start'
	/root/LAMP/ruby/install/ruby-2.5.1/lib/ruby/gems/2.5.0/gems/bundler-1.16.3/lib/bundler/cli.rb:18:in `start'
	/root/LAMP/ruby/install/ruby-2.5.1/lib/ruby/gems/2.5.0/gems/bundler-1.16.3/exe/bundle:30:in `block in <top (required)>'
	/root/LAMP/ruby/install/ruby-2.5.1/lib/ruby/gems/2.5.0/gems/bundler-1.16.3/lib/bundler/friendly_errors.rb:124:in `with_friendly_errors'
	/root/LAMP/ruby/install/ruby-2.5.1/lib/ruby/gems/2.5.0/gems/bundler-1.16.3/exe/bundle:22:in `<top (required)>'
	/root/LAMP/ruby/install/ruby-2.5.1/bin/bundle:23:in `load'
	/root/LAMP/ruby/install/ruby-2.5.1/bin/bundle:23:in `<main>'
Configuration file: /root/LAMP/my-jekyll-project/_config.yml
            Source: /root/LAMP/my-jekyll-project
       Destination: /root/LAMP/my-jekyll-project/_site
 Incremental build: disabled. Enable with --incremental
      Generating... 
                    done in 0.929 seconds.
 Auto-regeneration: disabled when running server detached.
    Server address: http://104.131.173.242:8081/
Server detached with pid '16348'. Run `pkill -f jekyll' or `kill -9 16348' to stop the server.
[2018-07-31 09:52:37] ERROR `/favicon.ico' not found.
[2018-07-31 09:54:15] ERROR `/favicon.ico' not found.
[2018-07-31 09:54:26] FATAL SignalException: SIGTERM
	/root/LAMP/ruby/install/ruby-2.5.1/lib/ruby/2.5.0/webrick/server.rb:170:in `select'
	/root/LAMP/ruby/install/ruby-2.5.1/lib/ruby/2.5.0/webrick/server.rb:170:in `block in start'
	/root/LAMP/ruby/install/ruby-2.5.1/lib/ruby/2.5.0/webrick/server.rb:32:in `start'
	/root/LAMP/ruby/install/ruby-2.5.1/lib/ruby/2.5.0/webrick/server.rb:157:in `start'
	/root/LAMP/ruby/install/ruby-2.5.1/lib/ruby/gems/2.5.0/gems/jekyll-3.8.3/lib/jekyll/commands/serve.rb:302:in `block in boot_or_detach'
	/root/LAMP/ruby/install/ruby-2.5.1/lib/ruby/gems/2.5.0/gems/jekyll-3.8.3/lib/jekyll/commands/serve.rb:301:in `fork'
	/root/LAMP/ruby/install/ruby-2.5.1/lib/ruby/gems/2.5.0/gems/jekyll-3.8.3/lib/jekyll/commands/serve.rb:301:in `boot_or_detach'
	/root/LAMP/ruby/install/ruby-2.5.1/lib/ruby/gems/2.5.0/gems/jekyll-3.8.3/lib/jekyll/commands/serve.rb:233:in `start_up_webrick'
	/root/LAMP/ruby/install/ruby-2.5.1/lib/ruby/gems/2.5.0/gems/jekyll-3.8.3/lib/jekyll/commands/serve.rb:104:in `process'
	/root/LAMP/ruby/install/ruby-2.5.1/lib/ruby/gems/2.5.0/gems/jekyll-3.8.3/lib/jekyll/commands/serve.rb:93:in `block in start'
	/root/LAMP/ruby/install/ruby-2.5.1/lib/ruby/gems/2.5.0/gems/jekyll-3.8.3/lib/jekyll/commands/serve.rb:93:in `each'
	/root/LAMP/ruby/install/ruby-2.5.1/lib/ruby/gems/2.5.0/gems/jekyll-3.8.3/lib/jekyll/commands/serve.rb:93:in `start'
	/root/LAMP/ruby/install/ruby-2.5.1/lib/ruby/gems/2.5.0/gems/jekyll-3.8.3/lib/jekyll/commands/serve.rb:75:in `block (2 levels) in init_with_program'
	/root/LAMP/ruby/install/ruby-2.5.1/lib/ruby/gems/2.5.0/gems/mercenary-0.3.6/lib/mercenary/command.rb:220:in `block in execute'
	/root/LAMP/ruby/install/ruby-2.5.1/lib/ruby/gems/2.5.0/gems/mercenary-0.3.6/lib/mercenary/command.rb:220:in `each'
	/root/LAMP/ruby/install/ruby-2.5.1/lib/ruby/gems/2.5.0/gems/mercenary-0.3.6/lib/mercenary/command.rb:220:in `execute'
	/root/LAMP/ruby/install/ruby-2.5.1/lib/ruby/gems/2.5.0/gems/mercenary-0.3.6/lib/mercenary/program.rb:42:in `go'
	/root/LAMP/ruby/install/ruby-2.5.1/lib/ruby/gems/2.5.0/gems/mercenary-0.3.6/lib/mercenary.rb:19:in `program'
	/root/LAMP/ruby/install/ruby-2.5.1/lib/ruby/gems/2.5.0/gems/jekyll-3.8.3/exe/jekyll:15:in `<top (required)>'
	/root/LAMP/ruby/install/ruby-2.5.1/bin/jekyll:23:in `load'
	/root/LAMP/ruby/install/ruby-2.5.1/bin/jekyll:23:in `<top (required)>'
	/root/LAMP/ruby/install/ruby-2.5.1/lib/ruby/gems/2.5.0/gems/bundler-1.16.3/lib/bundler/cli/exec.rb:74:in `load'
	/root/LAMP/ruby/install/ruby-2.5.1/lib/ruby/gems/2.5.0/gems/bundler-1.16.3/lib/bundler/cli/exec.rb:74:in `kernel_load'
	/root/LAMP/ruby/install/ruby-2.5.1/lib/ruby/gems/2.5.0/gems/bundler-1.16.3/lib/bundler/cli/exec.rb:28:in `run'
	/root/LAMP/ruby/install/ruby-2.5.1/lib/ruby/gems/2.5.0/gems/bundler-1.16.3/lib/bundler/cli.rb:424:in `exec'
	/root/LAMP/ruby/install/ruby-2.5.1/lib/ruby/gems/2.5.0/gems/bundler-1.16.3/lib/bundler/vendor/thor/lib/thor/command.rb:27:in `run'
	/root/LAMP/ruby/install/ruby-2.5.1/lib/ruby/gems/2.5.0/gems/bundler-1.16.3/lib/bundler/vendor/thor/lib/thor/invocation.rb:126:in `invoke_command'
	/root/LAMP/ruby/install/ruby-2.5.1/lib/ruby/gems/2.5.0/gems/bundler-1.16.3/lib/bundler/vendor/thor/lib/thor.rb:387:in `dispatch'
	/root/LAMP/ruby/install/ruby-2.5.1/lib/ruby/gems/2.5.0/gems/bundler-1.16.3/lib/bundler/cli.rb:27:in `dispatch'
	/root/LAMP/ruby/install/ruby-2.5.1/lib/ruby/gems/2.5.0/gems/bundler-1.16.3/lib/bundler/vendor/thor/lib/thor/base.rb:466:in `start'
	/root/LAMP/ruby/install/ruby-2.5.1/lib/ruby/gems/2.5.0/gems/bundler-1.16.3/lib/bundler/cli.rb:18:in `start'
	/root/LAMP/ruby/install/ruby-2.5.1/lib/ruby/gems/2.5.0/gems/bundler-1.16.3/exe/bundle:30:in `block in <top (required)>'
	/root/LAMP/ruby/install/ruby-2.5.1/lib/ruby/gems/2.5.0/gems/bundler-1.16.3/lib/bundler/friendly_errors.rb:124:in `with_friendly_errors'
	/root/LAMP/ruby/install/ruby-2.5.1/lib/ruby/gems/2.5.0/gems/bundler-1.16.3/exe/bundle:22:in `<top (required)>'
	/root/LAMP/ruby/install/ruby-2.5.1/bin/bundle:23:in `load'
	/root/LAMP/ruby/install/ruby-2.5.1/bin/bundle:23:in `<main>'
Configuration file: /root/LAMP/my-jekyll-project/_config.yml
            Source: /root/LAMP/my-jekyll-project
       Destination: /root/LAMP/my-jekyll-project/_site
 Incremental build: disabled. Enable with --incremental
      Generating... 
                    done in 0.922 seconds.
 Auto-regeneration: disabled when running server detached.
    Server address: http://104.131.173.242:8080/
Server detached with pid '17022'. Run `pkill -f jekyll' or `kill -9 17022' to stop the server.
[2018-07-31 09:56:11] ERROR Errno::ECONNRESET: Connection reset by peer @ io_fillbuf - fd:10 
	/root/LAMP/ruby/install/ruby-2.5.1/lib/ruby/2.5.0/webrick/httpserver.rb:82:in `eof?'
	/root/LAMP/ruby/install/ruby-2.5.1/lib/ruby/2.5.0/webrick/httpserver.rb:82:in `run'
	/root/LAMP/ruby/install/ruby-2.5.1/lib/ruby/2.5.0/webrick/server.rb:307:in `block in start_thread'
[2018-07-31 09:56:53] ERROR Errno::ECONNRESET: Connection reset by peer @ io_fillbuf - fd:12 
	/root/LAMP/ruby/install/ruby-2.5.1/lib/ruby/2.5.0/webrick/httpserver.rb:82:in `eof?'
	/root/LAMP/ruby/install/ruby-2.5.1/lib/ruby/2.5.0/webrick/httpserver.rb:82:in `run'
	/root/LAMP/ruby/install/ruby-2.5.1/lib/ruby/2.5.0/webrick/server.rb:307:in `block in start_thread'
[2018-07-31 09:56:53] ERROR Errno::ECONNRESET: Connection reset by peer @ io_fillbuf - fd:13 
	/root/LAMP/ruby/install/ruby-2.5.1/lib/ruby/2.5.0/webrick/httpserver.rb:82:in `eof?'
	/root/LAMP/ruby/install/ruby-2.5.1/lib/ruby/2.5.0/webrick/httpserver.rb:82:in `run'
	/root/LAMP/ruby/install/ruby-2.5.1/lib/ruby/2.5.0/webrick/server.rb:307:in `block in start_thread'
[2018-07-31 10:11:02] ERROR `/favicon.ico' not found.
[2018-07-31 10:38:21] ERROR Errno::ECONNRESET: Connection reset by peer @ io_fillbuf - fd:10 
	/root/LAMP/ruby/install/ruby-2.5.1/lib/ruby/2.5.0/webrick/httpserver.rb:82:in `eof?'
	/root/LAMP/ruby/install/ruby-2.5.1/lib/ruby/2.5.0/webrick/httpserver.rb:82:in `run'
	/root/LAMP/ruby/install/ruby-2.5.1/lib/ruby/2.5.0/webrick/server.rb:307:in `block in start_thread'
[2018-07-31 10:38:47] ERROR Errno::ECONNRESET: Connection reset by peer @ io_fillbuf - fd:11 
	/root/LAMP/ruby/install/ruby-2.5.1/lib/ruby/2.5.0/webrick/httpserver.rb:82:in `eof?'
	/root/LAMP/ruby/install/ruby-2.5.1/lib/ruby/2.5.0/webrick/httpserver.rb:82:in `run'
	/root/LAMP/ruby/install/ruby-2.5.1/lib/ruby/2.5.0/webrick/server.rb:307:in `block in start_thread'
[2018-07-31 10:38:47] ERROR Errno::ECONNRESET: Connection reset by peer @ io_fillbuf - fd:10 
	/root/LAMP/ruby/install/ruby-2.5.1/lib/ruby/2.5.0/webrick/httpserver.rb:82:in `eof?'
	/root/LAMP/ruby/install/ruby-2.5.1/lib/ruby/2.5.0/webrick/httpserver.rb:82:in `run'
	/root/LAMP/ruby/install/ruby-2.5.1/lib/ruby/2.5.0/webrick/server.rb:307:in `block in start_thread'
[2018-07-31 13:10:26] ERROR `/manager/html' not found.
[2018-07-31 13:30:58] FATAL SignalException: SIGTERM
	/root/LAMP/ruby/install/ruby-2.5.1/lib/ruby/2.5.0/webrick/server.rb:170:in `select'
	/root/LAMP/ruby/install/ruby-2.5.1/lib/ruby/2.5.0/webrick/server.rb:170:in `block in start'
	/root/LAMP/ruby/install/ruby-2.5.1/lib/ruby/2.5.0/webrick/server.rb:32:in `start'
	/root/LAMP/ruby/install/ruby-2.5.1/lib/ruby/2.5.0/webrick/server.rb:157:in `start'
	/root/LAMP/ruby/install/ruby-2.5.1/lib/ruby/gems/2.5.0/gems/jekyll-3.8.3/lib/jekyll/commands/serve.rb:302:in `block in boot_or_detach'
	/root/LAMP/ruby/install/ruby-2.5.1/lib/ruby/gems/2.5.0/gems/jekyll-3.8.3/lib/jekyll/commands/serve.rb:301:in `fork'
	/root/LAMP/ruby/install/ruby-2.5.1/lib/ruby/gems/2.5.0/gems/jekyll-3.8.3/lib/jekyll/commands/serve.rb:301:in `boot_or_detach'
	/root/LAMP/ruby/install/ruby-2.5.1/lib/ruby/gems/2.5.0/gems/jekyll-3.8.3/lib/jekyll/commands/serve.rb:233:in `start_up_webrick'
	/root/LAMP/ruby/install/ruby-2.5.1/lib/ruby/gems/2.5.0/gems/jekyll-3.8.3/lib/jekyll/commands/serve.rb:104:in `process'
	/root/LAMP/ruby/install/ruby-2.5.1/lib/ruby/gems/2.5.0/gems/jekyll-3.8.3/lib/jekyll/commands/serve.rb:93:in `block in start'
	/root/LAMP/ruby/install/ruby-2.5.1/lib/ruby/gems/2.5.0/gems/jekyll-3.8.3/lib/jekyll/commands/serve.rb:93:in `each'
	/root/LAMP/ruby/install/ruby-2.5.1/lib/ruby/gems/2.5.0/gems/jekyll-3.8.3/lib/jekyll/commands/serve.rb:93:in `start'
	/root/LAMP/ruby/install/ruby-2.5.1/lib/ruby/gems/2.5.0/gems/jekyll-3.8.3/lib/jekyll/commands/serve.rb:75:in `block (2 levels) in init_with_program'
	/root/LAMP/ruby/install/ruby-2.5.1/lib/ruby/gems/2.5.0/gems/mercenary-0.3.6/lib/mercenary/command.rb:220:in `block in execute'
	/root/LAMP/ruby/install/ruby-2.5.1/lib/ruby/gems/2.5.0/gems/mercenary-0.3.6/lib/mercenary/command.rb:220:in `each'
	/root/LAMP/ruby/install/ruby-2.5.1/lib/ruby/gems/2.5.0/gems/mercenary-0.3.6/lib/mercenary/command.rb:220:in `execute'
	/root/LAMP/ruby/install/ruby-2.5.1/lib/ruby/gems/2.5.0/gems/mercenary-0.3.6/lib/mercenary/program.rb:42:in `go'
	/root/LAMP/ruby/install/ruby-2.5.1/lib/ruby/gems/2.5.0/gems/mercenary-0.3.6/lib/mercenary.rb:19:in `program'
	/root/LAMP/ruby/install/ruby-2.5.1/lib/ruby/gems/2.5.0/gems/jekyll-3.8.3/exe/jekyll:15:in `<top (required)>'
	/root/LAMP/ruby/install/ruby-2.5.1/bin/jekyll:23:in `load'
	/root/LAMP/ruby/install/ruby-2.5.1/bin/jekyll:23:in `<top (required)>'
	/root/LAMP/ruby/install/ruby-2.5.1/lib/ruby/gems/2.5.0/gems/bundler-1.16.3/lib/bundler/cli/exec.rb:74:in `load'
	/root/LAMP/ruby/install/ruby-2.5.1/lib/ruby/gems/2.5.0/gems/bundler-1.16.3/lib/bundler/cli/exec.rb:74:in `kernel_load'
	/root/LAMP/ruby/install/ruby-2.5.1/lib/ruby/gems/2.5.0/gems/bundler-1.16.3/lib/bundler/cli/exec.rb:28:in `run'
	/root/LAMP/ruby/install/ruby-2.5.1/lib/ruby/gems/2.5.0/gems/bundler-1.16.3/lib/bundler/cli.rb:424:in `exec'
	/root/LAMP/ruby/install/ruby-2.5.1/lib/ruby/gems/2.5.0/gems/bundler-1.16.3/lib/bundler/vendor/thor/lib/thor/command.rb:27:in `run'
	/root/LAMP/ruby/install/ruby-2.5.1/lib/ruby/gems/2.5.0/gems/bundler-1.16.3/lib/bundler/vendor/thor/lib/thor/invocation.rb:126:in `invoke_command'
	/root/LAMP/ruby/install/ruby-2.5.1/lib/ruby/gems/2.5.0/gems/bundler-1.16.3/lib/bundler/vendor/thor/lib/thor.rb:387:in `dispatch'
	/root/LAMP/ruby/install/ruby-2.5.1/lib/ruby/gems/2.5.0/gems/bundler-1.16.3/lib/bundler/cli.rb:27:in `dispatch'
	/root/LAMP/ruby/install/ruby-2.5.1/lib/ruby/gems/2.5.0/gems/bundler-1.16.3/lib/bundler/vendor/thor/lib/thor/base.rb:466:in `start'
	/root/LAMP/ruby/install/ruby-2.5.1/lib/ruby/gems/2.5.0/gems/bundler-1.16.3/lib/bundler/cli.rb:18:in `start'
	/root/LAMP/ruby/install/ruby-2.5.1/lib/ruby/gems/2.5.0/gems/bundler-1.16.3/exe/bundle:30:in `block in <top (required)>'
	/root/LAMP/ruby/install/ruby-2.5.1/lib/ruby/gems/2.5.0/gems/bundler-1.16.3/lib/bundler/friendly_errors.rb:124:in `with_friendly_errors'
	/root/LAMP/ruby/install/ruby-2.5.1/lib/ruby/gems/2.5.0/gems/bundler-1.16.3/exe/bundle:22:in `<top (required)>'
	/root/LAMP/ruby/install/ruby-2.5.1/bin/bundle:23:in `load'
	/root/LAMP/ruby/install/ruby-2.5.1/bin/bundle:23:in `<main>'
Configuration file: /root/LAMP/my-jekyll-project/_config.yml
            Source: /root/LAMP/my-jekyll-project
       Destination: /root/LAMP/my-jekyll-project/_site
 Incremental build: disabled. Enable with --incremental
      Generating... 
                    done in 0.904 seconds.
 Auto-regeneration: disabled when running server detached.
    Server address: http://104.131.173.242:8080/
Server detached with pid '19012'. Run `pkill -f jekyll' or `kill -9 19012' to stop the server.
[2018-07-31 13:33:49] FATAL SignalException: SIGTERM
	/root/LAMP/ruby/install/ruby-2.5.1/lib/ruby/2.5.0/webrick/server.rb:170:in `select'
	/root/LAMP/ruby/install/ruby-2.5.1/lib/ruby/2.5.0/webrick/server.rb:170:in `block in start'
	/root/LAMP/ruby/install/ruby-2.5.1/lib/ruby/2.5.0/webrick/server.rb:32:in `start'
	/root/LAMP/ruby/install/ruby-2.5.1/lib/ruby/2.5.0/webrick/server.rb:157:in `start'
	/root/LAMP/ruby/install/ruby-2.5.1/lib/ruby/gems/2.5.0/gems/jekyll-3.8.3/lib/jekyll/commands/serve.rb:302:in `block in boot_or_detach'
	/root/LAMP/ruby/install/ruby-2.5.1/lib/ruby/gems/2.5.0/gems/jekyll-3.8.3/lib/jekyll/commands/serve.rb:301:in `fork'
	/root/LAMP/ruby/install/ruby-2.5.1/lib/ruby/gems/2.5.0/gems/jekyll-3.8.3/lib/jekyll/commands/serve.rb:301:in `boot_or_detach'
	/root/LAMP/ruby/install/ruby-2.5.1/lib/ruby/gems/2.5.0/gems/jekyll-3.8.3/lib/jekyll/commands/serve.rb:233:in `start_up_webrick'
	/root/LAMP/ruby/install/ruby-2.5.1/lib/ruby/gems/2.5.0/gems/jekyll-3.8.3/lib/jekyll/commands/serve.rb:104:in `process'
	/root/LAMP/ruby/install/ruby-2.5.1/lib/ruby/gems/2.5.0/gems/jekyll-3.8.3/lib/jekyll/commands/serve.rb:93:in `block in start'
	/root/LAMP/ruby/install/ruby-2.5.1/lib/ruby/gems/2.5.0/gems/jekyll-3.8.3/lib/jekyll/commands/serve.rb:93:in `each'
	/root/LAMP/ruby/install/ruby-2.5.1/lib/ruby/gems/2.5.0/gems/jekyll-3.8.3/lib/jekyll/commands/serve.rb:93:in `start'
	/root/LAMP/ruby/install/ruby-2.5.1/lib/ruby/gems/2.5.0/gems/jekyll-3.8.3/lib/jekyll/commands/serve.rb:75:in `block (2 levels) in init_with_program'
	/root/LAMP/ruby/install/ruby-2.5.1/lib/ruby/gems/2.5.0/gems/mercenary-0.3.6/lib/mercenary/command.rb:220:in `block in execute'
	/root/LAMP/ruby/install/ruby-2.5.1/lib/ruby/gems/2.5.0/gems/mercenary-0.3.6/lib/mercenary/command.rb:220:in `each'
	/root/LAMP/ruby/install/ruby-2.5.1/lib/ruby/gems/2.5.0/gems/mercenary-0.3.6/lib/mercenary/command.rb:220:in `execute'
	/root/LAMP/ruby/install/ruby-2.5.1/lib/ruby/gems/2.5.0/gems/mercenary-0.3.6/lib/mercenary/program.rb:42:in `go'
	/root/LAMP/ruby/install/ruby-2.5.1/lib/ruby/gems/2.5.0/gems/mercenary-0.3.6/lib/mercenary.rb:19:in `program'
	/root/LAMP/ruby/install/ruby-2.5.1/lib/ruby/gems/2.5.0/gems/jekyll-3.8.3/exe/jekyll:15:in `<top (required)>'
	/root/LAMP/ruby/install/ruby-2.5.1/bin/jekyll:23:in `load'
	/root/LAMP/ruby/install/ruby-2.5.1/bin/jekyll:23:in `<top (required)>'
	/root/LAMP/ruby/install/ruby-2.5.1/lib/ruby/gems/2.5.0/gems/bundler-1.16.3/lib/bundler/cli/exec.rb:74:in `load'
	/root/LAMP/ruby/install/ruby-2.5.1/lib/ruby/gems/2.5.0/gems/bundler-1.16.3/lib/bundler/cli/exec.rb:74:in `kernel_load'
	/root/LAMP/ruby/install/ruby-2.5.1/lib/ruby/gems/2.5.0/gems/bundler-1.16.3/lib/bundler/cli/exec.rb:28:in `run'
	/root/LAMP/ruby/install/ruby-2.5.1/lib/ruby/gems/2.5.0/gems/bundler-1.16.3/lib/bundler/cli.rb:424:in `exec'
	/root/LAMP/ruby/install/ruby-2.5.1/lib/ruby/gems/2.5.0/gems/bundler-1.16.3/lib/bundler/vendor/thor/lib/thor/command.rb:27:in `run'
	/root/LAMP/ruby/install/ruby-2.5.1/lib/ruby/gems/2.5.0/gems/bundler-1.16.3/lib/bundler/vendor/thor/lib/thor/invocation.rb:126:in `invoke_command'
	/root/LAMP/ruby/install/ruby-2.5.1/lib/ruby/gems/2.5.0/gems/bundler-1.16.3/lib/bundler/vendor/thor/lib/thor.rb:387:in `dispatch'
	/root/LAMP/ruby/install/ruby-2.5.1/lib/ruby/gems/2.5.0/gems/bundler-1.16.3/lib/bundler/cli.rb:27:in `dispatch'
	/root/LAMP/ruby/install/ruby-2.5.1/lib/ruby/gems/2.5.0/gems/bundler-1.16.3/lib/bundler/vendor/thor/lib/thor/base.rb:466:in `start'
	/root/LAMP/ruby/install/ruby-2.5.1/lib/ruby/gems/2.5.0/gems/bundler-1.16.3/lib/bundler/cli.rb:18:in `start'
	/root/LAMP/ruby/install/ruby-2.5.1/lib/ruby/gems/2.5.0/gems/bundler-1.16.3/exe/bundle:30:in `block in <top (required)>'
	/root/LAMP/ruby/install/ruby-2.5.1/lib/ruby/gems/2.5.0/gems/bundler-1.16.3/lib/bundler/friendly_errors.rb:124:in `with_friendly_errors'
	/root/LAMP/ruby/install/ruby-2.5.1/lib/ruby/gems/2.5.0/gems/bundler-1.16.3/exe/bundle:22:in `<top (required)>'
	/root/LAMP/ruby/install/ruby-2.5.1/bin/bundle:23:in `load'
	/root/LAMP/ruby/install/ruby-2.5.1/bin/bundle:23:in `<main>'
Configuration file: /root/LAMP/my-jekyll-project/_config.yml
            Source: /root/LAMP/my-jekyll-project
       Destination: /root/LAMP/my-jekyll-project/_site
 Incremental build: disabled. Enable with --incremental
      Generating... 
                    done in 0.901 seconds.
 Auto-regeneration: disabled when running server detached.
    Server address: http://104.131.173.242:8080/
Server detached with pid '19068'. Run `pkill -f jekyll' or `kill -9 19068' to stop the server.
[2018-07-31 14:17:54] ERROR `/manager/html' not found.
[2018-07-31 14:52:35] ERROR `/favicon.ico' not found.
[2018-07-31 21:21:09] ERROR `/robots.txt' not found.
[2018-07-31 21:24:45] ERROR `/manager/html' not found.
[2018-07-31 23:31:38] ERROR `/manager/html' not found.
[2018-08-01 12:21:57] ERROR `/robots.txt' not found.
[2018-08-01 12:47:52] ERROR `/router/rest' not found.
[2018-08-01 13:29:28] FATAL SignalException: SIGTERM
	/root/LAMP/ruby/install/ruby-2.5.1/lib/ruby/2.5.0/webrick/server.rb:170:in `select'
	/root/LAMP/ruby/install/ruby-2.5.1/lib/ruby/2.5.0/webrick/server.rb:170:in `block in start'
	/root/LAMP/ruby/install/ruby-2.5.1/lib/ruby/2.5.0/webrick/server.rb:32:in `start'
	/root/LAMP/ruby/install/ruby-2.5.1/lib/ruby/2.5.0/webrick/server.rb:157:in `start'
	/root/LAMP/ruby/install/ruby-2.5.1/lib/ruby/gems/2.5.0/gems/jekyll-3.8.3/lib/jekyll/commands/serve.rb:302:in `block in boot_or_detach'
	/root/LAMP/ruby/install/ruby-2.5.1/lib/ruby/gems/2.5.0/gems/jekyll-3.8.3/lib/jekyll/commands/serve.rb:301:in `fork'
	/root/LAMP/ruby/install/ruby-2.5.1/lib/ruby/gems/2.5.0/gems/jekyll-3.8.3/lib/jekyll/commands/serve.rb:301:in `boot_or_detach'
	/root/LAMP/ruby/install/ruby-2.5.1/lib/ruby/gems/2.5.0/gems/jekyll-3.8.3/lib/jekyll/commands/serve.rb:233:in `start_up_webrick'
	/root/LAMP/ruby/install/ruby-2.5.1/lib/ruby/gems/2.5.0/gems/jekyll-3.8.3/lib/jekyll/commands/serve.rb:104:in `process'
	/root/LAMP/ruby/install/ruby-2.5.1/lib/ruby/gems/2.5.0/gems/jekyll-3.8.3/lib/jekyll/commands/serve.rb:93:in `block in start'
	/root/LAMP/ruby/install/ruby-2.5.1/lib/ruby/gems/2.5.0/gems/jekyll-3.8.3/lib/jekyll/commands/serve.rb:93:in `each'
	/root/LAMP/ruby/install/ruby-2.5.1/lib/ruby/gems/2.5.0/gems/jekyll-3.8.3/lib/jekyll/commands/serve.rb:93:in `start'
	/root/LAMP/ruby/install/ruby-2.5.1/lib/ruby/gems/2.5.0/gems/jekyll-3.8.3/lib/jekyll/commands/serve.rb:75:in `block (2 levels) in init_with_program'
	/root/LAMP/ruby/install/ruby-2.5.1/lib/ruby/gems/2.5.0/gems/mercenary-0.3.6/lib/mercenary/command.rb:220:in `block in execute'
	/root/LAMP/ruby/install/ruby-2.5.1/lib/ruby/gems/2.5.0/gems/mercenary-0.3.6/lib/mercenary/command.rb:220:in `each'
	/root/LAMP/ruby/install/ruby-2.5.1/lib/ruby/gems/2.5.0/gems/mercenary-0.3.6/lib/mercenary/command.rb:220:in `execute'
	/root/LAMP/ruby/install/ruby-2.5.1/lib/ruby/gems/2.5.0/gems/mercenary-0.3.6/lib/mercenary/program.rb:42:in `go'
	/root/LAMP/ruby/install/ruby-2.5.1/lib/ruby/gems/2.5.0/gems/mercenary-0.3.6/lib/mercenary.rb:19:in `program'
	/root/LAMP/ruby/install/ruby-2.5.1/lib/ruby/gems/2.5.0/gems/jekyll-3.8.3/exe/jekyll:15:in `<top (required)>'
	/root/LAMP/ruby/install/ruby-2.5.1/bin/jekyll:23:in `load'
	/root/LAMP/ruby/install/ruby-2.5.1/bin/jekyll:23:in `<top (required)>'
	/root/LAMP/ruby/install/ruby-2.5.1/lib/ruby/gems/2.5.0/gems/bundler-1.16.3/lib/bundler/cli/exec.rb:74:in `load'
	/root/LAMP/ruby/install/ruby-2.5.1/lib/ruby/gems/2.5.0/gems/bundler-1.16.3/lib/bundler/cli/exec.rb:74:in `kernel_load'
	/root/LAMP/ruby/install/ruby-2.5.1/lib/ruby/gems/2.5.0/gems/bundler-1.16.3/lib/bundler/cli/exec.rb:28:in `run'
	/root/LAMP/ruby/install/ruby-2.5.1/lib/ruby/gems/2.5.0/gems/bundler-1.16.3/lib/bundler/cli.rb:424:in `exec'
	/root/LAMP/ruby/install/ruby-2.5.1/lib/ruby/gems/2.5.0/gems/bundler-1.16.3/lib/bundler/vendor/thor/lib/thor/command.rb:27:in `run'
	/root/LAMP/ruby/install/ruby-2.5.1/lib/ruby/gems/2.5.0/gems/bundler-1.16.3/lib/bundler/vendor/thor/lib/thor/invocation.rb:126:in `invoke_command'
	/root/LAMP/ruby/install/ruby-2.5.1/lib/ruby/gems/2.5.0/gems/bundler-1.16.3/lib/bundler/vendor/thor/lib/thor.rb:387:in `dispatch'
	/root/LAMP/ruby/install/ruby-2.5.1/lib/ruby/gems/2.5.0/gems/bundler-1.16.3/lib/bundler/cli.rb:27:in `dispatch'
	/root/LAMP/ruby/install/ruby-2.5.1/lib/ruby/gems/2.5.0/gems/bundler-1.16.3/lib/bundler/vendor/thor/lib/thor/base.rb:466:in `start'
	/root/LAMP/ruby/install/ruby-2.5.1/lib/ruby/gems/2.5.0/gems/bundler-1.16.3/lib/bundler/cli.rb:18:in `start'
	/root/LAMP/ruby/install/ruby-2.5.1/lib/ruby/gems/2.5.0/gems/bundler-1.16.3/exe/bundle:30:in `block in <top (required)>'
	/root/LAMP/ruby/install/ruby-2.5.1/lib/ruby/gems/2.5.0/gems/bundler-1.16.3/lib/bundler/friendly_errors.rb:124:in `with_friendly_errors'
	/root/LAMP/ruby/install/ruby-2.5.1/lib/ruby/gems/2.5.0/gems/bundler-1.16.3/exe/bundle:22:in `<top (required)>'
	/root/LAMP/ruby/install/ruby-2.5.1/bin/bundle:23:in `load'
	/root/LAMP/ruby/install/ruby-2.5.1/bin/bundle:23:in `<main>'
Configuration file: /root/LAMP/my-jekyll-project/_config.yml
            Source: /root/LAMP/my-jekyll-project
       Destination: /root/LAMP/my-jekyll-project/_site
 Incremental build: disabled. Enable with --incremental
      Generating... 
                    done in 0.905 seconds.
 Auto-regeneration: disabled when running server detached.
    Server address: http://104.131.173.242:8080/
Server detached with pid '27681'. Run `pkill -f jekyll' or `kill -9 27681' to stop the server.
[2018-08-01 13:31:32] FATAL SignalException: SIGTERM
	/root/LAMP/ruby/install/ruby-2.5.1/lib/ruby/2.5.0/webrick/server.rb:170:in `select'
	/root/LAMP/ruby/install/ruby-2.5.1/lib/ruby/2.5.0/webrick/server.rb:170:in `block in start'
	/root/LAMP/ruby/install/ruby-2.5.1/lib/ruby/2.5.0/webrick/server.rb:32:in `start'
	/root/LAMP/ruby/install/ruby-2.5.1/lib/ruby/2.5.0/webrick/server.rb:157:in `start'
	/root/LAMP/ruby/install/ruby-2.5.1/lib/ruby/gems/2.5.0/gems/jekyll-3.8.3/lib/jekyll/commands/serve.rb:302:in `block in boot_or_detach'
	/root/LAMP/ruby/install/ruby-2.5.1/lib/ruby/gems/2.5.0/gems/jekyll-3.8.3/lib/jekyll/commands/serve.rb:301:in `fork'
	/root/LAMP/ruby/install/ruby-2.5.1/lib/ruby/gems/2.5.0/gems/jekyll-3.8.3/lib/jekyll/commands/serve.rb:301:in `boot_or_detach'
	/root/LAMP/ruby/install/ruby-2.5.1/lib/ruby/gems/2.5.0/gems/jekyll-3.8.3/lib/jekyll/commands/serve.rb:233:in `start_up_webrick'
	/root/LAMP/ruby/install/ruby-2.5.1/lib/ruby/gems/2.5.0/gems/jekyll-3.8.3/lib/jekyll/commands/serve.rb:104:in `process'
	/root/LAMP/ruby/install/ruby-2.5.1/lib/ruby/gems/2.5.0/gems/jekyll-3.8.3/lib/jekyll/commands/serve.rb:93:in `block in start'
	/root/LAMP/ruby/install/ruby-2.5.1/lib/ruby/gems/2.5.0/gems/jekyll-3.8.3/lib/jekyll/commands/serve.rb:93:in `each'
	/root/LAMP/ruby/install/ruby-2.5.1/lib/ruby/gems/2.5.0/gems/jekyll-3.8.3/lib/jekyll/commands/serve.rb:93:in `start'
	/root/LAMP/ruby/install/ruby-2.5.1/lib/ruby/gems/2.5.0/gems/jekyll-3.8.3/lib/jekyll/commands/serve.rb:75:in `block (2 levels) in init_with_program'
	/root/LAMP/ruby/install/ruby-2.5.1/lib/ruby/gems/2.5.0/gems/mercenary-0.3.6/lib/mercenary/command.rb:220:in `block in execute'
	/root/LAMP/ruby/install/ruby-2.5.1/lib/ruby/gems/2.5.0/gems/mercenary-0.3.6/lib/mercenary/command.rb:220:in `each'
	/root/LAMP/ruby/install/ruby-2.5.1/lib/ruby/gems/2.5.0/gems/mercenary-0.3.6/lib/mercenary/command.rb:220:in `execute'
	/root/LAMP/ruby/install/ruby-2.5.1/lib/ruby/gems/2.5.0/gems/mercenary-0.3.6/lib/mercenary/program.rb:42:in `go'
	/root/LAMP/ruby/install/ruby-2.5.1/lib/ruby/gems/2.5.0/gems/mercenary-0.3.6/lib/mercenary.rb:19:in `program'
	/root/LAMP/ruby/install/ruby-2.5.1/lib/ruby/gems/2.5.0/gems/jekyll-3.8.3/exe/jekyll:15:in `<top (required)>'
	/root/LAMP/ruby/install/ruby-2.5.1/bin/jekyll:23:in `load'
	/root/LAMP/ruby/install/ruby-2.5.1/bin/jekyll:23:in `<top (required)>'
	/root/LAMP/ruby/install/ruby-2.5.1/lib/ruby/gems/2.5.0/gems/bundler-1.16.3/lib/bundler/cli/exec.rb:74:in `load'
	/root/LAMP/ruby/install/ruby-2.5.1/lib/ruby/gems/2.5.0/gems/bundler-1.16.3/lib/bundler/cli/exec.rb:74:in `kernel_load'
	/root/LAMP/ruby/install/ruby-2.5.1/lib/ruby/gems/2.5.0/gems/bundler-1.16.3/lib/bundler/cli/exec.rb:28:in `run'
	/root/LAMP/ruby/install/ruby-2.5.1/lib/ruby/gems/2.5.0/gems/bundler-1.16.3/lib/bundler/cli.rb:424:in `exec'
	/root/LAMP/ruby/install/ruby-2.5.1/lib/ruby/gems/2.5.0/gems/bundler-1.16.3/lib/bundler/vendor/thor/lib/thor/command.rb:27:in `run'
	/root/LAMP/ruby/install/ruby-2.5.1/lib/ruby/gems/2.5.0/gems/bundler-1.16.3/lib/bundler/vendor/thor/lib/thor/invocation.rb:126:in `invoke_command'
	/root/LAMP/ruby/install/ruby-2.5.1/lib/ruby/gems/2.5.0/gems/bundler-1.16.3/lib/bundler/vendor/thor/lib/thor.rb:387:in `dispatch'
	/root/LAMP/ruby/install/ruby-2.5.1/lib/ruby/gems/2.5.0/gems/bundler-1.16.3/lib/bundler/cli.rb:27:in `dispatch'
	/root/LAMP/ruby/install/ruby-2.5.1/lib/ruby/gems/2.5.0/gems/bundler-1.16.3/lib/bundler/vendor/thor/lib/thor/base.rb:466:in `start'
	/root/LAMP/ruby/install/ruby-2.5.1/lib/ruby/gems/2.5.0/gems/bundler-1.16.3/lib/bundler/cli.rb:18:in `start'
	/root/LAMP/ruby/install/ruby-2.5.1/lib/ruby/gems/2.5.0/gems/bundler-1.16.3/exe/bundle:30:in `block in <top (required)>'
	/root/LAMP/ruby/install/ruby-2.5.1/lib/ruby/gems/2.5.0/gems/bundler-1.16.3/lib/bundler/friendly_errors.rb:124:in `with_friendly_errors'
	/root/LAMP/ruby/install/ruby-2.5.1/lib/ruby/gems/2.5.0/gems/bundler-1.16.3/exe/bundle:22:in `<top (required)>'
	/root/LAMP/ruby/install/ruby-2.5.1/bin/bundle:23:in `load'
	/root/LAMP/ruby/install/ruby-2.5.1/bin/bundle:23:in `<main>'
Configuration file: /root/LAMP/my-jekyll-project/_config.yml
            Source: /root/LAMP/my-jekyll-project
       Destination: /root/LAMP/my-jekyll-project/_site
 Incremental build: disabled. Enable with --incremental
      Generating... 
                    done in 0.914 seconds.
 Auto-regeneration: disabled when running server detached.
    Server address: http://104.131.173.242:8080/
Server detached with pid '27709'. Run `pkill -f jekyll' or `kill -9 27709' to stop the server.
[2018-08-01 13:33:03] FATAL SignalException: SIGTERM
	/root/LAMP/ruby/install/ruby-2.5.1/lib/ruby/2.5.0/webrick/server.rb:170:in `select'
	/root/LAMP/ruby/install/ruby-2.5.1/lib/ruby/2.5.0/webrick/server.rb:170:in `block in start'
	/root/LAMP/ruby/install/ruby-2.5.1/lib/ruby/2.5.0/webrick/server.rb:32:in `start'
	/root/LAMP/ruby/install/ruby-2.5.1/lib/ruby/2.5.0/webrick/server.rb:157:in `start'
	/root/LAMP/ruby/install/ruby-2.5.1/lib/ruby/gems/2.5.0/gems/jekyll-3.8.3/lib/jekyll/commands/serve.rb:302:in `block in boot_or_detach'
	/root/LAMP/ruby/install/ruby-2.5.1/lib/ruby/gems/2.5.0/gems/jekyll-3.8.3/lib/jekyll/commands/serve.rb:301:in `fork'
	/root/LAMP/ruby/install/ruby-2.5.1/lib/ruby/gems/2.5.0/gems/jekyll-3.8.3/lib/jekyll/commands/serve.rb:301:in `boot_or_detach'
	/root/LAMP/ruby/install/ruby-2.5.1/lib/ruby/gems/2.5.0/gems/jekyll-3.8.3/lib/jekyll/commands/serve.rb:233:in `start_up_webrick'
	/root/LAMP/ruby/install/ruby-2.5.1/lib/ruby/gems/2.5.0/gems/jekyll-3.8.3/lib/jekyll/commands/serve.rb:104:in `process'
	/root/LAMP/ruby/install/ruby-2.5.1/lib/ruby/gems/2.5.0/gems/jekyll-3.8.3/lib/jekyll/commands/serve.rb:93:in `block in start'
	/root/LAMP/ruby/install/ruby-2.5.1/lib/ruby/gems/2.5.0/gems/jekyll-3.8.3/lib/jekyll/commands/serve.rb:93:in `each'
	/root/LAMP/ruby/install/ruby-2.5.1/lib/ruby/gems/2.5.0/gems/jekyll-3.8.3/lib/jekyll/commands/serve.rb:93:in `start'
	/root/LAMP/ruby/install/ruby-2.5.1/lib/ruby/gems/2.5.0/gems/jekyll-3.8.3/lib/jekyll/commands/serve.rb:75:in `block (2 levels) in init_with_program'
	/root/LAMP/ruby/install/ruby-2.5.1/lib/ruby/gems/2.5.0/gems/mercenary-0.3.6/lib/mercenary/command.rb:220:in `block in execute'
	/root/LAMP/ruby/install/ruby-2.5.1/lib/ruby/gems/2.5.0/gems/mercenary-0.3.6/lib/mercenary/command.rb:220:in `each'
	/root/LAMP/ruby/install/ruby-2.5.1/lib/ruby/gems/2.5.0/gems/mercenary-0.3.6/lib/mercenary/command.rb:220:in `execute'
	/root/LAMP/ruby/install/ruby-2.5.1/lib/ruby/gems/2.5.0/gems/mercenary-0.3.6/lib/mercenary/program.rb:42:in `go'
	/root/LAMP/ruby/install/ruby-2.5.1/lib/ruby/gems/2.5.0/gems/mercenary-0.3.6/lib/mercenary.rb:19:in `program'
	/root/LAMP/ruby/install/ruby-2.5.1/lib/ruby/gems/2.5.0/gems/jekyll-3.8.3/exe/jekyll:15:in `<top (required)>'
	/root/LAMP/ruby/install/ruby-2.5.1/bin/jekyll:23:in `load'
	/root/LAMP/ruby/install/ruby-2.5.1/bin/jekyll:23:in `<top (required)>'
	/root/LAMP/ruby/install/ruby-2.5.1/lib/ruby/gems/2.5.0/gems/bundler-1.16.3/lib/bundler/cli/exec.rb:74:in `load'
	/root/LAMP/ruby/install/ruby-2.5.1/lib/ruby/gems/2.5.0/gems/bundler-1.16.3/lib/bundler/cli/exec.rb:74:in `kernel_load'
	/root/LAMP/ruby/install/ruby-2.5.1/lib/ruby/gems/2.5.0/gems/bundler-1.16.3/lib/bundler/cli/exec.rb:28:in `run'
	/root/LAMP/ruby/install/ruby-2.5.1/lib/ruby/gems/2.5.0/gems/bundler-1.16.3/lib/bundler/cli.rb:424:in `exec'
	/root/LAMP/ruby/install/ruby-2.5.1/lib/ruby/gems/2.5.0/gems/bundler-1.16.3/lib/bundler/vendor/thor/lib/thor/command.rb:27:in `run'
	/root/LAMP/ruby/install/ruby-2.5.1/lib/ruby/gems/2.5.0/gems/bundler-1.16.3/lib/bundler/vendor/thor/lib/thor/invocation.rb:126:in `invoke_command'
	/root/LAMP/ruby/install/ruby-2.5.1/lib/ruby/gems/2.5.0/gems/bundler-1.16.3/lib/bundler/vendor/thor/lib/thor.rb:387:in `dispatch'
	/root/LAMP/ruby/install/ruby-2.5.1/lib/ruby/gems/2.5.0/gems/bundler-1.16.3/lib/bundler/cli.rb:27:in `dispatch'
	/root/LAMP/ruby/install/ruby-2.5.1/lib/ruby/gems/2.5.0/gems/bundler-1.16.3/lib/bundler/vendor/thor/lib/thor/base.rb:466:in `start'
	/root/LAMP/ruby/install/ruby-2.5.1/lib/ruby/gems/2.5.0/gems/bundler-1.16.3/lib/bundler/cli.rb:18:in `start'
	/root/LAMP/ruby/install/ruby-2.5.1/lib/ruby/gems/2.5.0/gems/bundler-1.16.3/exe/bundle:30:in `block in <top (required)>'
	/root/LAMP/ruby/install/ruby-2.5.1/lib/ruby/gems/2.5.0/gems/bundler-1.16.3/lib/bundler/friendly_errors.rb:124:in `with_friendly_errors'
	/root/LAMP/ruby/install/ruby-2.5.1/lib/ruby/gems/2.5.0/gems/bundler-1.16.3/exe/bundle:22:in `<top (required)>'
	/root/LAMP/ruby/install/ruby-2.5.1/bin/bundle:23:in `load'
	/root/LAMP/ruby/install/ruby-2.5.1/bin/bundle:23:in `<main>'
Configuration file: /root/LAMP/my-jekyll-project/_config.yml
            Source: /root/LAMP/my-jekyll-project
       Destination: /root/LAMP/my-jekyll-project/_site
 Incremental build: disabled. Enable with --incremental
      Generating... 
                    done in 0.996 seconds.
 Auto-regeneration: disabled when running server detached.
    Server address: http://104.131.173.242:8080/
Server detached with pid '27738'. Run `pkill -f jekyll' or `kill -9 27738' to stop the server.
[2018-08-01 13:33:53] FATAL SignalException: SIGTERM
	/root/LAMP/ruby/install/ruby-2.5.1/lib/ruby/2.5.0/webrick/server.rb:170:in `select'
	/root/LAMP/ruby/install/ruby-2.5.1/lib/ruby/2.5.0/webrick/server.rb:170:in `block in start'
	/root/LAMP/ruby/install/ruby-2.5.1/lib/ruby/2.5.0/webrick/server.rb:32:in `start'
	/root/LAMP/ruby/install/ruby-2.5.1/lib/ruby/2.5.0/webrick/server.rb:157:in `start'
	/root/LAMP/ruby/install/ruby-2.5.1/lib/ruby/gems/2.5.0/gems/jekyll-3.8.3/lib/jekyll/commands/serve.rb:302:in `block in boot_or_detach'
	/root/LAMP/ruby/install/ruby-2.5.1/lib/ruby/gems/2.5.0/gems/jekyll-3.8.3/lib/jekyll/commands/serve.rb:301:in `fork'
	/root/LAMP/ruby/install/ruby-2.5.1/lib/ruby/gems/2.5.0/gems/jekyll-3.8.3/lib/jekyll/commands/serve.rb:301:in `boot_or_detach'
	/root/LAMP/ruby/install/ruby-2.5.1/lib/ruby/gems/2.5.0/gems/jekyll-3.8.3/lib/jekyll/commands/serve.rb:233:in `start_up_webrick'
	/root/LAMP/ruby/install/ruby-2.5.1/lib/ruby/gems/2.5.0/gems/jekyll-3.8.3/lib/jekyll/commands/serve.rb:104:in `process'
	/root/LAMP/ruby/install/ruby-2.5.1/lib/ruby/gems/2.5.0/gems/jekyll-3.8.3/lib/jekyll/commands/serve.rb:93:in `block in start'
	/root/LAMP/ruby/install/ruby-2.5.1/lib/ruby/gems/2.5.0/gems/jekyll-3.8.3/lib/jekyll/commands/serve.rb:93:in `each'
	/root/LAMP/ruby/install/ruby-2.5.1/lib/ruby/gems/2.5.0/gems/jekyll-3.8.3/lib/jekyll/commands/serve.rb:93:in `start'
	/root/LAMP/ruby/install/ruby-2.5.1/lib/ruby/gems/2.5.0/gems/jekyll-3.8.3/lib/jekyll/commands/serve.rb:75:in `block (2 levels) in init_with_program'
	/root/LAMP/ruby/install/ruby-2.5.1/lib/ruby/gems/2.5.0/gems/mercenary-0.3.6/lib/mercenary/command.rb:220:in `block in execute'
	/root/LAMP/ruby/install/ruby-2.5.1/lib/ruby/gems/2.5.0/gems/mercenary-0.3.6/lib/mercenary/command.rb:220:in `each'
	/root/LAMP/ruby/install/ruby-2.5.1/lib/ruby/gems/2.5.0/gems/mercenary-0.3.6/lib/mercenary/command.rb:220:in `execute'
	/root/LAMP/ruby/install/ruby-2.5.1/lib/ruby/gems/2.5.0/gems/mercenary-0.3.6/lib/mercenary/program.rb:42:in `go'
	/root/LAMP/ruby/install/ruby-2.5.1/lib/ruby/gems/2.5.0/gems/mercenary-0.3.6/lib/mercenary.rb:19:in `program'
	/root/LAMP/ruby/install/ruby-2.5.1/lib/ruby/gems/2.5.0/gems/jekyll-3.8.3/exe/jekyll:15:in `<top (required)>'
	/root/LAMP/ruby/install/ruby-2.5.1/bin/jekyll:23:in `load'
	/root/LAMP/ruby/install/ruby-2.5.1/bin/jekyll:23:in `<top (required)>'
	/root/LAMP/ruby/install/ruby-2.5.1/lib/ruby/gems/2.5.0/gems/bundler-1.16.3/lib/bundler/cli/exec.rb:74:in `load'
	/root/LAMP/ruby/install/ruby-2.5.1/lib/ruby/gems/2.5.0/gems/bundler-1.16.3/lib/bundler/cli/exec.rb:74:in `kernel_load'
	/root/LAMP/ruby/install/ruby-2.5.1/lib/ruby/gems/2.5.0/gems/bundler-1.16.3/lib/bundler/cli/exec.rb:28:in `run'
	/root/LAMP/ruby/install/ruby-2.5.1/lib/ruby/gems/2.5.0/gems/bundler-1.16.3/lib/bundler/cli.rb:424:in `exec'
	/root/LAMP/ruby/install/ruby-2.5.1/lib/ruby/gems/2.5.0/gems/bundler-1.16.3/lib/bundler/vendor/thor/lib/thor/command.rb:27:in `run'
	/root/LAMP/ruby/install/ruby-2.5.1/lib/ruby/gems/2.5.0/gems/bundler-1.16.3/lib/bundler/vendor/thor/lib/thor/invocation.rb:126:in `invoke_command'
	/root/LAMP/ruby/install/ruby-2.5.1/lib/ruby/gems/2.5.0/gems/bundler-1.16.3/lib/bundler/vendor/thor/lib/thor.rb:387:in `dispatch'
	/root/LAMP/ruby/install/ruby-2.5.1/lib/ruby/gems/2.5.0/gems/bundler-1.16.3/lib/bundler/cli.rb:27:in `dispatch'
	/root/LAMP/ruby/install/ruby-2.5.1/lib/ruby/gems/2.5.0/gems/bundler-1.16.3/lib/bundler/vendor/thor/lib/thor/base.rb:466:in `start'
	/root/LAMP/ruby/install/ruby-2.5.1/lib/ruby/gems/2.5.0/gems/bundler-1.16.3/lib/bundler/cli.rb:18:in `start'
	/root/LAMP/ruby/install/ruby-2.5.1/lib/ruby/gems/2.5.0/gems/bundler-1.16.3/exe/bundle:30:in `block in <top (required)>'
	/root/LAMP/ruby/install/ruby-2.5.1/lib/ruby/gems/2.5.0/gems/bundler-1.16.3/lib/bundler/friendly_errors.rb:124:in `with_friendly_errors'
	/root/LAMP/ruby/install/ruby-2.5.1/lib/ruby/gems/2.5.0/gems/bundler-1.16.3/exe/bundle:22:in `<top (required)>'
	/root/LAMP/ruby/install/ruby-2.5.1/bin/bundle:23:in `load'
	/root/LAMP/ruby/install/ruby-2.5.1/bin/bundle:23:in `<main>'
Configuration file: /root/LAMP/my-jekyll-project/_config.yml
            Source: /root/LAMP/my-jekyll-project
       Destination: /root/LAMP/my-jekyll-project/_site
 Incremental build: disabled. Enable with --incremental
      Generating... 
                    done in 0.894 seconds.
 Auto-regeneration: disabled when running server detached.
    Server address: http://104.131.173.242:8080/
Server detached with pid '27765'. Run `pkill -f jekyll' or `kill -9 27765' to stop the server.
[2018-08-01 13:34:34] FATAL SignalException: SIGTERM
	/root/LAMP/ruby/install/ruby-2.5.1/lib/ruby/2.5.0/webrick/server.rb:170:in `select'
	/root/LAMP/ruby/install/ruby-2.5.1/lib/ruby/2.5.0/webrick/server.rb:170:in `block in start'
	/root/LAMP/ruby/install/ruby-2.5.1/lib/ruby/2.5.0/webrick/server.rb:32:in `start'
	/root/LAMP/ruby/install/ruby-2.5.1/lib/ruby/2.5.0/webrick/server.rb:157:in `start'
	/root/LAMP/ruby/install/ruby-2.5.1/lib/ruby/gems/2.5.0/gems/jekyll-3.8.3/lib/jekyll/commands/serve.rb:302:in `block in boot_or_detach'
	/root/LAMP/ruby/install/ruby-2.5.1/lib/ruby/gems/2.5.0/gems/jekyll-3.8.3/lib/jekyll/commands/serve.rb:301:in `fork'
	/root/LAMP/ruby/install/ruby-2.5.1/lib/ruby/gems/2.5.0/gems/jekyll-3.8.3/lib/jekyll/commands/serve.rb:301:in `boot_or_detach'
	/root/LAMP/ruby/install/ruby-2.5.1/lib/ruby/gems/2.5.0/gems/jekyll-3.8.3/lib/jekyll/commands/serve.rb:233:in `start_up_webrick'
	/root/LAMP/ruby/install/ruby-2.5.1/lib/ruby/gems/2.5.0/gems/jekyll-3.8.3/lib/jekyll/commands/serve.rb:104:in `process'
	/root/LAMP/ruby/install/ruby-2.5.1/lib/ruby/gems/2.5.0/gems/jekyll-3.8.3/lib/jekyll/commands/serve.rb:93:in `block in start'
	/root/LAMP/ruby/install/ruby-2.5.1/lib/ruby/gems/2.5.0/gems/jekyll-3.8.3/lib/jekyll/commands/serve.rb:93:in `each'
	/root/LAMP/ruby/install/ruby-2.5.1/lib/ruby/gems/2.5.0/gems/jekyll-3.8.3/lib/jekyll/commands/serve.rb:93:in `start'
	/root/LAMP/ruby/install/ruby-2.5.1/lib/ruby/gems/2.5.0/gems/jekyll-3.8.3/lib/jekyll/commands/serve.rb:75:in `block (2 levels) in init_with_program'
	/root/LAMP/ruby/install/ruby-2.5.1/lib/ruby/gems/2.5.0/gems/mercenary-0.3.6/lib/mercenary/command.rb:220:in `block in execute'
	/root/LAMP/ruby/install/ruby-2.5.1/lib/ruby/gems/2.5.0/gems/mercenary-0.3.6/lib/mercenary/command.rb:220:in `each'
	/root/LAMP/ruby/install/ruby-2.5.1/lib/ruby/gems/2.5.0/gems/mercenary-0.3.6/lib/mercenary/command.rb:220:in `execute'
	/root/LAMP/ruby/install/ruby-2.5.1/lib/ruby/gems/2.5.0/gems/mercenary-0.3.6/lib/mercenary/program.rb:42:in `go'
	/root/LAMP/ruby/install/ruby-2.5.1/lib/ruby/gems/2.5.0/gems/mercenary-0.3.6/lib/mercenary.rb:19:in `program'
	/root/LAMP/ruby/install/ruby-2.5.1/lib/ruby/gems/2.5.0/gems/jekyll-3.8.3/exe/jekyll:15:in `<top (required)>'
	/root/LAMP/ruby/install/ruby-2.5.1/bin/jekyll:23:in `load'
	/root/LAMP/ruby/install/ruby-2.5.1/bin/jekyll:23:in `<top (required)>'
	/root/LAMP/ruby/install/ruby-2.5.1/lib/ruby/gems/2.5.0/gems/bundler-1.16.3/lib/bundler/cli/exec.rb:74:in `load'
	/root/LAMP/ruby/install/ruby-2.5.1/lib/ruby/gems/2.5.0/gems/bundler-1.16.3/lib/bundler/cli/exec.rb:74:in `kernel_load'
	/root/LAMP/ruby/install/ruby-2.5.1/lib/ruby/gems/2.5.0/gems/bundler-1.16.3/lib/bundler/cli/exec.rb:28:in `run'
	/root/LAMP/ruby/install/ruby-2.5.1/lib/ruby/gems/2.5.0/gems/bundler-1.16.3/lib/bundler/cli.rb:424:in `exec'
	/root/LAMP/ruby/install/ruby-2.5.1/lib/ruby/gems/2.5.0/gems/bundler-1.16.3/lib/bundler/vendor/thor/lib/thor/command.rb:27:in `run'
	/root/LAMP/ruby/install/ruby-2.5.1/lib/ruby/gems/2.5.0/gems/bundler-1.16.3/lib/bundler/vendor/thor/lib/thor/invocation.rb:126:in `invoke_command'
	/root/LAMP/ruby/install/ruby-2.5.1/lib/ruby/gems/2.5.0/gems/bundler-1.16.3/lib/bundler/vendor/thor/lib/thor.rb:387:in `dispatch'
	/root/LAMP/ruby/install/ruby-2.5.1/lib/ruby/gems/2.5.0/gems/bundler-1.16.3/lib/bundler/cli.rb:27:in `dispatch'
	/root/LAMP/ruby/install/ruby-2.5.1/lib/ruby/gems/2.5.0/gems/bundler-1.16.3/lib/bundler/vendor/thor/lib/thor/base.rb:466:in `start'
	/root/LAMP/ruby/install/ruby-2.5.1/lib/ruby/gems/2.5.0/gems/bundler-1.16.3/lib/bundler/cli.rb:18:in `start'
	/root/LAMP/ruby/install/ruby-2.5.1/lib/ruby/gems/2.5.0/gems/bundler-1.16.3/exe/bundle:30:in `block in <top (required)>'
	/root/LAMP/ruby/install/ruby-2.5.1/lib/ruby/gems/2.5.0/gems/bundler-1.16.3/lib/bundler/friendly_errors.rb:124:in `with_friendly_errors'
	/root/LAMP/ruby/install/ruby-2.5.1/lib/ruby/gems/2.5.0/gems/bundler-1.16.3/exe/bundle:22:in `<top (required)>'
	/root/LAMP/ruby/install/ruby-2.5.1/bin/bundle:23:in `load'
	/root/LAMP/ruby/install/ruby-2.5.1/bin/bundle:23:in `<main>'
Configuration file: /root/LAMP/my-jekyll-project/_config.yml
            Source: /root/LAMP/my-jekyll-project
       Destination: /root/LAMP/my-jekyll-project/_site
 Incremental build: disabled. Enable with --incremental
      Generating... 
                    done in 0.898 seconds.
 Auto-regeneration: disabled when running server detached.
    Server address: http://104.131.173.242:8080/
Server detached with pid '27782'. Run `pkill -f jekyll' or `kill -9 27782' to stop the server.
[2018-08-01 13:35:26] FATAL SignalException: SIGTERM
	/root/LAMP/ruby/install/ruby-2.5.1/lib/ruby/2.5.0/webrick/server.rb:170:in `select'
	/root/LAMP/ruby/install/ruby-2.5.1/lib/ruby/2.5.0/webrick/server.rb:170:in `block in start'
	/root/LAMP/ruby/install/ruby-2.5.1/lib/ruby/2.5.0/webrick/server.rb:32:in `start'
	/root/LAMP/ruby/install/ruby-2.5.1/lib/ruby/2.5.0/webrick/server.rb:157:in `start'
	/root/LAMP/ruby/install/ruby-2.5.1/lib/ruby/gems/2.5.0/gems/jekyll-3.8.3/lib/jekyll/commands/serve.rb:302:in `block in boot_or_detach'
	/root/LAMP/ruby/install/ruby-2.5.1/lib/ruby/gems/2.5.0/gems/jekyll-3.8.3/lib/jekyll/commands/serve.rb:301:in `fork'
	/root/LAMP/ruby/install/ruby-2.5.1/lib/ruby/gems/2.5.0/gems/jekyll-3.8.3/lib/jekyll/commands/serve.rb:301:in `boot_or_detach'
	/root/LAMP/ruby/install/ruby-2.5.1/lib/ruby/gems/2.5.0/gems/jekyll-3.8.3/lib/jekyll/commands/serve.rb:233:in `start_up_webrick'
	/root/LAMP/ruby/install/ruby-2.5.1/lib/ruby/gems/2.5.0/gems/jekyll-3.8.3/lib/jekyll/commands/serve.rb:104:in `process'
	/root/LAMP/ruby/install/ruby-2.5.1/lib/ruby/gems/2.5.0/gems/jekyll-3.8.3/lib/jekyll/commands/serve.rb:93:in `block in start'
	/root/LAMP/ruby/install/ruby-2.5.1/lib/ruby/gems/2.5.0/gems/jekyll-3.8.3/lib/jekyll/commands/serve.rb:93:in `each'
	/root/LAMP/ruby/install/ruby-2.5.1/lib/ruby/gems/2.5.0/gems/jekyll-3.8.3/lib/jekyll/commands/serve.rb:93:in `start'
	/root/LAMP/ruby/install/ruby-2.5.1/lib/ruby/gems/2.5.0/gems/jekyll-3.8.3/lib/jekyll/commands/serve.rb:75:in `block (2 levels) in init_with_program'
	/root/LAMP/ruby/install/ruby-2.5.1/lib/ruby/gems/2.5.0/gems/mercenary-0.3.6/lib/mercenary/command.rb:220:in `block in execute'
	/root/LAMP/ruby/install/ruby-2.5.1/lib/ruby/gems/2.5.0/gems/mercenary-0.3.6/lib/mercenary/command.rb:220:in `each'
	/root/LAMP/ruby/install/ruby-2.5.1/lib/ruby/gems/2.5.0/gems/mercenary-0.3.6/lib/mercenary/command.rb:220:in `execute'
	/root/LAMP/ruby/install/ruby-2.5.1/lib/ruby/gems/2.5.0/gems/mercenary-0.3.6/lib/mercenary/program.rb:42:in `go'
	/root/LAMP/ruby/install/ruby-2.5.1/lib/ruby/gems/2.5.0/gems/mercenary-0.3.6/lib/mercenary.rb:19:in `program'
	/root/LAMP/ruby/install/ruby-2.5.1/lib/ruby/gems/2.5.0/gems/jekyll-3.8.3/exe/jekyll:15:in `<top (required)>'
	/root/LAMP/ruby/install/ruby-2.5.1/bin/jekyll:23:in `load'
	/root/LAMP/ruby/install/ruby-2.5.1/bin/jekyll:23:in `<top (required)>'
	/root/LAMP/ruby/install/ruby-2.5.1/lib/ruby/gems/2.5.0/gems/bundler-1.16.3/lib/bundler/cli/exec.rb:74:in `load'
	/root/LAMP/ruby/install/ruby-2.5.1/lib/ruby/gems/2.5.0/gems/bundler-1.16.3/lib/bundler/cli/exec.rb:74:in `kernel_load'
	/root/LAMP/ruby/install/ruby-2.5.1/lib/ruby/gems/2.5.0/gems/bundler-1.16.3/lib/bundler/cli/exec.rb:28:in `run'
	/root/LAMP/ruby/install/ruby-2.5.1/lib/ruby/gems/2.5.0/gems/bundler-1.16.3/lib/bundler/cli.rb:424:in `exec'
	/root/LAMP/ruby/install/ruby-2.5.1/lib/ruby/gems/2.5.0/gems/bundler-1.16.3/lib/bundler/vendor/thor/lib/thor/command.rb:27:in `run'
	/root/LAMP/ruby/install/ruby-2.5.1/lib/ruby/gems/2.5.0/gems/bundler-1.16.3/lib/bundler/vendor/thor/lib/thor/invocation.rb:126:in `invoke_command'
	/root/LAMP/ruby/install/ruby-2.5.1/lib/ruby/gems/2.5.0/gems/bundler-1.16.3/lib/bundler/vendor/thor/lib/thor.rb:387:in `dispatch'
	/root/LAMP/ruby/install/ruby-2.5.1/lib/ruby/gems/2.5.0/gems/bundler-1.16.3/lib/bundler/cli.rb:27:in `dispatch'
	/root/LAMP/ruby/install/ruby-2.5.1/lib/ruby/gems/2.5.0/gems/bundler-1.16.3/lib/bundler/vendor/thor/lib/thor/base.rb:466:in `start'
	/root/LAMP/ruby/install/ruby-2.5.1/lib/ruby/gems/2.5.0/gems/bundler-1.16.3/lib/bundler/cli.rb:18:in `start'
	/root/LAMP/ruby/install/ruby-2.5.1/lib/ruby/gems/2.5.0/gems/bundler-1.16.3/exe/bundle:30:in `block in <top (required)>'
	/root/LAMP/ruby/install/ruby-2.5.1/lib/ruby/gems/2.5.0/gems/bundler-1.16.3/lib/bundler/friendly_errors.rb:124:in `with_friendly_errors'
	/root/LAMP/ruby/install/ruby-2.5.1/lib/ruby/gems/2.5.0/gems/bundler-1.16.3/exe/bundle:22:in `<top (required)>'
	/root/LAMP/ruby/install/ruby-2.5.1/bin/bundle:23:in `load'
	/root/LAMP/ruby/install/ruby-2.5.1/bin/bundle:23:in `<main>'
Configuration file: /root/LAMP/my-jekyll-project/_config.yml
            Source: /root/LAMP/my-jekyll-project
       Destination: /root/LAMP/my-jekyll-project/_site
 Incremental build: disabled. Enable with --incremental
      Generating... 
                    done in 0.907 seconds.
 Auto-regeneration: disabled when running server detached.
    Server address: http://104.131.173.242:8080/
Server detached with pid '27822'. Run `pkill -f jekyll' or `kill -9 27822' to stop the server.
[2018-08-01 14:00:40] ERROR `/nmaplowercheck1533103240' not found.
[2018-08-01 14:00:40] ERROR `/HNAP1' not found.
[2018-08-01 14:00:40] ERROR `/evox/about' not found.
[2018-08-01 14:00:42] ERROR `/sdk' not found.
[2018-08-01 14:00:44] ERROR Errno::ECONNRESET: Connection reset by peer @ io_fillbuf - fd:10 
	/root/LAMP/ruby/install/ruby-2.5.1/lib/ruby/2.5.0/webrick/httpserver.rb:82:in `eof?'
	/root/LAMP/ruby/install/ruby-2.5.1/lib/ruby/2.5.0/webrick/httpserver.rb:82:in `run'
	/root/LAMP/ruby/install/ruby-2.5.1/lib/ruby/2.5.0/webrick/server.rb:307:in `block in start_thread'
[2018-08-01 14:22:01] ERROR `/manager/html' not found.
[2018-08-01 21:35:43] ERROR Errno::ECONNRESET: Connection reset by peer @ io_fillbuf - fd:10 
	/root/LAMP/ruby/install/ruby-2.5.1/lib/ruby/2.5.0/webrick/httpserver.rb:82:in `eof?'
	/root/LAMP/ruby/install/ruby-2.5.1/lib/ruby/2.5.0/webrick/httpserver.rb:82:in `run'
	/root/LAMP/ruby/install/ruby-2.5.1/lib/ruby/2.5.0/webrick/server.rb:307:in `block in start_thread'
[2018-08-01 21:35:43] ERROR Errno::ECONNRESET: Connection reset by peer @ io_fillbuf - fd:11 
	/root/LAMP/ruby/install/ruby-2.5.1/lib/ruby/2.5.0/webrick/httpserver.rb:82:in `eof?'
	/root/LAMP/ruby/install/ruby-2.5.1/lib/ruby/2.5.0/webrick/httpserver.rb:82:in `run'
	/root/LAMP/ruby/install/ruby-2.5.1/lib/ruby/2.5.0/webrick/server.rb:307:in `block in start_thread'
[2018-08-01 22:57:29] FATAL SignalException: SIGTERM
	/root/LAMP/ruby/install/ruby-2.5.1/lib/ruby/2.5.0/webrick/server.rb:170:in `select'
	/root/LAMP/ruby/install/ruby-2.5.1/lib/ruby/2.5.0/webrick/server.rb:170:in `block in start'
	/root/LAMP/ruby/install/ruby-2.5.1/lib/ruby/2.5.0/webrick/server.rb:32:in `start'
	/root/LAMP/ruby/install/ruby-2.5.1/lib/ruby/2.5.0/webrick/server.rb:157:in `start'
	/root/LAMP/ruby/install/ruby-2.5.1/lib/ruby/gems/2.5.0/gems/jekyll-3.8.3/lib/jekyll/commands/serve.rb:302:in `block in boot_or_detach'
	/root/LAMP/ruby/install/ruby-2.5.1/lib/ruby/gems/2.5.0/gems/jekyll-3.8.3/lib/jekyll/commands/serve.rb:301:in `fork'
	/root/LAMP/ruby/install/ruby-2.5.1/lib/ruby/gems/2.5.0/gems/jekyll-3.8.3/lib/jekyll/commands/serve.rb:301:in `boot_or_detach'
	/root/LAMP/ruby/install/ruby-2.5.1/lib/ruby/gems/2.5.0/gems/jekyll-3.8.3/lib/jekyll/commands/serve.rb:233:in `start_up_webrick'
	/root/LAMP/ruby/install/ruby-2.5.1/lib/ruby/gems/2.5.0/gems/jekyll-3.8.3/lib/jekyll/commands/serve.rb:104:in `process'
	/root/LAMP/ruby/install/ruby-2.5.1/lib/ruby/gems/2.5.0/gems/jekyll-3.8.3/lib/jekyll/commands/serve.rb:93:in `block in start'
	/root/LAMP/ruby/install/ruby-2.5.1/lib/ruby/gems/2.5.0/gems/jekyll-3.8.3/lib/jekyll/commands/serve.rb:93:in `each'
	/root/LAMP/ruby/install/ruby-2.5.1/lib/ruby/gems/2.5.0/gems/jekyll-3.8.3/lib/jekyll/commands/serve.rb:93:in `start'
	/root/LAMP/ruby/install/ruby-2.5.1/lib/ruby/gems/2.5.0/gems/jekyll-3.8.3/lib/jekyll/commands/serve.rb:75:in `block (2 levels) in init_with_program'
	/root/LAMP/ruby/install/ruby-2.5.1/lib/ruby/gems/2.5.0/gems/mercenary-0.3.6/lib/mercenary/command.rb:220:in `block in execute'
	/root/LAMP/ruby/install/ruby-2.5.1/lib/ruby/gems/2.5.0/gems/mercenary-0.3.6/lib/mercenary/command.rb:220:in `each'
	/root/LAMP/ruby/install/ruby-2.5.1/lib/ruby/gems/2.5.0/gems/mercenary-0.3.6/lib/mercenary/command.rb:220:in `execute'
	/root/LAMP/ruby/install/ruby-2.5.1/lib/ruby/gems/2.5.0/gems/mercenary-0.3.6/lib/mercenary/program.rb:42:in `go'
	/root/LAMP/ruby/install/ruby-2.5.1/lib/ruby/gems/2.5.0/gems/mercenary-0.3.6/lib/mercenary.rb:19:in `program'
	/root/LAMP/ruby/install/ruby-2.5.1/lib/ruby/gems/2.5.0/gems/jekyll-3.8.3/exe/jekyll:15:in `<top (required)>'
	/root/LAMP/ruby/install/ruby-2.5.1/bin/jekyll:23:in `load'
	/root/LAMP/ruby/install/ruby-2.5.1/bin/jekyll:23:in `<top (required)>'
	/root/LAMP/ruby/install/ruby-2.5.1/lib/ruby/gems/2.5.0/gems/bundler-1.16.3/lib/bundler/cli/exec.rb:74:in `load'
	/root/LAMP/ruby/install/ruby-2.5.1/lib/ruby/gems/2.5.0/gems/bundler-1.16.3/lib/bundler/cli/exec.rb:74:in `kernel_load'
	/root/LAMP/ruby/install/ruby-2.5.1/lib/ruby/gems/2.5.0/gems/bundler-1.16.3/lib/bundler/cli/exec.rb:28:in `run'
	/root/LAMP/ruby/install/ruby-2.5.1/lib/ruby/gems/2.5.0/gems/bundler-1.16.3/lib/bundler/cli.rb:424:in `exec'
	/root/LAMP/ruby/install/ruby-2.5.1/lib/ruby/gems/2.5.0/gems/bundler-1.16.3/lib/bundler/vendor/thor/lib/thor/command.rb:27:in `run'
	/root/LAMP/ruby/install/ruby-2.5.1/lib/ruby/gems/2.5.0/gems/bundler-1.16.3/lib/bundler/vendor/thor/lib/thor/invocation.rb:126:in `invoke_command'
	/root/LAMP/ruby/install/ruby-2.5.1/lib/ruby/gems/2.5.0/gems/bundler-1.16.3/lib/bundler/vendor/thor/lib/thor.rb:387:in `dispatch'
	/root/LAMP/ruby/install/ruby-2.5.1/lib/ruby/gems/2.5.0/gems/bundler-1.16.3/lib/bundler/cli.rb:27:in `dispatch'
	/root/LAMP/ruby/install/ruby-2.5.1/lib/ruby/gems/2.5.0/gems/bundler-1.16.3/lib/bundler/vendor/thor/lib/thor/base.rb:466:in `start'
	/root/LAMP/ruby/install/ruby-2.5.1/lib/ruby/gems/2.5.0/gems/bundler-1.16.3/lib/bundler/cli.rb:18:in `start'
	/root/LAMP/ruby/install/ruby-2.5.1/lib/ruby/gems/2.5.0/gems/bundler-1.16.3/exe/bundle:30:in `block in <top (required)>'
	/root/LAMP/ruby/install/ruby-2.5.1/lib/ruby/gems/2.5.0/gems/bundler-1.16.3/lib/bundler/friendly_errors.rb:124:in `with_friendly_errors'
	/root/LAMP/ruby/install/ruby-2.5.1/lib/ruby/gems/2.5.0/gems/bundler-1.16.3/exe/bundle:22:in `<top (required)>'
	/root/LAMP/ruby/install/ruby-2.5.1/bin/bundle:23:in `load'
	/root/LAMP/ruby/install/ruby-2.5.1/bin/bundle:23:in `<main>'
Configuration file: /root/LAMP/my-jekyll-project/_config.yml
            Source: /root/LAMP/my-jekyll-project
       Destination: /root/LAMP/my-jekyll-project/_site
 Incremental build: disabled. Enable with --incremental
      Generating... 
                    done in 0.962 seconds.
 Auto-regeneration: disabled when running server detached.
    Server address: http://104.131.173.242:8080/
Server detached with pid '31864'. Run `pkill -f jekyll' or `kill -9 31864' to stop the server.
[2018-08-01 22:58:42] FATAL SignalException: SIGTERM
	/root/LAMP/ruby/install/ruby-2.5.1/lib/ruby/2.5.0/webrick/server.rb:170:in `select'
	/root/LAMP/ruby/install/ruby-2.5.1/lib/ruby/2.5.0/webrick/server.rb:170:in `block in start'
	/root/LAMP/ruby/install/ruby-2.5.1/lib/ruby/2.5.0/webrick/server.rb:32:in `start'
	/root/LAMP/ruby/install/ruby-2.5.1/lib/ruby/2.5.0/webrick/server.rb:157:in `start'
	/root/LAMP/ruby/install/ruby-2.5.1/lib/ruby/gems/2.5.0/gems/jekyll-3.8.3/lib/jekyll/commands/serve.rb:302:in `block in boot_or_detach'
	/root/LAMP/ruby/install/ruby-2.5.1/lib/ruby/gems/2.5.0/gems/jekyll-3.8.3/lib/jekyll/commands/serve.rb:301:in `fork'
	/root/LAMP/ruby/install/ruby-2.5.1/lib/ruby/gems/2.5.0/gems/jekyll-3.8.3/lib/jekyll/commands/serve.rb:301:in `boot_or_detach'
	/root/LAMP/ruby/install/ruby-2.5.1/lib/ruby/gems/2.5.0/gems/jekyll-3.8.3/lib/jekyll/commands/serve.rb:233:in `start_up_webrick'
	/root/LAMP/ruby/install/ruby-2.5.1/lib/ruby/gems/2.5.0/gems/jekyll-3.8.3/lib/jekyll/commands/serve.rb:104:in `process'
	/root/LAMP/ruby/install/ruby-2.5.1/lib/ruby/gems/2.5.0/gems/jekyll-3.8.3/lib/jekyll/commands/serve.rb:93:in `block in start'
	/root/LAMP/ruby/install/ruby-2.5.1/lib/ruby/gems/2.5.0/gems/jekyll-3.8.3/lib/jekyll/commands/serve.rb:93:in `each'
	/root/LAMP/ruby/install/ruby-2.5.1/lib/ruby/gems/2.5.0/gems/jekyll-3.8.3/lib/jekyll/commands/serve.rb:93:in `start'
	/root/LAMP/ruby/install/ruby-2.5.1/lib/ruby/gems/2.5.0/gems/jekyll-3.8.3/lib/jekyll/commands/serve.rb:75:in `block (2 levels) in init_with_program'
	/root/LAMP/ruby/install/ruby-2.5.1/lib/ruby/gems/2.5.0/gems/mercenary-0.3.6/lib/mercenary/command.rb:220:in `block in execute'
	/root/LAMP/ruby/install/ruby-2.5.1/lib/ruby/gems/2.5.0/gems/mercenary-0.3.6/lib/mercenary/command.rb:220:in `each'
	/root/LAMP/ruby/install/ruby-2.5.1/lib/ruby/gems/2.5.0/gems/mercenary-0.3.6/lib/mercenary/command.rb:220:in `execute'
	/root/LAMP/ruby/install/ruby-2.5.1/lib/ruby/gems/2.5.0/gems/mercenary-0.3.6/lib/mercenary/program.rb:42:in `go'
	/root/LAMP/ruby/install/ruby-2.5.1/lib/ruby/gems/2.5.0/gems/mercenary-0.3.6/lib/mercenary.rb:19:in `program'
	/root/LAMP/ruby/install/ruby-2.5.1/lib/ruby/gems/2.5.0/gems/jekyll-3.8.3/exe/jekyll:15:in `<top (required)>'
	/root/LAMP/ruby/install/ruby-2.5.1/bin/jekyll:23:in `load'
	/root/LAMP/ruby/install/ruby-2.5.1/bin/jekyll:23:in `<top (required)>'
	/root/LAMP/ruby/install/ruby-2.5.1/lib/ruby/gems/2.5.0/gems/bundler-1.16.3/lib/bundler/cli/exec.rb:74:in `load'
	/root/LAMP/ruby/install/ruby-2.5.1/lib/ruby/gems/2.5.0/gems/bundler-1.16.3/lib/bundler/cli/exec.rb:74:in `kernel_load'
	/root/LAMP/ruby/install/ruby-2.5.1/lib/ruby/gems/2.5.0/gems/bundler-1.16.3/lib/bundler/cli/exec.rb:28:in `run'
	/root/LAMP/ruby/install/ruby-2.5.1/lib/ruby/gems/2.5.0/gems/bundler-1.16.3/lib/bundler/cli.rb:424:in `exec'
	/root/LAMP/ruby/install/ruby-2.5.1/lib/ruby/gems/2.5.0/gems/bundler-1.16.3/lib/bundler/vendor/thor/lib/thor/command.rb:27:in `run'
	/root/LAMP/ruby/install/ruby-2.5.1/lib/ruby/gems/2.5.0/gems/bundler-1.16.3/lib/bundler/vendor/thor/lib/thor/invocation.rb:126:in `invoke_command'
	/root/LAMP/ruby/install/ruby-2.5.1/lib/ruby/gems/2.5.0/gems/bundler-1.16.3/lib/bundler/vendor/thor/lib/thor.rb:387:in `dispatch'
	/root/LAMP/ruby/install/ruby-2.5.1/lib/ruby/gems/2.5.0/gems/bundler-1.16.3/lib/bundler/cli.rb:27:in `dispatch'
	/root/LAMP/ruby/install/ruby-2.5.1/lib/ruby/gems/2.5.0/gems/bundler-1.16.3/lib/bundler/vendor/thor/lib/thor/base.rb:466:in `start'
	/root/LAMP/ruby/install/ruby-2.5.1/lib/ruby/gems/2.5.0/gems/bundler-1.16.3/lib/bundler/cli.rb:18:in `start'
	/root/LAMP/ruby/install/ruby-2.5.1/lib/ruby/gems/2.5.0/gems/bundler-1.16.3/exe/bundle:30:in `block in <top (required)>'
	/root/LAMP/ruby/install/ruby-2.5.1/lib/ruby/gems/2.5.0/gems/bundler-1.16.3/lib/bundler/friendly_errors.rb:124:in `with_friendly_errors'
	/root/LAMP/ruby/install/ruby-2.5.1/lib/ruby/gems/2.5.0/gems/bundler-1.16.3/exe/bundle:22:in `<top (required)>'
	/root/LAMP/ruby/install/ruby-2.5.1/bin/bundle:23:in `load'
	/root/LAMP/ruby/install/ruby-2.5.1/bin/bundle:23:in `<main>'
Configuration file: /root/LAMP/my-jekyll-project/_config.yml
            Source: /root/LAMP/my-jekyll-project
       Destination: /root/LAMP/my-jekyll-project/_site
 Incremental build: disabled. Enable with --incremental
      Generating... 
                    done in 0.902 seconds.
 Auto-regeneration: disabled when running server detached.
    Server address: http://104.131.173.242:8080/
Server detached with pid '31878'. Run `pkill -f jekyll' or `kill -9 31878' to stop the server.
[2018-08-01 22:59:18] FATAL SignalException: SIGTERM
	/root/LAMP/ruby/install/ruby-2.5.1/lib/ruby/2.5.0/webrick/server.rb:170:in `select'
	/root/LAMP/ruby/install/ruby-2.5.1/lib/ruby/2.5.0/webrick/server.rb:170:in `block in start'
	/root/LAMP/ruby/install/ruby-2.5.1/lib/ruby/2.5.0/webrick/server.rb:32:in `start'
	/root/LAMP/ruby/install/ruby-2.5.1/lib/ruby/2.5.0/webrick/server.rb:157:in `start'
	/root/LAMP/ruby/install/ruby-2.5.1/lib/ruby/gems/2.5.0/gems/jekyll-3.8.3/lib/jekyll/commands/serve.rb:302:in `block in boot_or_detach'
	/root/LAMP/ruby/install/ruby-2.5.1/lib/ruby/gems/2.5.0/gems/jekyll-3.8.3/lib/jekyll/commands/serve.rb:301:in `fork'
	/root/LAMP/ruby/install/ruby-2.5.1/lib/ruby/gems/2.5.0/gems/jekyll-3.8.3/lib/jekyll/commands/serve.rb:301:in `boot_or_detach'
	/root/LAMP/ruby/install/ruby-2.5.1/lib/ruby/gems/2.5.0/gems/jekyll-3.8.3/lib/jekyll/commands/serve.rb:233:in `start_up_webrick'
	/root/LAMP/ruby/install/ruby-2.5.1/lib/ruby/gems/2.5.0/gems/jekyll-3.8.3/lib/jekyll/commands/serve.rb:104:in `process'
	/root/LAMP/ruby/install/ruby-2.5.1/lib/ruby/gems/2.5.0/gems/jekyll-3.8.3/lib/jekyll/commands/serve.rb:93:in `block in start'
	/root/LAMP/ruby/install/ruby-2.5.1/lib/ruby/gems/2.5.0/gems/jekyll-3.8.3/lib/jekyll/commands/serve.rb:93:in `each'
	/root/LAMP/ruby/install/ruby-2.5.1/lib/ruby/gems/2.5.0/gems/jekyll-3.8.3/lib/jekyll/commands/serve.rb:93:in `start'
	/root/LAMP/ruby/install/ruby-2.5.1/lib/ruby/gems/2.5.0/gems/jekyll-3.8.3/lib/jekyll/commands/serve.rb:75:in `block (2 levels) in init_with_program'
	/root/LAMP/ruby/install/ruby-2.5.1/lib/ruby/gems/2.5.0/gems/mercenary-0.3.6/lib/mercenary/command.rb:220:in `block in execute'
	/root/LAMP/ruby/install/ruby-2.5.1/lib/ruby/gems/2.5.0/gems/mercenary-0.3.6/lib/mercenary/command.rb:220:in `each'
	/root/LAMP/ruby/install/ruby-2.5.1/lib/ruby/gems/2.5.0/gems/mercenary-0.3.6/lib/mercenary/command.rb:220:in `execute'
	/root/LAMP/ruby/install/ruby-2.5.1/lib/ruby/gems/2.5.0/gems/mercenary-0.3.6/lib/mercenary/program.rb:42:in `go'
	/root/LAMP/ruby/install/ruby-2.5.1/lib/ruby/gems/2.5.0/gems/mercenary-0.3.6/lib/mercenary.rb:19:in `program'
	/root/LAMP/ruby/install/ruby-2.5.1/lib/ruby/gems/2.5.0/gems/jekyll-3.8.3/exe/jekyll:15:in `<top (required)>'
	/root/LAMP/ruby/install/ruby-2.5.1/bin/jekyll:23:in `load'
	/root/LAMP/ruby/install/ruby-2.5.1/bin/jekyll:23:in `<top (required)>'
	/root/LAMP/ruby/install/ruby-2.5.1/lib/ruby/gems/2.5.0/gems/bundler-1.16.3/lib/bundler/cli/exec.rb:74:in `load'
	/root/LAMP/ruby/install/ruby-2.5.1/lib/ruby/gems/2.5.0/gems/bundler-1.16.3/lib/bundler/cli/exec.rb:74:in `kernel_load'
	/root/LAMP/ruby/install/ruby-2.5.1/lib/ruby/gems/2.5.0/gems/bundler-1.16.3/lib/bundler/cli/exec.rb:28:in `run'
	/root/LAMP/ruby/install/ruby-2.5.1/lib/ruby/gems/2.5.0/gems/bundler-1.16.3/lib/bundler/cli.rb:424:in `exec'
	/root/LAMP/ruby/install/ruby-2.5.1/lib/ruby/gems/2.5.0/gems/bundler-1.16.3/lib/bundler/vendor/thor/lib/thor/command.rb:27:in `run'
	/root/LAMP/ruby/install/ruby-2.5.1/lib/ruby/gems/2.5.0/gems/bundler-1.16.3/lib/bundler/vendor/thor/lib/thor/invocation.rb:126:in `invoke_command'
	/root/LAMP/ruby/install/ruby-2.5.1/lib/ruby/gems/2.5.0/gems/bundler-1.16.3/lib/bundler/vendor/thor/lib/thor.rb:387:in `dispatch'
	/root/LAMP/ruby/install/ruby-2.5.1/lib/ruby/gems/2.5.0/gems/bundler-1.16.3/lib/bundler/cli.rb:27:in `dispatch'
	/root/LAMP/ruby/install/ruby-2.5.1/lib/ruby/gems/2.5.0/gems/bundler-1.16.3/lib/bundler/vendor/thor/lib/thor/base.rb:466:in `start'
	/root/LAMP/ruby/install/ruby-2.5.1/lib/ruby/gems/2.5.0/gems/bundler-1.16.3/lib/bundler/cli.rb:18:in `start'
	/root/LAMP/ruby/install/ruby-2.5.1/lib/ruby/gems/2.5.0/gems/bundler-1.16.3/exe/bundle:30:in `block in <top (required)>'
	/root/LAMP/ruby/install/ruby-2.5.1/lib/ruby/gems/2.5.0/gems/bundler-1.16.3/lib/bundler/friendly_errors.rb:124:in `with_friendly_errors'
	/root/LAMP/ruby/install/ruby-2.5.1/lib/ruby/gems/2.5.0/gems/bundler-1.16.3/exe/bundle:22:in `<top (required)>'
	/root/LAMP/ruby/install/ruby-2.5.1/bin/bundle:23:in `load'
	/root/LAMP/ruby/install/ruby-2.5.1/bin/bundle:23:in `<main>'
Configuration file: /root/LAMP/my-jekyll-project/_config.yml
            Source: /root/LAMP/my-jekyll-project
       Destination: /root/LAMP/my-jekyll-project/_site
 Incremental build: disabled. Enable with --incremental
      Generating... 
                    done in 0.918 seconds.
 Auto-regeneration: disabled when running server detached.
    Server address: http://104.131.173.242:8080/
Server detached with pid '31893'. Run `pkill -f jekyll' or `kill -9 31893' to stop the server.
[2018-08-01 23:08:45] ERROR `/manager/html' not found.
[2018-08-01 23:54:10] FATAL SignalException: SIGTERM
	/root/LAMP/ruby/install/ruby-2.5.1/lib/ruby/2.5.0/webrick/server.rb:170:in `select'
	/root/LAMP/ruby/install/ruby-2.5.1/lib/ruby/2.5.0/webrick/server.rb:170:in `block in start'
	/root/LAMP/ruby/install/ruby-2.5.1/lib/ruby/2.5.0/webrick/server.rb:32:in `start'
	/root/LAMP/ruby/install/ruby-2.5.1/lib/ruby/2.5.0/webrick/server.rb:157:in `start'
	/root/LAMP/ruby/install/ruby-2.5.1/lib/ruby/gems/2.5.0/gems/jekyll-3.8.3/lib/jekyll/commands/serve.rb:302:in `block in boot_or_detach'
	/root/LAMP/ruby/install/ruby-2.5.1/lib/ruby/gems/2.5.0/gems/jekyll-3.8.3/lib/jekyll/commands/serve.rb:301:in `fork'
	/root/LAMP/ruby/install/ruby-2.5.1/lib/ruby/gems/2.5.0/gems/jekyll-3.8.3/lib/jekyll/commands/serve.rb:301:in `boot_or_detach'
	/root/LAMP/ruby/install/ruby-2.5.1/lib/ruby/gems/2.5.0/gems/jekyll-3.8.3/lib/jekyll/commands/serve.rb:233:in `start_up_webrick'
	/root/LAMP/ruby/install/ruby-2.5.1/lib/ruby/gems/2.5.0/gems/jekyll-3.8.3/lib/jekyll/commands/serve.rb:104:in `process'
	/root/LAMP/ruby/install/ruby-2.5.1/lib/ruby/gems/2.5.0/gems/jekyll-3.8.3/lib/jekyll/commands/serve.rb:93:in `block in start'
	/root/LAMP/ruby/install/ruby-2.5.1/lib/ruby/gems/2.5.0/gems/jekyll-3.8.3/lib/jekyll/commands/serve.rb:93:in `each'
	/root/LAMP/ruby/install/ruby-2.5.1/lib/ruby/gems/2.5.0/gems/jekyll-3.8.3/lib/jekyll/commands/serve.rb:93:in `start'
	/root/LAMP/ruby/install/ruby-2.5.1/lib/ruby/gems/2.5.0/gems/jekyll-3.8.3/lib/jekyll/commands/serve.rb:75:in `block (2 levels) in init_with_program'
	/root/LAMP/ruby/install/ruby-2.5.1/lib/ruby/gems/2.5.0/gems/mercenary-0.3.6/lib/mercenary/command.rb:220:in `block in execute'
	/root/LAMP/ruby/install/ruby-2.5.1/lib/ruby/gems/2.5.0/gems/mercenary-0.3.6/lib/mercenary/command.rb:220:in `each'
	/root/LAMP/ruby/install/ruby-2.5.1/lib/ruby/gems/2.5.0/gems/mercenary-0.3.6/lib/mercenary/command.rb:220:in `execute'
	/root/LAMP/ruby/install/ruby-2.5.1/lib/ruby/gems/2.5.0/gems/mercenary-0.3.6/lib/mercenary/program.rb:42:in `go'
	/root/LAMP/ruby/install/ruby-2.5.1/lib/ruby/gems/2.5.0/gems/mercenary-0.3.6/lib/mercenary.rb:19:in `program'
	/root/LAMP/ruby/install/ruby-2.5.1/lib/ruby/gems/2.5.0/gems/jekyll-3.8.3/exe/jekyll:15:in `<top (required)>'
	/root/LAMP/ruby/install/ruby-2.5.1/bin/jekyll:23:in `load'
	/root/LAMP/ruby/install/ruby-2.5.1/bin/jekyll:23:in `<top (required)>'
	/root/LAMP/ruby/install/ruby-2.5.1/lib/ruby/gems/2.5.0/gems/bundler-1.16.3/lib/bundler/cli/exec.rb:74:in `load'
	/root/LAMP/ruby/install/ruby-2.5.1/lib/ruby/gems/2.5.0/gems/bundler-1.16.3/lib/bundler/cli/exec.rb:74:in `kernel_load'
	/root/LAMP/ruby/install/ruby-2.5.1/lib/ruby/gems/2.5.0/gems/bundler-1.16.3/lib/bundler/cli/exec.rb:28:in `run'
	/root/LAMP/ruby/install/ruby-2.5.1/lib/ruby/gems/2.5.0/gems/bundler-1.16.3/lib/bundler/cli.rb:424:in `exec'
	/root/LAMP/ruby/install/ruby-2.5.1/lib/ruby/gems/2.5.0/gems/bundler-1.16.3/lib/bundler/vendor/thor/lib/thor/command.rb:27:in `run'
	/root/LAMP/ruby/install/ruby-2.5.1/lib/ruby/gems/2.5.0/gems/bundler-1.16.3/lib/bundler/vendor/thor/lib/thor/invocation.rb:126:in `invoke_command'
	/root/LAMP/ruby/install/ruby-2.5.1/lib/ruby/gems/2.5.0/gems/bundler-1.16.3/lib/bundler/vendor/thor/lib/thor.rb:387:in `dispatch'
	/root/LAMP/ruby/install/ruby-2.5.1/lib/ruby/gems/2.5.0/gems/bundler-1.16.3/lib/bundler/cli.rb:27:in `dispatch'
	/root/LAMP/ruby/install/ruby-2.5.1/lib/ruby/gems/2.5.0/gems/bundler-1.16.3/lib/bundler/vendor/thor/lib/thor/base.rb:466:in `start'
	/root/LAMP/ruby/install/ruby-2.5.1/lib/ruby/gems/2.5.0/gems/bundler-1.16.3/lib/bundler/cli.rb:18:in `start'
	/root/LAMP/ruby/install/ruby-2.5.1/lib/ruby/gems/2.5.0/gems/bundler-1.16.3/exe/bundle:30:in `block in <top (required)>'
	/root/LAMP/ruby/install/ruby-2.5.1/lib/ruby/gems/2.5.0/gems/bundler-1.16.3/lib/bundler/friendly_errors.rb:124:in `with_friendly_errors'
	/root/LAMP/ruby/install/ruby-2.5.1/lib/ruby/gems/2.5.0/gems/bundler-1.16.3/exe/bundle:22:in `<top (required)>'
	/root/LAMP/ruby/install/ruby-2.5.1/bin/bundle:23:in `load'
	/root/LAMP/ruby/install/ruby-2.5.1/bin/bundle:23:in `<main>'
Configuration file: /root/LAMP/my-jekyll-project/_config.yml
            Source: /root/LAMP/my-jekyll-project
       Destination: /root/LAMP/my-jekyll-project/_site
 Incremental build: disabled. Enable with --incremental
      Generating... 
                    done in 1.105 seconds.
 Auto-regeneration: disabled when running server detached.
    Server address: http://104.131.173.242:8080/
Server detached with pid '32039'. Run `pkill -f jekyll' or `kill -9 32039' to stop the server.
[2018-08-01 23:59:58] FATAL SignalException: SIGTERM
	/root/LAMP/ruby/install/ruby-2.5.1/lib/ruby/2.5.0/webrick/server.rb:170:in `select'
	/root/LAMP/ruby/install/ruby-2.5.1/lib/ruby/2.5.0/webrick/server.rb:170:in `block in start'
	/root/LAMP/ruby/install/ruby-2.5.1/lib/ruby/2.5.0/webrick/server.rb:32:in `start'
	/root/LAMP/ruby/install/ruby-2.5.1/lib/ruby/2.5.0/webrick/server.rb:157:in `start'
	/root/LAMP/ruby/install/ruby-2.5.1/lib/ruby/gems/2.5.0/gems/jekyll-3.8.3/lib/jekyll/commands/serve.rb:302:in `block in boot_or_detach'
	/root/LAMP/ruby/install/ruby-2.5.1/lib/ruby/gems/2.5.0/gems/jekyll-3.8.3/lib/jekyll/commands/serve.rb:301:in `fork'
	/root/LAMP/ruby/install/ruby-2.5.1/lib/ruby/gems/2.5.0/gems/jekyll-3.8.3/lib/jekyll/commands/serve.rb:301:in `boot_or_detach'
	/root/LAMP/ruby/install/ruby-2.5.1/lib/ruby/gems/2.5.0/gems/jekyll-3.8.3/lib/jekyll/commands/serve.rb:233:in `start_up_webrick'
	/root/LAMP/ruby/install/ruby-2.5.1/lib/ruby/gems/2.5.0/gems/jekyll-3.8.3/lib/jekyll/commands/serve.rb:104:in `process'
	/root/LAMP/ruby/install/ruby-2.5.1/lib/ruby/gems/2.5.0/gems/jekyll-3.8.3/lib/jekyll/commands/serve.rb:93:in `block in start'
	/root/LAMP/ruby/install/ruby-2.5.1/lib/ruby/gems/2.5.0/gems/jekyll-3.8.3/lib/jekyll/commands/serve.rb:93:in `each'
	/root/LAMP/ruby/install/ruby-2.5.1/lib/ruby/gems/2.5.0/gems/jekyll-3.8.3/lib/jekyll/commands/serve.rb:93:in `start'
	/root/LAMP/ruby/install/ruby-2.5.1/lib/ruby/gems/2.5.0/gems/jekyll-3.8.3/lib/jekyll/commands/serve.rb:75:in `block (2 levels) in init_with_program'
	/root/LAMP/ruby/install/ruby-2.5.1/lib/ruby/gems/2.5.0/gems/mercenary-0.3.6/lib/mercenary/command.rb:220:in `block in execute'
	/root/LAMP/ruby/install/ruby-2.5.1/lib/ruby/gems/2.5.0/gems/mercenary-0.3.6/lib/mercenary/command.rb:220:in `each'
	/root/LAMP/ruby/install/ruby-2.5.1/lib/ruby/gems/2.5.0/gems/mercenary-0.3.6/lib/mercenary/command.rb:220:in `execute'
	/root/LAMP/ruby/install/ruby-2.5.1/lib/ruby/gems/2.5.0/gems/mercenary-0.3.6/lib/mercenary/program.rb:42:in `go'
	/root/LAMP/ruby/install/ruby-2.5.1/lib/ruby/gems/2.5.0/gems/mercenary-0.3.6/lib/mercenary.rb:19:in `program'
	/root/LAMP/ruby/install/ruby-2.5.1/lib/ruby/gems/2.5.0/gems/jekyll-3.8.3/exe/jekyll:15:in `<top (required)>'
	/root/LAMP/ruby/install/ruby-2.5.1/bin/jekyll:23:in `load'
	/root/LAMP/ruby/install/ruby-2.5.1/bin/jekyll:23:in `<top (required)>'
	/root/LAMP/ruby/install/ruby-2.5.1/lib/ruby/gems/2.5.0/gems/bundler-1.16.3/lib/bundler/cli/exec.rb:74:in `load'
	/root/LAMP/ruby/install/ruby-2.5.1/lib/ruby/gems/2.5.0/gems/bundler-1.16.3/lib/bundler/cli/exec.rb:74:in `kernel_load'
	/root/LAMP/ruby/install/ruby-2.5.1/lib/ruby/gems/2.5.0/gems/bundler-1.16.3/lib/bundler/cli/exec.rb:28:in `run'
	/root/LAMP/ruby/install/ruby-2.5.1/lib/ruby/gems/2.5.0/gems/bundler-1.16.3/lib/bundler/cli.rb:424:in `exec'
	/root/LAMP/ruby/install/ruby-2.5.1/lib/ruby/gems/2.5.0/gems/bundler-1.16.3/lib/bundler/vendor/thor/lib/thor/command.rb:27:in `run'
	/root/LAMP/ruby/install/ruby-2.5.1/lib/ruby/gems/2.5.0/gems/bundler-1.16.3/lib/bundler/vendor/thor/lib/thor/invocation.rb:126:in `invoke_command'
	/root/LAMP/ruby/install/ruby-2.5.1/lib/ruby/gems/2.5.0/gems/bundler-1.16.3/lib/bundler/vendor/thor/lib/thor.rb:387:in `dispatch'
	/root/LAMP/ruby/install/ruby-2.5.1/lib/ruby/gems/2.5.0/gems/bundler-1.16.3/lib/bundler/cli.rb:27:in `dispatch'
	/root/LAMP/ruby/install/ruby-2.5.1/lib/ruby/gems/2.5.0/gems/bundler-1.16.3/lib/bundler/vendor/thor/lib/thor/base.rb:466:in `start'
	/root/LAMP/ruby/install/ruby-2.5.1/lib/ruby/gems/2.5.0/gems/bundler-1.16.3/lib/bundler/cli.rb:18:in `start'
	/root/LAMP/ruby/install/ruby-2.5.1/lib/ruby/gems/2.5.0/gems/bundler-1.16.3/exe/bundle:30:in `block in <top (required)>'
	/root/LAMP/ruby/install/ruby-2.5.1/lib/ruby/gems/2.5.0/gems/bundler-1.16.3/lib/bundler/friendly_errors.rb:124:in `with_friendly_errors'
	/root/LAMP/ruby/install/ruby-2.5.1/lib/ruby/gems/2.5.0/gems/bundler-1.16.3/exe/bundle:22:in `<top (required)>'
	/root/LAMP/ruby/install/ruby-2.5.1/bin/bundle:23:in `load'
	/root/LAMP/ruby/install/ruby-2.5.1/bin/bundle:23:in `<main>'
Configuration file: /root/LAMP/my-jekyll-project/_config.yml
            Source: /root/LAMP/my-jekyll-project
       Destination: /root/LAMP/my-jekyll-project/_site
 Incremental build: disabled. Enable with --incremental
      Generating... 
                    done in 1.101 seconds.
 Auto-regeneration: disabled when running server detached.
    Server address: http://104.131.173.242:8080/
Server detached with pid '32189'. Run `pkill -f jekyll' or `kill -9 32189' to stop the server.
[2018-08-02 00:08:09] ERROR Errno::ECONNRESET: Connection reset by peer @ io_fillbuf - fd:13 
	/root/LAMP/ruby/install/ruby-2.5.1/lib/ruby/2.5.0/webrick/httpserver.rb:82:in `eof?'
	/root/LAMP/ruby/install/ruby-2.5.1/lib/ruby/2.5.0/webrick/httpserver.rb:82:in `run'
	/root/LAMP/ruby/install/ruby-2.5.1/lib/ruby/2.5.0/webrick/server.rb:307:in `block in start_thread'
[2018-08-02 00:08:09] ERROR Errno::ECONNRESET: Connection reset by peer @ io_fillbuf - fd:12 
	/root/LAMP/ruby/install/ruby-2.5.1/lib/ruby/2.5.0/webrick/httpserver.rb:82:in `eof?'
	/root/LAMP/ruby/install/ruby-2.5.1/lib/ruby/2.5.0/webrick/httpserver.rb:82:in `run'
	/root/LAMP/ruby/install/ruby-2.5.1/lib/ruby/2.5.0/webrick/server.rb:307:in `block in start_thread'
[2018-08-02 00:08:46] ERROR Errno::ECONNRESET: Connection reset by peer @ io_fillbuf - fd:10 
	/root/LAMP/ruby/install/ruby-2.5.1/lib/ruby/2.5.0/webrick/httpserver.rb:82:in `eof?'
	/root/LAMP/ruby/install/ruby-2.5.1/lib/ruby/2.5.0/webrick/httpserver.rb:82:in `run'
	/root/LAMP/ruby/install/ruby-2.5.1/lib/ruby/2.5.0/webrick/server.rb:307:in `block in start_thread'
[2018-08-02 00:51:09] ERROR Errno::ECONNRESET: Connection reset by peer @ io_fillbuf - fd:10 
	/root/LAMP/ruby/install/ruby-2.5.1/lib/ruby/2.5.0/webrick/httpserver.rb:82:in `eof?'
	/root/LAMP/ruby/install/ruby-2.5.1/lib/ruby/2.5.0/webrick/httpserver.rb:82:in `run'
	/root/LAMP/ruby/install/ruby-2.5.1/lib/ruby/2.5.0/webrick/server.rb:307:in `block in start_thread'
[2018-08-02 00:57:56] ERROR `/check_proxy' not found.
[2018-08-02 04:54:33] ERROR bad Request-Line `\x04\x01\x00PqR\x00'.
[2018-08-02 05:10:10] ERROR bad Request-Line `\x05\x02\x00\x02'.
[2018-08-02 06:53:50] ERROR `/index.do' not found.
[2018-08-02 06:53:50] ERROR `/index.action' not found.
[2018-08-02 06:53:50] ERROR `/index.jsp' not found.
[2018-08-02 06:53:50] ERROR `/login.do' not found.
[2018-08-02 06:53:51] ERROR `/login.action' not found.
[2018-08-02 06:53:51] ERROR `/login.jsp' not found.
[2018-08-02 06:53:51] ERROR `/main.jsp' not found.
[2018-08-02 06:53:51] ERROR `/default.jsp' not found.
[2018-08-02 06:53:52] ERROR `/register.jsp' not found.
[2018-08-02 06:53:52] ERROR `/login/login.jsp' not found.
[2018-08-02 06:53:52] ERROR `/login/indexAction.action' not found.
[2018-08-02 06:53:52] ERROR `/indexAction.action' not found.
[2018-08-02 08:36:04] ERROR `/favicon.ico' not found.
[2018-08-02 08:46:09] ERROR `/manager/html' not found.
[2018-08-02 10:16:33] ERROR Errno::ECONNRESET: Connection reset by peer @ io_fillbuf - fd:10 
	/root/LAMP/ruby/install/ruby-2.5.1/lib/ruby/2.5.0/webrick/httpserver.rb:82:in `eof?'
	/root/LAMP/ruby/install/ruby-2.5.1/lib/ruby/2.5.0/webrick/httpserver.rb:82:in `run'
	/root/LAMP/ruby/install/ruby-2.5.1/lib/ruby/2.5.0/webrick/server.rb:307:in `block in start_thread'
[2018-08-02 13:55:32] ERROR `/manager/html' not found.
[2018-08-02 15:24:59] ERROR `/zabbix/index.php' not found.
[2018-08-02 19:21:24] ERROR `/HNAP1/' not found.
[2018-08-02 20:21:26] ERROR `/manager/html' not found.
[2018-08-02 20:38:57] ERROR `/manager/html' not found.
[2018-08-02 22:21:30] ERROR `/manager/html' not found.
[2018-08-03 02:48:32] ERROR `/manager/html' not found.
[2018-08-03 07:41:34] ERROR `/cgi/webcgi' not found.
[2018-08-03 07:41:34] ERROR bad URI `e\x06\x13#/k@\x00\x00<,'.
[2018-08-03 09:08:44] ERROR `/manager/html' not found.
[2018-08-03 15:13:49] ERROR bad Request-Line `\x16\x03\x03\x00\x01\x00\x00\x03\x03[d\x00r\ek\x1C9i%\x12e^/\x16>\x00\x004(\x00\x00\x00\x00+#'\x14\x13\x00=\x00<\x005\x00/,$'.
[2018-08-03 15:40:48] ERROR `/manager/html' not found.
[2018-08-04 05:16:39] ERROR bad URI `mstshash=Administr'.
[2018-08-04 15:21:26] ERROR NoMethodError: undefined method `bytesize' for nil:NilClass
	/root/LAMP/ruby/install/ruby-2.5.1/lib/ruby/2.5.0/webrick/httprequest.rb:422:in `read_request_line'
	/root/LAMP/ruby/install/ruby-2.5.1/lib/ruby/2.5.0/webrick/httprequest.rb:201:in `parse'
	/root/LAMP/ruby/install/ruby-2.5.1/lib/ruby/2.5.0/webrick/httpserver.rb:83:in `run'
	/root/LAMP/ruby/install/ruby-2.5.1/lib/ruby/2.5.0/webrick/server.rb:307:in `block in start_thread'
[2018-08-04 17:30:52] ERROR bad Request-Line `\x16\x03\x01\x00H\x01\x00\x00D\x03\x01[erM\x16\f\x15^[$\x01u|\rY\x02\x0F\x19\x00\x00\x16\x00\x04\x00\x05\x00'.
[2018-08-04 17:30:52] ERROR bad Request-Line `\x16\x03\x01\x00H\x01\x00\x00D\x03\x01[erM-ntp\t\x04.\fu[\\25\x00\x00\x16\x00\x04\x00\x05\x00'.
[2018-08-05 00:43:30] ERROR bad URI `mstshash=Administr'.
[2018-08-05 02:00:40] ERROR `/manager/html' not found.
[2018-08-05 03:17:16] ERROR bad Request-Line `\x16\x03\x01\x01"\x01\x00\x01\x1E\x03\x03\x00,Ro'.
[2018-08-05 03:17:20] ERROR Errno::ECONNRESET: Connection reset by peer @ io_fillbuf - fd:10 
	/root/LAMP/ruby/install/ruby-2.5.1/lib/ruby/2.5.0/webrick/httpserver.rb:82:in `eof?'
	/root/LAMP/ruby/install/ruby-2.5.1/lib/ruby/2.5.0/webrick/httpserver.rb:82:in `run'
	/root/LAMP/ruby/install/ruby-2.5.1/lib/ruby/2.5.0/webrick/server.rb:307:in `block in start_thread'
[2018-08-05 03:17:24] ERROR Errno::ECONNRESET: Connection reset by peer @ io_fillbuf - fd:10 
	/root/LAMP/ruby/install/ruby-2.5.1/lib/ruby/2.5.0/webrick/httpserver.rb:82:in `eof?'
	/root/LAMP/ruby/install/ruby-2.5.1/lib/ruby/2.5.0/webrick/httpserver.rb:82:in `run'
	/root/LAMP/ruby/install/ruby-2.5.1/lib/ruby/2.5.0/webrick/server.rb:307:in `block in start_thread'
[2018-08-05 03:32:56] ERROR bad URI `mstshash=Administr'.
[2018-08-05 03:47:35] ERROR bad URI `mstshash=Administr'.
[2018-08-05 07:03:00] ERROR `/manager/html' not found.
[2018-08-05 14:10:45] ERROR `/manager/html' not found.
[2018-08-05 19:59:03] ERROR bad URI `mstshash=Administr'.
[2018-08-06 04:36:34] ERROR `/index.do' not found.
[2018-08-06 04:36:35] ERROR `/index.action' not found.
[2018-08-06 04:36:44] ERROR `/index.jsp' not found.
[2018-08-06 04:36:49] ERROR `/login.do' not found.
[2018-08-06 04:36:50] ERROR `/login.action' not found.
[2018-08-06 04:36:50] ERROR `/login.jsp' not found.
[2018-08-06 04:36:56] ERROR `/main.jsp' not found.
[2018-08-06 04:36:56] ERROR `/default.jsp' not found.
[2018-08-06 04:36:57] ERROR `/register.jsp' not found.
[2018-08-06 04:36:57] ERROR `/login/login.jsp' not found.
[2018-08-06 04:36:58] ERROR `/login/indexAction.action' not found.
[2018-08-06 04:36:59] ERROR `/indexAction.action' not found.
[2018-08-06 05:07:13] ERROR `/GponForm/diag_Form' not found.
[2018-08-06 16:04:54] ERROR bad URI `mstshash=Administr'.
[2018-08-06 16:25:31] ERROR Errno::ECONNRESET: Connection reset by peer @ io_fillbuf - fd:10 
	/root/LAMP/ruby/install/ruby-2.5.1/lib/ruby/2.5.0/webrick/httpserver.rb:82:in `eof?'
	/root/LAMP/ruby/install/ruby-2.5.1/lib/ruby/2.5.0/webrick/httpserver.rb:82:in `run'
	/root/LAMP/ruby/install/ruby-2.5.1/lib/ruby/2.5.0/webrick/server.rb:307:in `block in start_thread'
[2018-08-06 16:25:49] ERROR Errno::ECONNRESET: Connection reset by peer @ io_fillbuf - fd:11 
	/root/LAMP/ruby/install/ruby-2.5.1/lib/ruby/2.5.0/webrick/httpserver.rb:82:in `eof?'
	/root/LAMP/ruby/install/ruby-2.5.1/lib/ruby/2.5.0/webrick/httpserver.rb:82:in `run'
	/root/LAMP/ruby/install/ruby-2.5.1/lib/ruby/2.5.0/webrick/server.rb:307:in `block in start_thread'
[2018-08-06 17:04:58] ERROR `/manager/html' not found.
[2018-08-06 17:09:03] ERROR unsupported method `PUT'.
[2018-08-06 17:09:04] ERROR `/manager/html' not found.
[2018-08-07 04:02:20] ERROR `/manager/html' not found.
[2018-08-07 11:00:07] ERROR `/HNAP1/' not found.
[2018-08-07 17:08:49] ERROR `/manager/html' not found.
[2018-08-07 17:58:52] ERROR `/manager/html' not found.
[2018-08-08 00:24:04] ERROR unsupported method `PUT'.
[2018-08-08 00:24:04] ERROR `/manager/html' not found.
[2018-08-08 19:07:56] ERROR `/manager/html' not found.
[2018-08-09 15:19:01] ERROR bad URI `mstshash=hello'.
[2018-08-09 15:36:12] ERROR `/cgi-bin/php' not found.
[2018-08-09 18:50:41] ERROR `/manager/html' not found.
[2018-08-09 22:43:04] ERROR bad URI `mstshash=Administr'.
[2018-08-09 23:26:56] ERROR `/HNAP1/' not found.
[2018-08-10 03:11:11] ERROR `/manager/html' not found.
[2018-08-10 04:18:46] ERROR `/drupal/' not found.
[2018-08-10 04:18:46] ERROR `/cms/' not found.
[2018-08-10 04:18:46] ERROR `/status' not found.
[2018-08-10 04:18:46] ERROR `/script' not found.
[2018-08-10 04:18:47] ERROR `/jenkins/script' not found.
[2018-08-10 04:18:47] ERROR `/login' not found.
[2018-08-10 04:18:47] ERROR `/jmx-console' not found.
[2018-08-10 04:18:47] ERROR `/manager/html' not found.
[2018-08-10 04:18:47] ERROR `/administrator' not found.
[2018-08-10 04:18:47] ERROR `/joomla/administrator' not found.
[2018-08-10 04:18:47] ERROR `/cms/administrator' not found.
[2018-08-10 04:18:47] ERROR `/Joomla/administrator' not found.
[2018-08-10 04:18:47] ERROR `/msd' not found.
[2018-08-10 04:18:47] ERROR `/mySqlDumper' not found.
[2018-08-10 04:18:47] ERROR `/msd1.24stable' not found.
[2018-08-10 04:18:48] ERROR `/msd1.24.4' not found.
[2018-08-10 04:18:48] ERROR `/mysqldumper' not found.
[2018-08-10 04:18:48] ERROR `/MySQLDumper' not found.
[2018-08-10 04:18:48] ERROR `/mysql' not found.
[2018-08-10 04:18:48] ERROR `/sql' not found.
[2018-08-10 04:18:48] ERROR `/cgi-bin/php' not found.
[2018-08-10 04:18:48] ERROR `/cgi-bin/php5' not found.
[2018-08-10 04:18:48] ERROR `/phpmyadmin' not found.
[2018-08-10 04:18:48] ERROR `/phpMyAdmin' not found.
[2018-08-10 04:18:48] ERROR `/mysql' not found.
[2018-08-10 04:18:49] ERROR `/sql' not found.
[2018-08-10 04:18:49] ERROR `/myadmin' not found.
[2018-08-10 04:18:49] ERROR `/phpMyAdmin-4.2.1-all-languages' not found.
[2018-08-10 04:18:49] ERROR `/phpMyAdmin-4.2.1-english' not found.
[2018-08-10 04:18:49] ERROR `/xampp/phpmyadmin' not found.
[2018-08-10 04:18:49] ERROR `/typo3/phpmyadmin' not found.
[2018-08-10 04:18:49] ERROR `/webadmin' not found.
[2018-08-10 04:18:49] ERROR `/sqlite/main.php' not found.
[2018-08-10 04:18:49] ERROR `/SQLite/SQLiteManager-1.2.4/main.php' not found.
[2018-08-10 04:18:50] ERROR `/SQLiteManager-1.2.4/main.php' not found.
[2018-08-10 04:18:50] ERROR `/sqlitemanager/main.php' not found.
[2018-08-10 04:18:50] ERROR `/SQlite/main.php' not found.
[2018-08-10 04:18:50] ERROR `/SQLiteManager/main.php' not found.
[2018-08-10 04:18:50] ERROR `/webdav' not found.
[2018-08-10 04:18:50] ERROR `/wp-login.php' not found.
[2018-08-10 04:18:50] ERROR `/wordpress/wp-login.php' not found.
[2018-08-10 04:18:50] ERROR `/wp/wp-login.php' not found.
[2018-08-10 04:18:50] ERROR `/blog/wp-login.php' not found.
[2018-08-10 04:18:50] ERROR `/Wordpress/wp-login.php' not found.
[2018-08-10 04:18:51] ERROR `/Blog/wp-login.php' not found.
[2018-08-10 07:33:53] ERROR `/robots.txt' not found.
[2018-08-10 11:47:00] ERROR `/manager/html' not found.
[2018-08-10 13:21:49] ERROR bad Request-Line `\x05\x01\x00'.
[2018-08-10 13:21:58] ERROR bad Request-Line `\x05\x01\x00'.
[2018-08-10 13:22:07] ERROR bad Request-Line `\x05\x01\x00'.
[2018-08-10 13:23:19] ERROR bad Request-Line `\x04\x01\x00P\x05\f\x00'.
[2018-08-10 13:23:27] ERROR bad Request-Line `\x04\x01\x00P\x05\f\x00'.
[2018-08-10 13:23:35] ERROR bad Request-Line `\x04\x01\x00P\x05\f\x00'.
[2018-08-10 13:25:50] ERROR `/echo.php' not found.
[2018-08-10 16:43:44] ERROR `/zabbix/index.php' not found.
[2018-08-10 17:18:26] ERROR bad URI `mstshash=Administr'.
[2018-08-10 19:54:16] ERROR `/robots.txt' not found.
[2018-08-10 20:36:45] ERROR `/manager/html' not found.
[2018-08-10 20:46:00] ERROR Errno::ECONNRESET: Connection reset by peer @ io_fillbuf - fd:10 
	/root/LAMP/ruby/install/ruby-2.5.1/lib/ruby/2.5.0/webrick/httpserver.rb:82:in `eof?'
	/root/LAMP/ruby/install/ruby-2.5.1/lib/ruby/2.5.0/webrick/httpserver.rb:82:in `run'
	/root/LAMP/ruby/install/ruby-2.5.1/lib/ruby/2.5.0/webrick/server.rb:307:in `block in start_thread'
[2018-08-10 22:11:48] ERROR `/1.1' not found.
[2018-08-10 22:11:48] ERROR `/phpmyadmin/scripts/setup.php' not found.
[2018-08-10 22:11:48] ERROR `/phpMyAdmin/scripts/setup.php' not found.
[2018-08-10 22:11:48] ERROR `/myadmin/scripts/setup.php' not found.
[2018-08-10 22:11:49] ERROR `/myAdmin/scripts/setup.php' not found.
[2018-08-10 22:11:49] ERROR `/mysqladmin/scripts/setup.php' not found.
[2018-08-10 22:11:49] ERROR `/MyAdmin/scripts/setup.php' not found.
[2018-08-10 22:11:49] ERROR `/mysql/scripts/setup.php' not found.
[2018-08-10 22:11:49] ERROR `/scripts/setup.php' not found.
[2018-08-10 22:11:49] ERROR `/pma/scripts/setup.php' not found.
[2018-08-10 22:11:50] ERROR `/apache-default/phpmyadmin/scripts/setup.php' not found.
[2018-08-10 22:11:50] ERROR `/db/scripts/setup.php' not found.
[2018-08-10 22:11:50] ERROR `/dbadmin/scripts/setup.php' not found.
[2018-08-10 22:48:47] ERROR `/manager/html' not found.
[2018-08-11 01:33:55] ERROR `/favicon.ico' not found.
[2018-08-11 11:45:47] ERROR `/robots.txt' not found.
[2018-08-11 12:05:23] ERROR `/favicon.ico' not found.
[2018-08-11 13:28:27] ERROR `/favicon.ico' not found.
[2018-08-11 16:45:55] ERROR `/manager/html' not found.
[2018-08-11 18:30:21] ERROR `/manager/html' not found.
[2018-08-12 01:23:38] ERROR `/robots.txt' not found.
[2018-08-12 05:26:00] ERROR `/jmx-console/HtmlAdaptor' not found.
[2018-08-12 09:46:57] ERROR bad Request-Line `\x16\x03\x03\x00\x01\x00\x00\x03\x03[o\edYD\x12Wy\x16\x05TL\x01\x06f\x00\x008('\x14\x13\x00\x00\x009\x003\x00\x00\x00=\x00<\x005\x00/,+$#'.
[2018-08-12 14:59:50] ERROR bad Request-Line `\x04\x01\x00P\x05\f\x00'.
[2018-08-12 14:59:58] ERROR bad Request-Line `\x04\x01\x00P\x05\f\x00'.
[2018-08-12 15:00:08] ERROR bad Request-Line `\x04\x01\x00P\x05\f\x00'.
[2018-08-12 15:00:53] ERROR `/echo.php' not found.
